[1767976649942] INFO  (ext): SQLTools is starting
[1767976649950] INFO  (ext): initializing language client...
[1767976650026] INFO  (ext): Registering client for languages [{"scheme":"sqltools"},{"language":"sql","scheme":"untitled"},{"language":"sql","scheme":"file"},{"language":"sql","scheme":"sqltools"}]
    ns: "lc"
[1767976650031] INFO  (ext): loading plugins...
[1767976650031] INFO  (ext): registering Formatter Plugin.
    plugin: {
      "name": "Formatter Plugin"
    }
[1767976650031] INFO  (ext): registering Connection Manager Plugin.
    plugin: {
      "name": "Connection Manager Plugin"
    }
[1767976650032] INFO  (ext): registering CodeLens Plugin.
    plugin: {
      "name": "CodeLens Plugin",
      "registeredLanguages": []
    }
[1767976650033] INFO  (ext): registering Dependency Manager Plugin.
    plugin: {
      "name": "Dependency Manager Plugin",
      "installingDrivers": []
    }
[1767976650033] INFO  (ext): Connection explorer changed. Will be updated.
    ns: "conn-man:explorer"
[1767976650034] INFO  (ext): registering History Manager Plugin.
    plugin: {
      "name": "History Manager Plugin"
    }
[1767976650034] INFO  (ext): registering Bookmarks Manager Plugin.
    plugin: {
      "name": "Bookmarks Manager Plugin"
    }
[1767976650034] INFO  (ext): registering Authentication Provider Plugin.
    plugin: {
      "name": "Authentication Provider Plugin",
      "isRegistered": false
    }
[1767976650035] INFO  (ext): registering Object Drop-in Provider (plugin).
    plugin: {
      "type": "plugin",
      "name": "Object Drop-in Provider",
      "isRegistered": false
    }
[1767976650035] INFO  (ext): SQLTools activation completed. 92.770963 ms
[1767976650040] INFO  (ext): Formatter Plugin registered!
[1767976650040] INFO  (ext): CodeLens Plugin registered!
[1767976650040] INFO  (ext): Dependency Manager Plugin registered!
[1767976650040] INFO  (ext): Connection Manager Plugin registered!
[1767976650040] INFO  (ext): History Manager Plugin registered!
[1767976650040] INFO  (ext): Bookmarks Manager Plugin registered!
[1767976650040] INFO  (ext): Authentication Provider Plugin registered!
[1767976650040] INFO  (ext): Object Drop-in Provider (plugin) registered!
[1767976651262] INFO  (ext): EXECUTING COMMAND => sqltools.refreshTree
[1767976651262] INFO  (ext): Connection explorer changed. Will be updated.
    ns: "conn-man:explorer"
[1767976651396] INFO  (ls): SQLTools Server started!
===============================
Using node runtime?: yes
ExecPath: /opt/nodejs/node-v22.19.0-linux-x64/bin/node v22.19.0
===============================
[1767976651399] INFO  (ls): User defined env vars
===============================
{"PATH":"/usr/local/sbin:/usr/local/bin:/usr/sbin:/usr/bin:/sbin:/bin:/home/user/.node_modules_global/bin"}
===============================:
[1767976651414] INFO  (ext): LanguageClient ready
    ns: "lc"
[1767976651412] INFO  (ls): Initialized with node version:v22.19.0
[1767976652037] INFO  (ext): Connection explorer changed. Will be updated.
    ns: "conn-man:explorer"
[1767976652503] INFO  (ext): registering SQLite Plugin (driver).
    plugin: {
      "extensionId": "mtxr.sqltools-driver-sqlite",
      "name": "SQLite Plugin",
      "type": "driver"
    }
[1767976656164] INFO  (ext): EXECUTING COMMAND => sqltools.refreshTree
[1767976656164] INFO  (ext): Connection explorer changed. Will be updated.
    ns: "conn-man:explorer"
[1767976652504] INFO  (ls): REQUEST RECEIVED => ls/RegisterPlugin
[1767976652504] INFO  (ls): request to register plugin: "/extbin/local/openvscode-server/extensions/mtxr.sqltools-driver-sqlite-0.5.0/out/ls/plugin.js"
[1767976652527] INFO  (ls): Driver sqlite registered!
    place: "driver-map"
    ns: "ls-context"
[1767976656199] INFO  (ext): SQLite Plugin (driver) registered!
[1767976657199] INFO  (ext): EXECUTING COMMAND => sqltools.refreshTree
[1767976657199] INFO  (ext): Connection explorer changed. Will be updated.
    ns: "conn-man:explorer"
[1767976662577] INFO  (ext): Connection explorer changed. Will be updated.
    ns: "conn-man:explorer"
[1767976674984] INFO  (ext): Connection explorer changed. Will be updated.
    ns: "conn-man:explorer"
[1767976820150] INFO  (ext): Connection explorer changed. Will be updated.
    ns: "conn-man:explorer"
[1767976823487] INFO  (ext): Connection explorer changed. Will be updated.
    ns: "conn-man:explorer"
