[1768460165834] INFO  (ext): SQLTools is starting
[1768460165838] INFO  (ext): initializing language client...
[1768460165927] INFO  (ext): Registering client for languages [{"scheme":"sqltools"},{"language":"sql","scheme":"untitled"},{"language":"sql","scheme":"file"},{"language":"sql","scheme":"sqltools"}]
    ns: "lc"
[1768460165962] INFO  (ext): loading plugins...
[1768460165962] INFO  (ext): registering Formatter Plugin.
    plugin: {
      "name": "Formatter Plugin"
    }
[1768460165962] INFO  (ext): registering Connection Manager Plugin.
    plugin: {
      "name": "Connection Manager Plugin"
    }
[1768460165963] INFO  (ext): registering CodeLens Plugin.
    plugin: {
      "name": "CodeLens Plugin",
      "registeredLanguages": []
    }
[1768460165963] INFO  (ext): registering Dependency Manager Plugin.
    plugin: {
      "name": "Dependency Manager Plugin",
      "installingDrivers": []
    }
[1768460165965] INFO  (ext): Connection explorer changed. Will be updated.
    ns: "conn-man:explorer"
[1768460165965] INFO  (ext): registering History Manager Plugin.
    plugin: {
      "name": "History Manager Plugin"
    }
[1768460165965] INFO  (ext): registering Bookmarks Manager Plugin.
    plugin: {
      "name": "Bookmarks Manager Plugin"
    }
[1768460165966] INFO  (ext): registering Authentication Provider Plugin.
    plugin: {
      "name": "Authentication Provider Plugin",
      "isRegistered": false
    }
[1768460165966] INFO  (ext): registering Object Drop-in Provider (plugin).
    plugin: {
      "type": "plugin",
      "name": "Object Drop-in Provider",
      "isRegistered": false
    }
[1768460165966] INFO  (ext): SQLTools activation completed. 132.176614 ms
[1768460165974] INFO  (ext): Formatter Plugin registered!
[1768460165974] INFO  (ext): CodeLens Plugin registered!
[1768460165974] INFO  (ext): Dependency Manager Plugin registered!
[1768460165974] INFO  (ext): Connection Manager Plugin registered!
[1768460165974] INFO  (ext): History Manager Plugin registered!
[1768460165974] INFO  (ext): Bookmarks Manager Plugin registered!
[1768460165974] INFO  (ext): Authentication Provider Plugin registered!
[1768460165974] INFO  (ext): Object Drop-in Provider (plugin) registered!
[1768460168081] INFO  (ext): EXECUTING COMMAND => sqltools.refreshTree
[1768460168081] INFO  (ext): Connection explorer changed. Will be updated.
    ns: "conn-man:explorer"
[1768460168082] INFO  (ext): Connection explorer changed. Will be updated.
    ns: "conn-man:explorer"
[1768460168313] INFO  (ls): SQLTools Server started!
===============================
Using node runtime?: yes
ExecPath: /opt/nodejs/node-v22.19.0-linux-x64/bin/node v22.19.0
===============================
[1768460168316] INFO  (ls): User defined env vars
===============================
{"PATH":"/usr/local/sbin:/usr/local/bin:/usr/sbin:/usr/bin:/sbin:/bin:/home/user/.node_modules_global/bin"}
===============================:
[1768460168338] INFO  (ext): LanguageClient ready
    ns: "lc"
[1768460168336] INFO  (ls): Initialized with node version:v22.19.0
[1768460169346] INFO  (ext): registering SQLite Plugin (driver).
    plugin: {
      "extensionId": "mtxr.sqltools-driver-sqlite",
      "name": "SQLite Plugin",
      "type": "driver"
    }
[1768460172403] INFO  (ext): EXECUTING COMMAND => sqltools.refreshTree
[1768460172403] INFO  (ext): Connection explorer changed. Will be updated.
    ns: "conn-man:explorer"
[1768460169346] INFO  (ls): REQUEST RECEIVED => ls/RegisterPlugin
[1768460169347] INFO  (ls): request to register plugin: "/extbin/local/openvscode-server/extensions/mtxr.sqltools-driver-sqlite-0.5.0/out/ls/plugin.js"
[1768460169368] INFO  (ls): Driver sqlite registered!
    place: "driver-map"
    ns: "ls-context"
[1768460172419] INFO  (ext): SQLite Plugin (driver) registered!
[1768460173419] INFO  (ext): EXECUTING COMMAND => sqltools.refreshTree
[1768460173419] INFO  (ext): Connection explorer changed. Will be updated.
    ns: "conn-man:explorer"
[1768460173575] INFO  (ext): Connection explorer changed. Will be updated.
    ns: "conn-man:explorer"
[1768460175270] INFO  (ext): Connection explorer changed. Will be updated.
    ns: "conn-man:explorer"
[1768460187724] INFO  (ext): Connection explorer changed. Will be updated.
    ns: "conn-man:explorer"
[1768460450025] INFO  (ext): Connection explorer changed. Will be updated.
    ns: "conn-man:explorer"
[1768460543497] INFO  (ext): Connection explorer changed. Will be updated.
    ns: "conn-man:explorer"
