[1767762785537] INFO  (ext): SQLTools is starting
[1767762785538] INFO  (ext): initializing language client...
[1767762785608] INFO  (ext): Registering client for languages [{"scheme":"sqltools"},{"language":"sql","scheme":"untitled"},{"language":"sql","scheme":"file"},{"language":"sql","scheme":"sqltools"}]
    ns: "lc"
[1767762785614] INFO  (ext): loading plugins...
[1767762785614] INFO  (ext): registering Formatter Plugin.
    plugin: {
      "name": "Formatter Plugin"
    }
[1767762785614] INFO  (ext): registering Connection Manager Plugin.
    plugin: {
      "name": "Connection Manager Plugin"
    }
[1767762785614] INFO  (ext): registering CodeLens Plugin.
    plugin: {
      "name": "CodeLens Plugin",
      "registeredLanguages": []
    }
[1767762785615] INFO  (ext): registering Dependency Manager Plugin.
    plugin: {
      "name": "Dependency Manager Plugin",
      "installingDrivers": []
    }
[1767762785616] INFO  (ext): Connection explorer changed. Will be updated.
    ns: "conn-man:explorer"
[1767762785616] INFO  (ext): registering History Manager Plugin.
    plugin: {
      "name": "History Manager Plugin"
    }
[1767762785617] INFO  (ext): registering Bookmarks Manager Plugin.
    plugin: {
      "name": "Bookmarks Manager Plugin"
    }
[1767762785617] INFO  (ext): registering Authentication Provider Plugin.
    plugin: {
      "name": "Authentication Provider Plugin",
      "isRegistered": false
    }
[1767762785617] INFO  (ext): registering Object Drop-in Provider (plugin).
    plugin: {
      "type": "plugin",
      "name": "Object Drop-in Provider",
      "isRegistered": false
    }
[1767762785618] INFO  (ext): SQLTools activation completed. 81.217639 ms
[1767762785621] INFO  (ext): Formatter Plugin registered!
[1767762785621] INFO  (ext): CodeLens Plugin registered!
[1767762785621] INFO  (ext): Dependency Manager Plugin registered!
[1767762785621] INFO  (ext): Connection Manager Plugin registered!
[1767762785621] INFO  (ext): History Manager Plugin registered!
[1767762785621] INFO  (ext): Bookmarks Manager Plugin registered!
[1767762785622] INFO  (ext): Authentication Provider Plugin registered!
[1767762785622] INFO  (ext): Object Drop-in Provider (plugin) registered!
[1767762786772] INFO  (ext): EXECUTING COMMAND => sqltools.refreshTree
[1767762786772] INFO  (ext): Connection explorer changed. Will be updated.
    ns: "conn-man:explorer"
[1767762786888] INFO  (ls): SQLTools Server started!
===============================
Using node runtime?: yes
ExecPath: /opt/nodejs/node-v22.19.0-linux-x64/bin/node v22.19.0
===============================
[1767762786890] INFO  (ls): User defined env vars
===============================
{"PATH":"/usr/local/sbin:/usr/local/bin:/usr/sbin:/usr/bin:/sbin:/bin:/home/user/.node_modules_global/bin"}
===============================:
[1767762786912] INFO  (ext): LanguageClient ready
    ns: "lc"
[1767762786910] INFO  (ls): Initialized with node version:v22.19.0
[1767762787654] INFO  (ext): Connection explorer changed. Will be updated.
    ns: "conn-man:explorer"
[1767762787870] INFO  (ext): registering SQLite Plugin (driver).
    plugin: {
      "extensionId": "mtxr.sqltools-driver-sqlite",
      "name": "SQLite Plugin",
      "type": "driver"
    }
[1767762787871] INFO  (ls): REQUEST RECEIVED => ls/RegisterPlugin
[1767762787871] INFO  (ls): request to register plugin: "/extbin/local/openvscode-server/extensions/mtxr.sqltools-driver-sqlite-0.5.0/out/ls/plugin.js"
[1767762787893] INFO  (ls): Driver sqlite registered!
    place: "driver-map"
    ns: "ls-context"
[1767762789203] INFO  (ext): SQLite Plugin (driver) registered!
[1767762790232] INFO  (ext): EXECUTING COMMAND => sqltools.refreshTree
[1767762790232] INFO  (ext): Connection explorer changed. Will be updated.
    ns: "conn-man:explorer"
[1767762790580] INFO  (ext): Connection explorer changed. Will be updated.
    ns: "conn-man:explorer"
[1767762805579] INFO  (ext): Connection explorer changed. Will be updated.
    ns: "conn-man:explorer"
[1767762805708] INFO  (ext): Connection explorer changed. Will be updated.
    ns: "conn-man:explorer"
[1767762810604] INFO  (ext): Connection explorer changed. Will be updated.
    ns: "conn-man:explorer"
[1767763597085] INFO  (ext): Connection explorer changed. Will be updated.
    ns: "conn-man:explorer"
[1767763938304] INFO  (ext): Connection explorer changed. Will be updated.
    ns: "conn-man:explorer"
[1767763939024] INFO  (ext): Connection explorer changed. Will be updated.
    ns: "conn-man:explorer"
[1767763965262] INFO  (ext): Connection explorer changed. Will be updated.
    ns: "conn-man:explorer"
[1767763981792] INFO  (ext): Connection explorer changed. Will be updated.
    ns: "conn-man:explorer"
[1767763982474] INFO  (ext): Connection explorer changed. Will be updated.
    ns: "conn-man:explorer"
[1767764447910] INFO  (ext): Connection explorer changed. Will be updated.
    ns: "conn-man:explorer"
[1767764573163] INFO  (ext): Connection explorer changed. Will be updated.
    ns: "conn-man:explorer"
