[1767762730495] INFO  (ext): SQLTools is starting
[1767762730498] INFO  (ext): initializing language client...
[1767762730570] INFO  (ext): Registering client for languages [{"scheme":"sqltools"},{"language":"sql","scheme":"untitled"},{"language":"sql","scheme":"file"},{"language":"sql","scheme":"sqltools"}]
    ns: "lc"
[1767762730576] INFO  (ext): loading plugins...
[1767762730576] INFO  (ext): registering Formatter Plugin.
    plugin: {
      "name": "Formatter Plugin"
    }
[1767762730576] INFO  (ext): registering Connection Manager Plugin.
    plugin: {
      "name": "Connection Manager Plugin"
    }
[1767762730577] INFO  (ext): registering CodeLens Plugin.
    plugin: {
      "name": "CodeLens Plugin",
      "registeredLanguages": []
    }
[1767762730578] INFO  (ext): registering Dependency Manager Plugin.
    plugin: {
      "name": "Dependency Manager Plugin",
      "installingDrivers": []
    }
[1767762730579] INFO  (ext): Connection explorer changed. Will be updated.
    ns: "conn-man:explorer"
[1767762730579] INFO  (ext): registering History Manager Plugin.
    plugin: {
      "name": "History Manager Plugin"
    }
[1767762730579] INFO  (ext): registering Bookmarks Manager Plugin.
    plugin: {
      "name": "Bookmarks Manager Plugin"
    }
[1767762730581] INFO  (ext): registering Authentication Provider Plugin.
    plugin: {
      "name": "Authentication Provider Plugin",
      "isRegistered": false
    }
[1767762730582] INFO  (ext): registering Object Drop-in Provider (plugin).
    plugin: {
      "type": "plugin",
      "name": "Object Drop-in Provider",
      "isRegistered": false
    }
[1767762730582] INFO  (ext): SQLTools activation completed. 86.785047 ms
[1767762730594] INFO  (ext): Formatter Plugin registered!
[1767762730594] INFO  (ext): CodeLens Plugin registered!
[1767762730594] INFO  (ext): Dependency Manager Plugin registered!
[1767762730595] INFO  (ext): Connection Manager Plugin registered!
[1767762730595] INFO  (ext): History Manager Plugin registered!
[1767762730595] INFO  (ext): Bookmarks Manager Plugin registered!
[1767762730595] INFO  (ext): Authentication Provider Plugin registered!
[1767762730595] INFO  (ext): Object Drop-in Provider (plugin) registered!
[1767762732487] INFO  (ext): EXECUTING COMMAND => sqltools.refreshTree
[1767762732488] INFO  (ext): Connection explorer changed. Will be updated.
    ns: "conn-man:explorer"
[1767762730700] INFO  (ls): SQLTools Server started!
===============================
Using node runtime?: yes
ExecPath: /opt/nodejs/node-v22.19.0-linux-x64/bin/node v22.19.0
===============================
[1767762730703] INFO  (ls): User defined env vars
===============================
{"PATH":"/usr/local/sbin:/usr/local/bin:/usr/sbin:/usr/bin:/sbin:/bin:/home/user/.node_modules_global/bin"}
===============================:
[1767762732494] INFO  (ext): LanguageClient ready
    ns: "lc"
[1767762732495] INFO  (ls): Initialized with node version:v22.19.0
[1767762732579] INFO  (ext): Connection explorer changed. Will be updated.
    ns: "conn-man:explorer"
[1767762733062] INFO  (ext): registering SQLite Plugin (driver).
    plugin: {
      "extensionId": "mtxr.sqltools-driver-sqlite",
      "name": "SQLite Plugin",
      "type": "driver"
    }
[1767762738857] INFO  (ext): EXECUTING COMMAND => sqltools.refreshTree
[1767762738858] INFO  (ext): Connection explorer changed. Will be updated.
    ns: "conn-man:explorer"
[1767762733063] INFO  (ls): REQUEST RECEIVED => ls/RegisterPlugin
[1767762733063] INFO  (ls): request to register plugin: "/extbin/local/openvscode-server/extensions/mtxr.sqltools-driver-sqlite-0.5.0/out/ls/plugin.js"
[1767762733086] INFO  (ls): Driver sqlite registered!
    place: "driver-map"
    ns: "ls-context"
[1767762738864] INFO  (ext): SQLite Plugin (driver) registered!
[1767762744598] INFO  (ext): EXECUTING COMMAND => sqltools.refreshTree
[1767762744599] INFO  (ext): Connection explorer changed. Will be updated.
    ns: "conn-man:explorer"
[1767762750535] INFO  (ext): Connection explorer changed. Will be updated.
    ns: "conn-man:explorer"
