{
  "label": "hana-project-explorer",
  "level": "error",
  "message": "The \"/home/user/projects/Arunima/gen/db\" folder does not exist; cannot create deploy task",
  "time": "2026-01-15T07:21:05.950Z"
}
{
  "label": "hana-project-explorer",
  "level": "error",
  "message": "Could not read content from \"/home/user/projects/Arunima/db/src/.hdiconfig\" path: ENOENT: no such file or directory, open '/home/user/projects/Arunima/db/src/.hdiconfig'",
  "time": "2026-01-15T07:21:39.204Z"
}
{
  "label": "hana-project-explorer",
  "level": "error",
  "message": "Could not read content from \"/home/user/projects/Arunima/db/src/.hdiconfig\" path: ENOENT: no such file or directory, open '/home/user/projects/Arunima/db/src/.hdiconfig'",
  "time": "2026-01-15T07:22:05.512Z"
}
{
  "label": "hana-project-explorer",
  "level": "error",
  "message": "Could not read content from \"/home/user/projects/Arunima/db/src/.hdiconfig\" path: ENOENT: no such file or directory, open '/home/user/projects/Arunima/db/src/.hdiconfig'",
  "time": "2026-01-15T07:22:12.237Z"
}
{
  "label": "hana-project-explorer",
  "level": "error",
  "message": "Could not read content from \"/home/user/projects/Arunima/db/src/.hdiconfig\" path: ENOENT: no such file or directory, open '/home/user/projects/Arunima/db/src/.hdiconfig'",
  "time": "2026-01-15T07:22:17.160Z"
}
{
  "label": "hana-project-explorer",
  "level": "error",
  "message": "Could not read content from \"/home/user/projects/Arunima/db/src/.hdiconfig\" path: ENOENT: no such file or directory, open '/home/user/projects/Arunima/db/src/.hdiconfig'",
  "time": "2026-01-15T07:22:22.111Z"
}
{
  "label": "hana-project-explorer",
  "level": "error",
  "message": "Could not read content from \"/home/user/projects/Arunima/db/src/.hdiconfig\" path: ENOENT: no such file or directory, open '/home/user/projects/Arunima/db/src/.hdiconfig'",
  "time": "2026-01-15T07:22:33.244Z"
}
{
  "label": "hana-project-explorer",
  "level": "error",
  "message": "Could not read content from \"/home/user/projects/Arunima/db/src/.hdiconfig\" path: ENOENT: no such file or directory, open '/home/user/projects/Arunima/db/src/.hdiconfig'",
  "time": "2026-01-15T07:22:40.046Z"
}
{
  "label": "hana-project-explorer",
  "level": "error",
  "message": "Could not read content from \"/home/user/projects/Arunima/db/src/.hdiconfig\" path: ENOENT: no such file or directory, open '/home/user/projects/Arunima/db/src/.hdiconfig'",
  "time": "2026-01-15T07:22:50.990Z"
}
{
  "label": "hana-project-explorer",
  "level": "error",
  "message": "Could not read content from \"/home/user/projects/Arunima/db/src/.hdiconfig\" path: ENOENT: no such file or directory, open '/home/user/projects/Arunima/db/src/.hdiconfig'",
  "time": "2026-01-15T07:23:00.905Z"
}
{
  "label": "hana-project-explorer",
  "level": "error",
  "message": "Could not read content from \"/home/user/projects/Arunima/db/src/.hdiconfig\" path: ENOENT: no such file or directory, open '/home/user/projects/Arunima/db/src/.hdiconfig'",
  "time": "2026-01-15T07:23:01.013Z"
}
{
  "label": "hana-project-explorer",
  "level": "error",
  "message": "Could not read content from \"/home/user/projects/Arunima/db/src/.hdiconfig\" path: ENOENT: no such file or directory, open '/home/user/projects/Arunima/db/src/.hdiconfig'",
  "time": "2026-01-15T07:23:04.994Z"
}
{
  "label": "hana-project-explorer",
  "level": "error",
  "message": "Could not read content from \"/home/user/projects/Arunima/db/src/.hdiconfig\" path: ENOENT: no such file or directory, open '/home/user/projects/Arunima/db/src/.hdiconfig'",
  "time": "2026-01-15T07:23:15.377Z"
}
{
  "label": "hana-project-explorer",
  "level": "error",
  "message": "Could not read content from \"/home/user/projects/Arunima/db/src/.hdiconfig\" path: ENOENT: no such file or directory, open '/home/user/projects/Arunima/db/src/.hdiconfig'",
  "time": "2026-01-15T07:23:23.558Z"
}
{
  "label": "hana-project-explorer",
  "level": "error",
  "message": "Could not read content from \"/home/user/projects/Arunima/db/src/.hdiconfig\" path: ENOENT: no such file or directory, open '/home/user/projects/Arunima/db/src/.hdiconfig'",
  "time": "2026-01-15T07:23:44.650Z"
}
{
  "label": "hana-project-explorer",
  "level": "error",
  "message": "Could not read content from \"/home/user/projects/Arunima/db/src/.hdiconfig\" path: ENOENT: no such file or directory, open '/home/user/projects/Arunima/db/src/.hdiconfig'",
  "time": "2026-01-15T07:28:55.528Z"
}
{
  "label": "hana-project-explorer",
  "level": "error",
  "message": "Could not read content from \"/home/user/projects/Arunima/db/src/.hdiconfig\" path: ENOENT: no such file or directory, open '/home/user/projects/Arunima/db/src/.hdiconfig'",
  "time": "2026-01-15T07:29:19.769Z"
}
{
  "label": "hana-project-explorer",
  "level": "error",
  "message": "Could not read content from \"/home/user/projects/Arunima/db/src/.hdiconfig\" path: ENOENT: no such file or directory, open '/home/user/projects/Arunima/db/src/.hdiconfig'",
  "time": "2026-01-15T07:29:25.439Z"
}
{
  "label": "hana-project-explorer",
  "level": "error",
  "message": "Could not read content from \"/home/user/projects/Arunima/db/src/.hdiconfig\" path: ENOENT: no such file or directory, open '/home/user/projects/Arunima/db/src/.hdiconfig'",
  "time": "2026-01-15T07:29:26.471Z"
}
{
  "label": "hana-project-explorer",
  "level": "error",
  "message": "Could not read content from \"/home/user/projects/Arunima/db/src/.hdiconfig\" path: ENOENT: no such file or directory, open '/home/user/projects/Arunima/db/src/.hdiconfig'",
  "time": "2026-01-15T07:29:27.579Z"
}
{
  "label": "hana-project-explorer",
  "level": "error",
  "message": "Could not read content from \"/home/user/projects/Arunima/db/src/.hdiconfig\" path: ENOENT: no such file or directory, open '/home/user/projects/Arunima/db/src/.hdiconfig'",
  "time": "2026-01-15T07:29:30.745Z"
}
{
  "label": "hana-project-explorer",
  "level": "error",
  "message": "Could not read content from \"/home/user/projects/Arunima/db/src/.hdiconfig\" path: ENOENT: no such file or directory, open '/home/user/projects/Arunima/db/src/.hdiconfig'",
  "time": "2026-01-15T07:29:41.311Z"
}
{
  "label": "hana-project-explorer",
  "level": "error",
  "message": "Could not read content from \"/home/user/projects/Arunima/db/src/.hdiconfig\" path: ENOENT: no such file or directory, open '/home/user/projects/Arunima/db/src/.hdiconfig'",
  "time": "2026-01-15T07:35:37.914Z"
}
{
  "label": "hana-project-explorer",
  "level": "error",
  "message": "Could not read content from \"/home/user/projects/Arunima/db/src/.hdiconfig\" path: ENOENT: no such file or directory, open '/home/user/projects/Arunima/db/src/.hdiconfig'",
  "time": "2026-01-15T07:35:45.500Z"
}
{
  "label": "hana-project-explorer",
  "level": "error",
  "message": "Could not read content from \"/home/user/projects/Arunima/db/src/.hdiconfig\" path: ENOENT: no such file or directory, open '/home/user/projects/Arunima/db/src/.hdiconfig'",
  "time": "2026-01-15T07:35:54.841Z"
}
{
  "label": "hana-project-explorer",
  "level": "error",
  "message": "Could not read content from \"/home/user/projects/Arunima/db/src/.hdiconfig\" path: ENOENT: no such file or directory, open '/home/user/projects/Arunima/db/src/.hdiconfig'",
  "time": "2026-01-15T07:35:57.675Z"
}
{
  "label": "hana-project-explorer",
  "level": "error",
  "message": "Could not read content from \"/home/user/projects/Arunima/db/src/.hdiconfig\" path: ENOENT: no such file or directory, open '/home/user/projects/Arunima/db/src/.hdiconfig'",
  "time": "2026-01-15T07:36:01.034Z"
}
{
  "label": "hana-project-explorer",
  "level": "error",
  "message": "Could not read content from \"/home/user/projects/Arunima/db/src/.hdiconfig\" path: ENOENT: no such file or directory, open '/home/user/projects/Arunima/db/src/.hdiconfig'",
  "time": "2026-01-15T07:36:01.569Z"
}
{
  "label": "hana-project-explorer",
  "level": "error",
  "message": "Could not read content from \"/home/user/projects/Arunima/db/src/.hdiconfig\" path: ENOENT: no such file or directory, open '/home/user/projects/Arunima/db/src/.hdiconfig'",
  "time": "2026-01-15T07:36:06.775Z"
}
{
  "label": "hana-project-explorer",
  "level": "error",
  "message": "Could not read content from \"/home/user/projects/Arunima/db/src/.hdiconfig\" path: ENOENT: no such file or directory, open '/home/user/projects/Arunima/db/src/.hdiconfig'",
  "time": "2026-01-15T07:36:41.738Z"
}
{
  "label": "hana-project-explorer",
  "level": "error",
  "message": "Could not read content from \"/home/user/projects/Arunima/db/src/.hdiconfig\" path: ENOENT: no such file or directory, open '/home/user/projects/Arunima/db/src/.hdiconfig'",
  "time": "2026-01-15T07:36:43.039Z"
}
{
  "label": "hana-project-explorer",
  "level": "error",
  "message": "Could not read content from \"/home/user/projects/Arunima/db/src/.hdiconfig\" path: ENOENT: no such file or directory, open '/home/user/projects/Arunima/db/src/.hdiconfig'",
  "time": "2026-01-15T07:37:10.268Z"
}
{
  "label": "hana-project-explorer",
  "level": "error",
  "message": "Could not read content from \"/home/user/projects/Arunima/db/src/.hdiconfig\" path: ENOENT: no such file or directory, open '/home/user/projects/Arunima/db/src/.hdiconfig'",
  "time": "2026-01-15T07:37:14.423Z"
}
{
  "label": "hana-project-explorer",
  "level": "error",
  "message": "Could not read content from \"/home/user/projects/Arunima/db/src/.hdiconfig\" path: ENOENT: no such file or directory, open '/home/user/projects/Arunima/db/src/.hdiconfig'",
  "time": "2026-01-15T07:37:31.281Z"
}
{
  "label": "hana-project-explorer",
  "level": "error",
  "message": "Could not read content from \"/home/user/projects/Arunima/db/src/.hdiconfig\" path: ENOENT: no such file or directory, open '/home/user/projects/Arunima/db/src/.hdiconfig'",
  "time": "2026-01-15T07:38:46.496Z"
}
