[1767949004628] INFO  (ext): SQLTools is starting
[1767949004630] INFO  (ext): initializing language client...
[1767949004718] INFO  (ext): Registering client for languages [{"scheme":"sqltools"},{"language":"sql","scheme":"untitled"},{"language":"sql","scheme":"file"},{"language":"sql","scheme":"sqltools"}]
    ns: "lc"
[1767949004723] INFO  (ext): loading plugins...
[1767949004723] INFO  (ext): registering Formatter Plugin.
    plugin: {
      "name": "Formatter Plugin"
    }
[1767949004723] INFO  (ext): registering Connection Manager Plugin.
    plugin: {
      "name": "Connection Manager Plugin"
    }
[1767949004723] INFO  (ext): registering CodeLens Plugin.
    plugin: {
      "name": "CodeLens Plugin",
      "registeredLanguages": []
    }
[1767949004724] INFO  (ext): registering Dependency Manager Plugin.
    plugin: {
      "name": "Dependency Manager Plugin",
      "installingDrivers": []
    }
[1767949004725] INFO  (ext): Connection explorer changed. Will be updated.
    ns: "conn-man:explorer"
[1767949004725] INFO  (ext): registering History Manager Plugin.
    plugin: {
      "name": "History Manager Plugin"
    }
[1767949004725] INFO  (ext): registering Bookmarks Manager Plugin.
    plugin: {
      "name": "Bookmarks Manager Plugin"
    }
[1767949004726] INFO  (ext): registering Authentication Provider Plugin.
    plugin: {
      "name": "Authentication Provider Plugin",
      "isRegistered": false
    }
[1767949004726] INFO  (ext): registering Object Drop-in Provider (plugin).
    plugin: {
      "type": "plugin",
      "name": "Object Drop-in Provider",
      "isRegistered": false
    }
[1767949004727] INFO  (ext): SQLTools activation completed. 98.860464 ms
[1767949004730] INFO  (ext): Formatter Plugin registered!
[1767949004730] INFO  (ext): CodeLens Plugin registered!
[1767949004730] INFO  (ext): Dependency Manager Plugin registered!
[1767949004730] INFO  (ext): Connection Manager Plugin registered!
[1767949004730] INFO  (ext): History Manager Plugin registered!
[1767949004730] INFO  (ext): Bookmarks Manager Plugin registered!
[1767949004730] INFO  (ext): Authentication Provider Plugin registered!
[1767949004730] INFO  (ext): Object Drop-in Provider (plugin) registered!
[1767949005818] INFO  (ext): EXECUTING COMMAND => sqltools.refreshTree
[1767949005818] INFO  (ext): Connection explorer changed. Will be updated.
    ns: "conn-man:explorer"
[1767949006003] INFO  (ls): SQLTools Server started!
===============================
Using node runtime?: yes
ExecPath: /opt/nodejs/node-v22.19.0-linux-x64/bin/node v22.19.0
===============================
[1767949006006] INFO  (ls): User defined env vars
===============================
{"PATH":"/usr/local/sbin:/usr/local/bin:/usr/sbin:/usr/bin:/sbin:/bin:/home/user/.node_modules_global/bin"}
===============================:
[1767949006071] INFO  (ext): LanguageClient ready
    ns: "lc"
[1767949006070] INFO  (ls): Initialized with node version:v22.19.0
[1767949006897] INFO  (ext): registering SQLite Plugin (driver).
    plugin: {
      "extensionId": "mtxr.sqltools-driver-sqlite",
      "name": "SQLite Plugin",
      "type": "driver"
    }
[1767949010498] INFO  (ext): Connection explorer changed. Will be updated.
    ns: "conn-man:explorer"
[1767949010498] INFO  (ext): EXECUTING COMMAND => sqltools.refreshTree
[1767949010498] INFO  (ext): Connection explorer changed. Will be updated.
    ns: "conn-man:explorer"
[1767949006898] INFO  (ls): REQUEST RECEIVED => ls/RegisterPlugin
[1767949006898] INFO  (ls): request to register plugin: "/extbin/local/openvscode-server/extensions/mtxr.sqltools-driver-sqlite-0.5.0/out/ls/plugin.js"
[1767949006925] INFO  (ls): Driver sqlite registered!
    place: "driver-map"
    ns: "ls-context"
[1767949010587] INFO  (ext): SQLite Plugin (driver) registered!
[1767949011591] INFO  (ext): EXECUTING COMMAND => sqltools.refreshTree
[1767949011592] INFO  (ext): Connection explorer changed. Will be updated.
    ns: "conn-man:explorer"
[1767949012279] INFO  (ext): Connection explorer changed. Will be updated.
    ns: "conn-man:explorer"
[1767949018415] INFO  (ext): Connection explorer changed. Will be updated.
    ns: "conn-man:explorer"
[1767949029085] INFO  (ext): Connection explorer changed. Will be updated.
    ns: "conn-man:explorer"
