[1768023736249] INFO  (ext): SQLTools is starting
[1768023736252] INFO  (ext): initializing language client...
[1768023736347] INFO  (ext): Registering client for languages [{"scheme":"sqltools"},{"language":"sql","scheme":"untitled"},{"language":"sql","scheme":"file"},{"language":"sql","scheme":"sqltools"}]
    ns: "lc"
[1768023736353] INFO  (ext): loading plugins...
[1768023736353] INFO  (ext): registering Formatter Plugin.
    plugin: {
      "name": "Formatter Plugin"
    }
[1768023736353] INFO  (ext): registering Connection Manager Plugin.
    plugin: {
      "name": "Connection Manager Plugin"
    }
[1768023736353] INFO  (ext): registering CodeLens Plugin.
    plugin: {
      "name": "CodeLens Plugin",
      "registeredLanguages": []
    }
[1768023736354] INFO  (ext): registering Dependency Manager Plugin.
    plugin: {
      "name": "Dependency Manager Plugin",
      "installingDrivers": []
    }
[1768023736355] INFO  (ext): Connection explorer changed. Will be updated.
    ns: "conn-man:explorer"
[1768023736355] INFO  (ext): registering History Manager Plugin.
    plugin: {
      "name": "History Manager Plugin"
    }
[1768023736356] INFO  (ext): registering Bookmarks Manager Plugin.
    plugin: {
      "name": "Bookmarks Manager Plugin"
    }
[1768023736356] INFO  (ext): registering Authentication Provider Plugin.
    plugin: {
      "name": "Authentication Provider Plugin",
      "isRegistered": false
    }
[1768023736356] INFO  (ext): registering Object Drop-in Provider (plugin).
    plugin: {
      "type": "plugin",
      "name": "Object Drop-in Provider",
      "isRegistered": false
    }
[1768023736357] INFO  (ext): SQLTools activation completed. 107.949522 ms
[1768023736360] INFO  (ext): Formatter Plugin registered!
[1768023736360] INFO  (ext): CodeLens Plugin registered!
[1768023736360] INFO  (ext): Dependency Manager Plugin registered!
[1768023736361] INFO  (ext): Connection Manager Plugin registered!
[1768023736361] INFO  (ext): History Manager Plugin registered!
[1768023736361] INFO  (ext): Bookmarks Manager Plugin registered!
[1768023736361] INFO  (ext): Authentication Provider Plugin registered!
[1768023736361] INFO  (ext): Object Drop-in Provider (plugin) registered!
[1768023737477] INFO  (ext): EXECUTING COMMAND => sqltools.refreshTree
[1768023737477] INFO  (ext): Connection explorer changed. Will be updated.
    ns: "conn-man:explorer"
[1768023737587] INFO  (ls): SQLTools Server started!
===============================
Using node runtime?: yes
ExecPath: /opt/nodejs/node-v22.19.0-linux-x64/bin/node v22.19.0
===============================
[1768023737590] INFO  (ls): User defined env vars
===============================
{"PATH":"/usr/local/sbin:/usr/local/bin:/usr/sbin:/usr/bin:/sbin:/bin:/home/user/.node_modules_global/bin"}
===============================:
[1768023737627] INFO  (ext): LanguageClient ready
    ns: "lc"
[1768023737625] INFO  (ls): Initialized with node version:v22.19.0
[1768023738356] INFO  (ext): Connection explorer changed. Will be updated.
    ns: "conn-man:explorer"
[1768023738600] INFO  (ext): registering SQLite Plugin (driver).
    plugin: {
      "extensionId": "mtxr.sqltools-driver-sqlite",
      "name": "SQLite Plugin",
      "type": "driver"
    }
[1768023741810] INFO  (ext): EXECUTING COMMAND => sqltools.refreshTree
[1768023741810] INFO  (ext): Connection explorer changed. Will be updated.
    ns: "conn-man:explorer"
[1768023738601] INFO  (ls): REQUEST RECEIVED => ls/RegisterPlugin
[1768023738601] INFO  (ls): request to register plugin: "/extbin/local/openvscode-server/extensions/mtxr.sqltools-driver-sqlite-0.5.0/out/ls/plugin.js"
[1768023738623] INFO  (ls): Driver sqlite registered!
    place: "driver-map"
    ns: "ls-context"
[1768023741878] INFO  (ext): SQLite Plugin (driver) registered!
[1768023742895] INFO  (ext): EXECUTING COMMAND => sqltools.refreshTree
[1768023742895] INFO  (ext): Connection explorer changed. Will be updated.
    ns: "conn-man:explorer"
[1768023745605] INFO  (ext): Connection explorer changed. Will be updated.
    ns: "conn-man:explorer"
[1768023747256] INFO  (ext): Connection explorer changed. Will be updated.
    ns: "conn-man:explorer"
[1768023754617] INFO  (ext): Connection explorer changed. Will be updated.
    ns: "conn-man:explorer"
[1768023759185] INFO  (ext): Connection explorer changed. Will be updated.
    ns: "conn-man:explorer"
[1768023759341] INFO  (ext): Connection explorer changed. Will be updated.
    ns: "conn-man:explorer"
[1768023784221] INFO  (ext): Connection explorer changed. Will be updated.
    ns: "conn-man:explorer"
[1768023784222] INFO  (ext): Connection explorer changed. Will be updated.
    ns: "conn-man:explorer"
[1768023787843] INFO  (ext): Connection explorer changed. Will be updated.
    ns: "conn-man:explorer"
[1768023802633] INFO  (ext): Connection explorer changed. Will be updated.
    ns: "conn-man:explorer"
[1768023805325] INFO  (ext): Connection explorer changed. Will be updated.
    ns: "conn-man:explorer"
[1768023806008] INFO  (ext): Connection explorer changed. Will be updated.
    ns: "conn-man:explorer"
[1768023806688] INFO  (ext): Connection explorer changed. Will be updated.
    ns: "conn-man:explorer"
[1768023807372] INFO  (ext): Connection explorer changed. Will be updated.
    ns: "conn-man:explorer"
[1768023808049] INFO  (ext): Connection explorer changed. Will be updated.
    ns: "conn-man:explorer"
[1768023817663] INFO  (ext): Connection explorer changed. Will be updated.
    ns: "conn-man:explorer"
