[1767861122712] INFO  (ext): SQLTools is starting
[1767861122715] INFO  (ext): initializing language client...
[1767861122810] INFO  (ext): Registering client for languages [{"scheme":"sqltools"},{"language":"sql","scheme":"untitled"},{"language":"sql","scheme":"file"},{"language":"sql","scheme":"sqltools"}]
    ns: "lc"
[1767861122814] INFO  (ext): loading plugins...
[1767861122814] INFO  (ext): registering Formatter Plugin.
    plugin: {
      "name": "Formatter Plugin"
    }
[1767861122815] INFO  (ext): registering Connection Manager Plugin.
    plugin: {
      "name": "Connection Manager Plugin"
    }
[1767861122815] INFO  (ext): registering CodeLens Plugin.
    plugin: {
      "name": "CodeLens Plugin",
      "registeredLanguages": []
    }
[1767861122816] INFO  (ext): registering Dependency Manager Plugin.
    plugin: {
      "name": "Dependency Manager Plugin",
      "installingDrivers": []
    }
[1767861122817] INFO  (ext): Connection explorer changed. Will be updated.
    ns: "conn-man:explorer"
[1767861122817] INFO  (ext): registering History Manager Plugin.
    plugin: {
      "name": "History Manager Plugin"
    }
[1767861122817] INFO  (ext): registering Bookmarks Manager Plugin.
    plugin: {
      "name": "Bookmarks Manager Plugin"
    }
[1767861122818] INFO  (ext): registering Authentication Provider Plugin.
    plugin: {
      "name": "Authentication Provider Plugin",
      "isRegistered": false
    }
[1767861122818] INFO  (ext): registering Object Drop-in Provider (plugin).
    plugin: {
      "type": "plugin",
      "name": "Object Drop-in Provider",
      "isRegistered": false
    }
[1767861122819] INFO  (ext): SQLTools activation completed. 106.403691 ms
[1767861122823] INFO  (ext): Formatter Plugin registered!
[1767861122823] INFO  (ext): CodeLens Plugin registered!
[1767861122823] INFO  (ext): Dependency Manager Plugin registered!
[1767861122823] INFO  (ext): Connection Manager Plugin registered!
[1767861122823] INFO  (ext): History Manager Plugin registered!
[1767861122823] INFO  (ext): Bookmarks Manager Plugin registered!
[1767861122823] INFO  (ext): Authentication Provider Plugin registered!
[1767861122823] INFO  (ext): Object Drop-in Provider (plugin) registered!
[1767861124003] INFO  (ext): EXECUTING COMMAND => sqltools.refreshTree
[1767861124003] INFO  (ext): Connection explorer changed. Will be updated.
    ns: "conn-man:explorer"
[1767861124203] INFO  (ls): SQLTools Server started!
===============================
Using node runtime?: yes
ExecPath: /opt/nodejs/node-v22.19.0-linux-x64/bin/node v22.19.0
===============================
[1767861124205] INFO  (ls): User defined env vars
===============================
{"PATH":"/usr/local/sbin:/usr/local/bin:/usr/sbin:/usr/bin:/sbin:/bin:/home/user/.node_modules_global/bin"}
===============================:
[1767861124221] INFO  (ext): LanguageClient ready
    ns: "lc"
[1767861124219] INFO  (ls): Initialized with node version:v22.19.0
[1767861124921] INFO  (ext): Connection explorer changed. Will be updated.
    ns: "conn-man:explorer"
[1767861125919] INFO  (ext): registering SQLite Plugin (driver).
    plugin: {
      "extensionId": "mtxr.sqltools-driver-sqlite",
      "name": "SQLite Plugin",
      "type": "driver"
    }
[1767861129296] INFO  (ext): EXECUTING COMMAND => sqltools.refreshTree
[1767861129296] INFO  (ext): Connection explorer changed. Will be updated.
    ns: "conn-man:explorer"
[1767861125920] INFO  (ls): REQUEST RECEIVED => ls/RegisterPlugin
[1767861125920] INFO  (ls): request to register plugin: "/extbin/local/openvscode-server/extensions/mtxr.sqltools-driver-sqlite-0.5.0/out/ls/plugin.js"
[1767861125943] INFO  (ls): Driver sqlite registered!
    place: "driver-map"
    ns: "ls-context"
[1767861129299] INFO  (ext): SQLite Plugin (driver) registered!
[1767861129704] INFO  (ext): Connection explorer changed. Will be updated.
    ns: "conn-man:explorer"
[1767861130333] INFO  (ext): EXECUTING COMMAND => sqltools.refreshTree
[1767861130333] INFO  (ext): Connection explorer changed. Will be updated.
    ns: "conn-man:explorer"
[1767861130938] INFO  (ext): Connection explorer changed. Will be updated.
    ns: "conn-man:explorer"
[1767861143075] INFO  (ext): Connection explorer changed. Will be updated.
    ns: "conn-man:explorer"
[1767861519296] INFO  (ext): Connection explorer changed. Will be updated.
    ns: "conn-man:explorer"
[1767861529971] INFO  (ext): Connection explorer changed. Will be updated.
    ns: "conn-man:explorer"
[1767861530715] INFO  (ext): Connection explorer changed. Will be updated.
    ns: "conn-man:explorer"
[1767861555227] INFO  (ext): Connection explorer changed. Will be updated.
    ns: "conn-man:explorer"
[1767861555929] INFO  (ext): Connection explorer changed. Will be updated.
    ns: "conn-man:explorer"
[1767861572850] INFO  (ext): Connection explorer changed. Will be updated.
    ns: "conn-man:explorer"
[1767861587768] INFO  (ext): Connection explorer changed. Will be updated.
    ns: "conn-man:explorer"
