[1768135619944] INFO  (ext): SQLTools is starting
[1768135619947] INFO  (ext): initializing language client...
[1768135620027] INFO  (ext): Registering client for languages [{"scheme":"sqltools"},{"language":"sql","scheme":"untitled"},{"language":"sql","scheme":"file"},{"language":"sql","scheme":"sqltools"}]
    ns: "lc"
[1768135620058] INFO  (ext): loading plugins...
[1768135620058] INFO  (ext): registering Formatter Plugin.
    plugin: {
      "name": "Formatter Plugin"
    }
[1768135620058] INFO  (ext): registering Connection Manager Plugin.
    plugin: {
      "name": "Connection Manager Plugin"
    }
[1768135620058] INFO  (ext): registering CodeLens Plugin.
    plugin: {
      "name": "CodeLens Plugin",
      "registeredLanguages": []
    }
[1768135620059] INFO  (ext): registering Dependency Manager Plugin.
    plugin: {
      "name": "Dependency Manager Plugin",
      "installingDrivers": []
    }
[1768135620060] INFO  (ext): Connection explorer changed. Will be updated.
    ns: "conn-man:explorer"
[1768135620061] INFO  (ext): registering History Manager Plugin.
    plugin: {
      "name": "History Manager Plugin"
    }
[1768135620061] INFO  (ext): registering Bookmarks Manager Plugin.
    plugin: {
      "name": "Bookmarks Manager Plugin"
    }
[1768135620061] INFO  (ext): registering Authentication Provider Plugin.
    plugin: {
      "name": "Authentication Provider Plugin",
      "isRegistered": false
    }
[1768135620062] INFO  (ext): registering Object Drop-in Provider (plugin).
    plugin: {
      "type": "plugin",
      "name": "Object Drop-in Provider",
      "isRegistered": false
    }
[1768135620062] INFO  (ext): SQLTools activation completed. 117.790586 ms
[1768135620069] INFO  (ext): Formatter Plugin registered!
[1768135620069] INFO  (ext): CodeLens Plugin registered!
[1768135620069] INFO  (ext): Dependency Manager Plugin registered!
[1768135620069] INFO  (ext): Connection Manager Plugin registered!
[1768135620069] INFO  (ext): History Manager Plugin registered!
[1768135620069] INFO  (ext): Bookmarks Manager Plugin registered!
[1768135620069] INFO  (ext): Authentication Provider Plugin registered!
[1768135620069] INFO  (ext): Object Drop-in Provider (plugin) registered!
[1768135621939] INFO  (ext): EXECUTING COMMAND => sqltools.refreshTree
[1768135621939] INFO  (ext): Connection explorer changed. Will be updated.
    ns: "conn-man:explorer"
[1768135622093] INFO  (ext): Connection explorer changed. Will be updated.
    ns: "conn-man:explorer"
[1768135622091] INFO  (ls): SQLTools Server started!
===============================
Using node runtime?: yes
ExecPath: /opt/nodejs/node-v22.19.0-linux-x64/bin/node v22.19.0
===============================
[1768135622094] INFO  (ls): User defined env vars
===============================
{"PATH":"/usr/local/sbin:/usr/local/bin:/usr/sbin:/usr/bin:/sbin:/bin:/home/user/.node_modules_global/bin"}
===============================:
[1768135622200] INFO  (ext): LanguageClient ready
    ns: "lc"
[1768135622199] INFO  (ls): Initialized with node version:v22.19.0
[1768135623310] INFO  (ext): registering SQLite Plugin (driver).
    plugin: {
      "extensionId": "mtxr.sqltools-driver-sqlite",
      "name": "SQLite Plugin",
      "type": "driver"
    }
[1768135626860] INFO  (ext): EXECUTING COMMAND => sqltools.refreshTree
[1768135626860] INFO  (ext): Connection explorer changed. Will be updated.
    ns: "conn-man:explorer"
[1768135623311] INFO  (ls): REQUEST RECEIVED => ls/RegisterPlugin
[1768135623311] INFO  (ls): request to register plugin: "/extbin/local/openvscode-server/extensions/mtxr.sqltools-driver-sqlite-0.5.0/out/ls/plugin.js"
[1768135623335] INFO  (ls): Driver sqlite registered!
    place: "driver-map"
    ns: "ls-context"
[1768135626885] INFO  (ext): SQLite Plugin (driver) registered!
[1768135627892] INFO  (ext): EXECUTING COMMAND => sqltools.refreshTree
[1768135627892] INFO  (ext): Connection explorer changed. Will be updated.
    ns: "conn-man:explorer"
[1768135628163] INFO  (ext): Connection explorer changed. Will be updated.
    ns: "conn-man:explorer"
[1768135628694] INFO  (ext): Connection explorer changed. Will be updated.
    ns: "conn-man:explorer"
[1768135640124] INFO  (ext): Connection explorer changed. Will be updated.
    ns: "conn-man:explorer"
[1768135701281] INFO  (ext): Connection explorer changed. Will be updated.
    ns: "conn-man:explorer"
[1768135704636] INFO  (ext): Connection explorer changed. Will be updated.
    ns: "conn-man:explorer"
[1768135896241] INFO  (ext): Connection explorer changed. Will be updated.
    ns: "conn-man:explorer"
[1768135921510] INFO  (ext): Connection explorer changed. Will be updated.
    ns: "conn-man:explorer"
[1768136037839] INFO  (ext): Connection explorer changed. Will be updated.
    ns: "conn-man:explorer"
[1768136164023] INFO  (ext): Connection explorer changed. Will be updated.
    ns: "conn-man:explorer"
[1768136477786] INFO  (ext): Connection explorer changed. Will be updated.
    ns: "conn-man:explorer"
[1768136478954] INFO  (ext): Connection explorer changed. Will be updated.
    ns: "conn-man:explorer"
[1768136485555] INFO  (ext): Connection explorer changed. Will be updated.
    ns: "conn-man:explorer"
[1768136513750] INFO  (ext): Connection explorer changed. Will be updated.
    ns: "conn-man:explorer"
[1768136540688] INFO  (ext): Connection explorer changed. Will be updated.
    ns: "conn-man:explorer"
[1768136562796] INFO  (ext): Connection explorer changed. Will be updated.
    ns: "conn-man:explorer"
[1768136563474] INFO  (ext): Connection explorer changed. Will be updated.
    ns: "conn-man:explorer"
[1768136581709] INFO  (ext): Connection explorer changed. Will be updated.
    ns: "conn-man:explorer"
[1768136619790] INFO  (ext): Connection explorer changed. Will be updated.
    ns: "conn-man:explorer"
[1768136620504] INFO  (ext): Connection explorer changed. Will be updated.
    ns: "conn-man:explorer"
[1768136621237] INFO  (ext): Connection explorer changed. Will be updated.
    ns: "conn-man:explorer"
[1768136621961] INFO  (ext): Connection explorer changed. Will be updated.
    ns: "conn-man:explorer"
[1768136622666] INFO  (ext): Connection explorer changed. Will be updated.
    ns: "conn-man:explorer"
[1768136631403] INFO  (ext): Connection explorer changed. Will be updated.
    ns: "conn-man:explorer"
[1768136638836] INFO  (ext): Connection explorer changed. Will be updated.
    ns: "conn-man:explorer"
[1768136640148] INFO  (ext): Connection explorer changed. Will be updated.
    ns: "conn-man:explorer"
[1768136661523] INFO  (ext): Connection explorer changed. Will be updated.
    ns: "conn-man:explorer"
[1768136667004] INFO  (ext): Connection explorer changed. Will be updated.
    ns: "conn-man:explorer"
[1768136843226] INFO  (ext): Connection explorer changed. Will be updated.
    ns: "conn-man:explorer"
[1768137024344] INFO  (ext): Connection explorer changed. Will be updated.
    ns: "conn-man:explorer"
[1768137206748] INFO  (ext): Connection explorer changed. Will be updated.
    ns: "conn-man:explorer"
[1768137387900] INFO  (ext): Connection explorer changed. Will be updated.
    ns: "conn-man:explorer"
[1768137603174] INFO  (ext): Connection explorer changed. Will be updated.
    ns: "conn-man:explorer"
