{
  "label": "SAP Continuous Integration and Delivery",
  "level": "error",
  "message": "when saving build states: Canceled",
  "time": "2026-01-07T04:31:35.752Z"
}
{
  "label": "SAP Continuous Integration and Delivery",
  "level": "error",
  "message": "when saving build states: Canceled",
  "time": "2026-01-07T04:31:35.753Z"
}
{
  "label": "SAP Continuous Integration and Delivery",
  "level": "error",
  "message": "when saving build states: Canceled",
  "time": "2026-01-07T04:31:35.753Z"
}
{
  "label": "SAP Continuous Integration and Delivery",
  "level": "error",
  "message": "when saving build states: Canceled",
  "time": "2026-01-07T04:31:35.753Z"
}
{
  "label": "SAP Continuous Integration and Delivery",
  "level": "error",
  "message": "when saving build states: Canceled",
  "time": "2026-01-07T04:31:35.753Z"
}
