[1768061420490] INFO  (ext): SQLTools is starting
[1768061420493] INFO  (ext): initializing language client...
[1768061420572] INFO  (ext): Registering client for languages [{"scheme":"sqltools"},{"language":"sql","scheme":"untitled"},{"language":"sql","scheme":"file"},{"language":"sql","scheme":"sqltools"}]
    ns: "lc"
[1768061420603] INFO  (ext): loading plugins...
[1768061420603] INFO  (ext): registering Formatter Plugin.
    plugin: {
      "name": "Formatter Plugin"
    }
[1768061420603] INFO  (ext): registering Connection Manager Plugin.
    plugin: {
      "name": "Connection Manager Plugin"
    }
[1768061420603] INFO  (ext): registering CodeLens Plugin.
    plugin: {
      "name": "CodeLens Plugin",
      "registeredLanguages": []
    }
[1768061420604] INFO  (ext): registering Dependency Manager Plugin.
    plugin: {
      "name": "Dependency Manager Plugin",
      "installingDrivers": []
    }
[1768061420605] INFO  (ext): Connection explorer changed. Will be updated.
    ns: "conn-man:explorer"
[1768061420606] INFO  (ext): registering History Manager Plugin.
    plugin: {
      "name": "History Manager Plugin"
    }
[1768061420606] INFO  (ext): registering Bookmarks Manager Plugin.
    plugin: {
      "name": "Bookmarks Manager Plugin"
    }
[1768061420608] INFO  (ext): registering Authentication Provider Plugin.
    plugin: {
      "name": "Authentication Provider Plugin",
      "isRegistered": false
    }
[1768061420608] INFO  (ext): registering Object Drop-in Provider (plugin).
    plugin: {
      "type": "plugin",
      "name": "Object Drop-in Provider",
      "isRegistered": false
    }
[1768061420609] INFO  (ext): SQLTools activation completed. 119.374465 ms
[1768061420615] INFO  (ext): Formatter Plugin registered!
[1768061420615] INFO  (ext): CodeLens Plugin registered!
[1768061420615] INFO  (ext): Dependency Manager Plugin registered!
[1768061420616] INFO  (ext): Connection Manager Plugin registered!
[1768061420616] INFO  (ext): History Manager Plugin registered!
[1768061420616] INFO  (ext): Bookmarks Manager Plugin registered!
[1768061420616] INFO  (ext): Authentication Provider Plugin registered!
[1768061420616] INFO  (ext): Object Drop-in Provider (plugin) registered!
[1768061422467] INFO  (ext): EXECUTING COMMAND => sqltools.refreshTree
[1768061422468] INFO  (ext): Connection explorer changed. Will be updated.
    ns: "conn-man:explorer"
[1768061422589] INFO  (ls): SQLTools Server started!
===============================
Using node runtime?: yes
ExecPath: /opt/nodejs/node-v22.19.0-linux-x64/bin/node v22.19.0
===============================
[1768061422591] INFO  (ls): User defined env vars
===============================
{"PATH":"/usr/local/sbin:/usr/local/bin:/usr/sbin:/usr/bin:/sbin:/bin:/home/user/.node_modules_global/bin"}
===============================:
[1768061422616] INFO  (ext): LanguageClient ready
    ns: "lc"
[1768061422616] INFO  (ext): Connection explorer changed. Will be updated.
    ns: "conn-man:explorer"
[1768061422615] INFO  (ls): Initialized with node version:v22.19.0
[1768061423815] INFO  (ext): registering SQLite Plugin (driver).
    plugin: {
      "extensionId": "mtxr.sqltools-driver-sqlite",
      "name": "SQLite Plugin",
      "type": "driver"
    }
[1768061427342] INFO  (ext): EXECUTING COMMAND => sqltools.refreshTree
[1768061427342] INFO  (ext): Connection explorer changed. Will be updated.
    ns: "conn-man:explorer"
[1768061423816] INFO  (ls): REQUEST RECEIVED => ls/RegisterPlugin
[1768061423816] INFO  (ls): request to register plugin: "/extbin/local/openvscode-server/extensions/mtxr.sqltools-driver-sqlite-0.5.0/out/ls/plugin.js"
[1768061423841] INFO  (ls): Driver sqlite registered!
    place: "driver-map"
    ns: "ls-context"
[1768061427409] INFO  (ext): SQLite Plugin (driver) registered!
[1768061428604] INFO  (ext): EXECUTING COMMAND => sqltools.refreshTree
[1768061428604] INFO  (ext): Connection explorer changed. Will be updated.
    ns: "conn-man:explorer"
[1768061433958] INFO  (ext): Connection explorer changed. Will be updated.
    ns: "conn-man:explorer"
[1768061436119] INFO  (ext): Connection explorer changed. Will be updated.
    ns: "conn-man:explorer"
[1768061444685] INFO  (ext): Connection explorer changed. Will be updated.
    ns: "conn-man:explorer"
[1768061517154] INFO  (ext): Connection explorer changed. Will be updated.
    ns: "conn-man:explorer"
[1768061523979] INFO  (ext): Connection explorer changed. Will be updated.
    ns: "conn-man:explorer"
[1768061527113] INFO  (ext): Connection explorer changed. Will be updated.
    ns: "conn-man:explorer"
[1768062126885] INFO  (ext): Connection explorer changed. Will be updated.
    ns: "conn-man:explorer"
[1768062129873] INFO  (ext): Connection explorer changed. Will be updated.
    ns: "conn-man:explorer"
[1768062132421] INFO  (ext): Connection explorer changed. Will be updated.
    ns: "conn-man:explorer"
[1768062141921] INFO  (ext): Connection explorer changed. Will be updated.
    ns: "conn-man:explorer"
[1768062146388] INFO  (ext): Connection explorer changed. Will be updated.
    ns: "conn-man:explorer"
[1768062164753] INFO  (ext): Connection explorer changed. Will be updated.
    ns: "conn-man:explorer"
[1768062186183] INFO  (ext): Connection explorer changed. Will be updated.
    ns: "conn-man:explorer"
[1768062208954] INFO  (ext): Connection explorer changed. Will be updated.
    ns: "conn-man:explorer"
[1768062209619] INFO  (ext): Connection explorer changed. Will be updated.
    ns: "conn-man:explorer"
[1768062225560] INFO  (ext): Connection explorer changed. Will be updated.
    ns: "conn-man:explorer"
[1768062240191] INFO  (ext): Connection explorer changed. Will be updated.
    ns: "conn-man:explorer"
[1768062240880] INFO  (ext): Connection explorer changed. Will be updated.
    ns: "conn-man:explorer"
[1768062273935] INFO  (ext): Connection explorer changed. Will be updated.
    ns: "conn-man:explorer"
[1768062274638] INFO  (ext): Connection explorer changed. Will be updated.
    ns: "conn-man:explorer"
[1768062275337] INFO  (ext): Connection explorer changed. Will be updated.
    ns: "conn-man:explorer"
[1768062276034] INFO  (ext): Connection explorer changed. Will be updated.
    ns: "conn-man:explorer"
[1768062276720] INFO  (ext): Connection explorer changed. Will be updated.
    ns: "conn-man:explorer"
[1768062277433] INFO  (ext): Connection explorer changed. Will be updated.
    ns: "conn-man:explorer"
[1768062313446] INFO  (ext): Connection explorer changed. Will be updated.
    ns: "conn-man:explorer"
[1768062498579] INFO  (ext): Connection explorer changed. Will be updated.
    ns: "conn-man:explorer"
[1768062681008] INFO  (ext): Connection explorer changed. Will be updated.
    ns: "conn-man:explorer"
[1768062868056] INFO  (ext): Connection explorer changed. Will be updated.
    ns: "conn-man:explorer"
[1768063118110] INFO  (ext): Connection explorer changed. Will be updated.
    ns: "conn-man:explorer"
[1768063433647] INFO  (ext): Connection explorer changed. Will be updated.
    ns: "conn-man:explorer"
[1768063733636] INFO  (ext): Connection explorer changed. Will be updated.
    ns: "conn-man:explorer"
[1768064033641] INFO  (ext): Connection explorer changed. Will be updated.
    ns: "conn-man:explorer"
