[1767777900959] INFO  (ext): SQLTools is starting
[1767777900963] INFO  (ext): initializing language client...
[1767777901087] INFO  (ext): Registering client for languages [{"scheme":"sqltools"},{"language":"sql","scheme":"untitled"},{"language":"sql","scheme":"file"},{"language":"sql","scheme":"sqltools"}]
    ns: "lc"
[1767777901092] INFO  (ext): loading plugins...
[1767777901092] INFO  (ext): registering Formatter Plugin.
    plugin: {
      "name": "Formatter Plugin"
    }
[1767777901092] INFO  (ext): registering Connection Manager Plugin.
    plugin: {
      "name": "Connection Manager Plugin"
    }
[1767777901093] INFO  (ext): registering CodeLens Plugin.
    plugin: {
      "name": "CodeLens Plugin",
      "registeredLanguages": []
    }
[1767777901093] INFO  (ext): registering Dependency Manager Plugin.
    plugin: {
      "name": "Dependency Manager Plugin",
      "installingDrivers": []
    }
[1767777901094] INFO  (ext): Connection explorer changed. Will be updated.
    ns: "conn-man:explorer"
[1767777901095] INFO  (ext): registering History Manager Plugin.
    plugin: {
      "name": "History Manager Plugin"
    }
[1767777901095] INFO  (ext): registering Bookmarks Manager Plugin.
    plugin: {
      "name": "Bookmarks Manager Plugin"
    }
[1767777901096] INFO  (ext): registering Authentication Provider Plugin.
    plugin: {
      "name": "Authentication Provider Plugin",
      "isRegistered": false
    }
[1767777901096] INFO  (ext): registering Object Drop-in Provider (plugin).
    plugin: {
      "type": "plugin",
      "name": "Object Drop-in Provider",
      "isRegistered": false
    }
[1767777901096] INFO  (ext): SQLTools activation completed. 137.874032 ms
[1767777901100] INFO  (ext): Formatter Plugin registered!
[1767777901100] INFO  (ext): CodeLens Plugin registered!
[1767777901101] INFO  (ext): Dependency Manager Plugin registered!
[1767777901101] INFO  (ext): Connection Manager Plugin registered!
[1767777901101] INFO  (ext): History Manager Plugin registered!
[1767777901101] INFO  (ext): Bookmarks Manager Plugin registered!
[1767777901101] INFO  (ext): Authentication Provider Plugin registered!
[1767777901101] INFO  (ext): Object Drop-in Provider (plugin) registered!
[1767777902409] INFO  (ext): EXECUTING COMMAND => sqltools.refreshTree
[1767777902409] INFO  (ext): Connection explorer changed. Will be updated.
    ns: "conn-man:explorer"
[1767777902612] INFO  (ls): SQLTools Server started!
===============================
Using node runtime?: yes
ExecPath: /opt/nodejs/node-v22.19.0-linux-x64/bin/node v22.19.0
===============================
[1767777902615] INFO  (ls): User defined env vars
===============================
{"PATH":"/usr/local/sbin:/usr/local/bin:/usr/sbin:/usr/bin:/sbin:/bin:/home/user/.node_modules_global/bin"}
===============================:
[1767777902672] INFO  (ext): LanguageClient ready
    ns: "lc"
[1767777902671] INFO  (ls): Initialized with node version:v22.19.0
[1767777903095] INFO  (ext): Connection explorer changed. Will be updated.
    ns: "conn-man:explorer"
[1767777903989] INFO  (ext): registering SQLite Plugin (driver).
    plugin: {
      "extensionId": "mtxr.sqltools-driver-sqlite",
      "name": "SQLite Plugin",
      "type": "driver"
    }
[1767777918528] INFO  (ext): EXECUTING COMMAND => sqltools.refreshTree
[1767777918528] INFO  (ext): Connection explorer changed. Will be updated.
    ns: "conn-man:explorer"
[1767777903990] INFO  (ls): REQUEST RECEIVED => ls/RegisterPlugin
[1767777903990] INFO  (ls): request to register plugin: "/extbin/local/openvscode-server/extensions/mtxr.sqltools-driver-sqlite-0.5.0/out/ls/plugin.js"
[1767777904022] INFO  (ls): Driver sqlite registered!
    place: "driver-map"
    ns: "ls-context"
[1767777920395] INFO  (ext): SQLite Plugin (driver) registered!
[1767777921406] INFO  (ext): EXECUTING COMMAND => sqltools.refreshTree
[1767777921406] INFO  (ext): Connection explorer changed. Will be updated.
    ns: "conn-man:explorer"
[1767777922227] INFO  (ext): Connection explorer changed. Will be updated.
    ns: "conn-man:explorer"
[1767777928253] INFO  (ext): Connection explorer changed. Will be updated.
    ns: "conn-man:explorer"
[1767778261270] INFO  (ext): Connection explorer changed. Will be updated.
    ns: "conn-man:explorer"
[1767778296100] INFO  (ext): Connection explorer changed. Will be updated.
    ns: "conn-man:explorer"
[1767778724239] INFO  (ext): Connection explorer changed. Will be updated.
    ns: "conn-man:explorer"
[1767778737423] INFO  (ext): Connection explorer changed. Will be updated.
    ns: "conn-man:explorer"
[1767778738601] INFO  (ext): Connection explorer changed. Will be updated.
    ns: "conn-man:explorer"
[1767778747026] INFO  (ext): Connection explorer changed. Will be updated.
    ns: "conn-man:explorer"
[1767778747747] INFO  (ext): Connection explorer changed. Will be updated.
    ns: "conn-man:explorer"
[1767778756491] INFO  (ext): Connection explorer changed. Will be updated.
    ns: "conn-man:explorer"
[1767778770222] INFO  (ext): Connection explorer changed. Will be updated.
    ns: "conn-man:explorer"
[1767778770343] INFO  (ext): Connection explorer changed. Will be updated.
    ns: "conn-man:explorer"
[1767778786234] INFO  (ext): Connection explorer changed. Will be updated.
    ns: "conn-man:explorer"
[1767778804173] INFO  (ext): Connection explorer changed. Will be updated.
    ns: "conn-man:explorer"
[1767779076402] INFO  (ext): Connection explorer changed. Will be updated.
    ns: "conn-man:explorer"
[1767779133231] INFO  (ext): Connection explorer changed. Will be updated.
    ns: "conn-man:explorer"
[1767779134515] INFO  (ext): Connection explorer changed. Will be updated.
    ns: "conn-man:explorer"
[1767779162211] INFO  (ext): Connection explorer changed. Will be updated.
    ns: "conn-man:explorer"
[1767779177140] INFO  (ext): Connection explorer changed. Will be updated.
    ns: "conn-man:explorer"
[1767779222817] INFO  (ext): Connection explorer changed. Will be updated.
    ns: "conn-man:explorer"
[1767779237379] INFO  (ext): Connection explorer changed. Will be updated.
    ns: "conn-man:explorer"
[1767779314369] INFO  (ext): Connection explorer changed. Will be updated.
    ns: "conn-man:explorer"
[1767779327744] INFO  (ext): Connection explorer changed. Will be updated.
    ns: "conn-man:explorer"
[1767779367341] INFO  (ext): Connection explorer changed. Will be updated.
    ns: "conn-man:explorer"
[1767779374819] INFO  (ext): Connection explorer changed. Will be updated.
    ns: "conn-man:explorer"
[1767779581401] INFO  (ext): Connection explorer changed. Will be updated.
    ns: "conn-man:explorer"
[1767779582556] INFO  (ext): Connection explorer changed. Will be updated.
    ns: "conn-man:explorer"
[1767779600247] INFO  (ext): Connection explorer changed. Will be updated.
    ns: "conn-man:explorer"
[1767779648109] INFO  (ext): Connection explorer changed. Will be updated.
    ns: "conn-man:explorer"
[1767779694824] INFO  (ext): Connection explorer changed. Will be updated.
    ns: "conn-man:explorer"
[1767779709289] INFO  (ext): Connection explorer changed. Will be updated.
    ns: "conn-man:explorer"
[1767779948093] INFO  (ext): Connection explorer changed. Will be updated.
    ns: "conn-man:explorer"
