[1768384099723] INFO  (ext): SQLTools is starting
[1768384099724] INFO  (ext): initializing language client...
[1768384099805] INFO  (ext): Registering client for languages [{"scheme":"sqltools"},{"language":"sql","scheme":"untitled"},{"language":"sql","scheme":"file"},{"language":"sql","scheme":"sqltools"}]
    ns: "lc"
[1768384099837] INFO  (ext): loading plugins...
[1768384099838] INFO  (ext): registering Formatter Plugin.
    plugin: {
      "name": "Formatter Plugin"
    }
[1768384099838] INFO  (ext): registering Connection Manager Plugin.
    plugin: {
      "name": "Connection Manager Plugin"
    }
[1768384099838] INFO  (ext): registering CodeLens Plugin.
    plugin: {
      "name": "CodeLens Plugin",
      "registeredLanguages": []
    }
[1768384099839] INFO  (ext): registering Dependency Manager Plugin.
    plugin: {
      "name": "Dependency Manager Plugin",
      "installingDrivers": []
    }
[1768384099840] INFO  (ext): Connection explorer changed. Will be updated.
    ns: "conn-man:explorer"
[1768384099840] INFO  (ext): registering History Manager Plugin.
    plugin: {
      "name": "History Manager Plugin"
    }
[1768384099841] INFO  (ext): registering Bookmarks Manager Plugin.
    plugin: {
      "name": "Bookmarks Manager Plugin"
    }
[1768384099841] INFO  (ext): registering Authentication Provider Plugin.
    plugin: {
      "name": "Authentication Provider Plugin",
      "isRegistered": false
    }
[1768384099841] INFO  (ext): registering Object Drop-in Provider (plugin).
    plugin: {
      "type": "plugin",
      "name": "Object Drop-in Provider",
      "isRegistered": false
    }
[1768384099842] INFO  (ext): SQLTools activation completed. 118.638996 ms
[1768384099848] INFO  (ext): Formatter Plugin registered!
[1768384099848] INFO  (ext): CodeLens Plugin registered!
[1768384099848] INFO  (ext): Dependency Manager Plugin registered!
[1768384099849] INFO  (ext): Connection Manager Plugin registered!
[1768384099849] INFO  (ext): History Manager Plugin registered!
[1768384099849] INFO  (ext): Bookmarks Manager Plugin registered!
[1768384099849] INFO  (ext): Authentication Provider Plugin registered!
[1768384099849] INFO  (ext): Object Drop-in Provider (plugin) registered!
[1768384101818] INFO  (ext): EXECUTING COMMAND => sqltools.refreshTree
[1768384101818] INFO  (ext): Connection explorer changed. Will be updated.
    ns: "conn-man:explorer"
[1768384101865] INFO  (ext): Connection explorer changed. Will be updated.
    ns: "conn-man:explorer"
[1768384101962] INFO  (ls): SQLTools Server started!
===============================
Using node runtime?: yes
ExecPath: /opt/nodejs/node-v22.19.0-linux-x64/bin/node v22.19.0
===============================
[1768384101965] INFO  (ls): User defined env vars
===============================
{"PATH":"/usr/local/sbin:/usr/local/bin:/usr/sbin:/usr/bin:/sbin:/bin:/home/user/.node_modules_global/bin"}
===============================:
[1768384101979] INFO  (ext): LanguageClient ready
    ns: "lc"
[1768384101977] INFO  (ls): Initialized with node version:v22.19.0
[1768384103758] INFO  (ext): registering SQLite Plugin (driver).
    plugin: {
      "extensionId": "mtxr.sqltools-driver-sqlite",
      "name": "SQLite Plugin",
      "type": "driver"
    }
[1768384107875] INFO  (ext): EXECUTING COMMAND => sqltools.refreshTree
[1768384107875] INFO  (ext): Connection explorer changed. Will be updated.
    ns: "conn-man:explorer"
[1768384103759] INFO  (ls): REQUEST RECEIVED => ls/RegisterPlugin
[1768384103759] INFO  (ls): request to register plugin: "/extbin/local/openvscode-server/extensions/mtxr.sqltools-driver-sqlite-0.5.0/out/ls/plugin.js"
[1768384103787] INFO  (ls): Driver sqlite registered!
    place: "driver-map"
    ns: "ls-context"
[1768384107882] INFO  (ext): SQLite Plugin (driver) registered!
[1768384108904] INFO  (ext): EXECUTING COMMAND => sqltools.refreshTree
[1768384108904] INFO  (ext): Connection explorer changed. Will be updated.
    ns: "conn-man:explorer"
[1768384114197] INFO  (ext): Connection explorer changed. Will be updated.
    ns: "conn-man:explorer"
[1768384116442] INFO  (ext): Connection explorer changed. Will be updated.
    ns: "conn-man:explorer"
[1768384119629] INFO  (ext): Connection explorer changed. Will be updated.
    ns: "conn-man:explorer"
[1768384143417] INFO  (ext): Connection explorer changed. Will be updated.
    ns: "conn-man:explorer"
[1768384171999] INFO  (ext): Connection explorer changed. Will be updated.
    ns: "conn-man:explorer"
[1768384198013] INFO  (ext): Connection explorer changed. Will be updated.
    ns: "conn-man:explorer"
[1768384224016] INFO  (ext): Connection explorer changed. Will be updated.
    ns: "conn-man:explorer"
[1768384247683] INFO  (ext): Connection explorer changed. Will be updated.
    ns: "conn-man:explorer"
[1768384338060] INFO  (ext): Connection explorer changed. Will be updated.
    ns: "conn-man:explorer"
[1768384359696] INFO  (ext): Connection explorer changed. Will be updated.
    ns: "conn-man:explorer"
[1768384375000] INFO  (ext): Connection explorer changed. Will be updated.
    ns: "conn-man:explorer"
[1768384375694] INFO  (ext): Connection explorer changed. Will be updated.
    ns: "conn-man:explorer"
[1768384409845] INFO  (ext): Connection explorer changed. Will be updated.
    ns: "conn-man:explorer"
[1768384410517] INFO  (ext): Connection explorer changed. Will be updated.
    ns: "conn-man:explorer"
[1768384411277] INFO  (ext): Connection explorer changed. Will be updated.
    ns: "conn-man:explorer"
[1768384411958] INFO  (ext): Connection explorer changed. Will be updated.
    ns: "conn-man:explorer"
[1768384412630] INFO  (ext): Connection explorer changed. Will be updated.
    ns: "conn-man:explorer"
[1768384413306] INFO  (ext): Connection explorer changed. Will be updated.
    ns: "conn-man:explorer"
[1768384477928] INFO  (ext): Connection explorer changed. Will be updated.
    ns: "conn-man:explorer"
[1768384481058] INFO  (ext): Connection explorer changed. Will be updated.
    ns: "conn-man:explorer"
[1768384483855] INFO  (ext): Connection explorer changed. Will be updated.
    ns: "conn-man:explorer"
[1768384642377] INFO  (ext): Connection explorer changed. Will be updated.
    ns: "conn-man:explorer"
[1768384677241] INFO  (ext): Connection explorer changed. Will be updated.
    ns: "conn-man:explorer"
[1768384773934] INFO  (ext): Connection explorer changed. Will be updated.
    ns: "conn-man:explorer"
[1768384788799] INFO  (ext): Connection explorer changed. Will be updated.
    ns: "conn-man:explorer"
