Could not find SWA env params in appstudio, disabling tracking.
{
  "label": "@ui5-language-assistant/language-server",
  "level": "error",
  "message": "`onDidChangeWatchedFiles` failed: Cannot read properties of undefined (reading 'type')",
  "stack": "TypeError: Cannot read properties of undefined (reading 'type')\n    at ISe (/extbin/local/openvscode-server/extensions/vscode-ui5-language-assistant-4.0.84/node_modules/@ui5-language-assistant/language-server/dist/server.js:456:16868)\n    at _Kt (/extbin/local/openvscode-server/extensions/vscode-ui5-language-assistant-4.0.84/node_modules/@ui5-language-assistant/language-server/dist/server.js:813:36614)\n    at eye (/extbin/local/openvscode-server/extensions/vscode-ui5-language-assistant-4.0.84/node_modules/@ui5-language-assistant/language-server/dist/server.js:1404:6163)\n    at AGn (/extbin/local/openvscode-server/extensions/vscode-ui5-language-assistant-4.0.84/node_modules/@ui5-language-assistant/language-server/dist/server.js:1411:3117)\n    at async bGn (/extbin/local/openvscode-server/extensions/vscode-ui5-language-assistant-4.0.84/node_modules/@ui5-language-assistant/language-server/dist/server.js:1411:3986)\n    at async /extbin/local/openvscode-server/extensions/vscode-ui5-language-assistant-4.0.84/node_modules/@ui5-language-assistant/language-server/dist/server.js:1411:4707",
  "time": "2026-01-07T03:06:56.536Z"
}
{
  "label": "@ui5-language-assistant/language-server",
  "level": "error",
  "message": "`onDidChangeWatchedFiles` failed: Cannot read properties of undefined (reading 'type')",
  "stack": "TypeError: Cannot read properties of undefined (reading 'type')\n    at ISe (/extbin/local/openvscode-server/extensions/vscode-ui5-language-assistant-4.0.84/node_modules/@ui5-language-assistant/language-server/dist/server.js:456:16868)\n    at _Kt (/extbin/local/openvscode-server/extensions/vscode-ui5-language-assistant-4.0.84/node_modules/@ui5-language-assistant/language-server/dist/server.js:813:36614)\n    at eye (/extbin/local/openvscode-server/extensions/vscode-ui5-language-assistant-4.0.84/node_modules/@ui5-language-assistant/language-server/dist/server.js:1404:6163)\n    at AGn (/extbin/local/openvscode-server/extensions/vscode-ui5-language-assistant-4.0.84/node_modules/@ui5-language-assistant/language-server/dist/server.js:1411:3117)\n    at async bGn (/extbin/local/openvscode-server/extensions/vscode-ui5-language-assistant-4.0.84/node_modules/@ui5-language-assistant/language-server/dist/server.js:1411:3986)\n    at async /extbin/local/openvscode-server/extensions/vscode-ui5-language-assistant-4.0.84/node_modules/@ui5-language-assistant/language-server/dist/server.js:1411:4707",
  "time": "2026-01-07T03:07:16.059Z"
}
{
  "label": "@ui5-language-assistant/language-server",
  "level": "error",
  "message": "`onDidChangeWatchedFiles` failed: Cannot read properties of undefined (reading 'type')",
  "stack": "TypeError: Cannot read properties of undefined (reading 'type')\n    at ISe (/extbin/local/openvscode-server/extensions/vscode-ui5-language-assistant-4.0.84/node_modules/@ui5-language-assistant/language-server/dist/server.js:456:16868)\n    at _Kt (/extbin/local/openvscode-server/extensions/vscode-ui5-language-assistant-4.0.84/node_modules/@ui5-language-assistant/language-server/dist/server.js:813:36614)\n    at eye (/extbin/local/openvscode-server/extensions/vscode-ui5-language-assistant-4.0.84/node_modules/@ui5-language-assistant/language-server/dist/server.js:1404:6163)\n    at AGn (/extbin/local/openvscode-server/extensions/vscode-ui5-language-assistant-4.0.84/node_modules/@ui5-language-assistant/language-server/dist/server.js:1411:3117)\n    at async bGn (/extbin/local/openvscode-server/extensions/vscode-ui5-language-assistant-4.0.84/node_modules/@ui5-language-assistant/language-server/dist/server.js:1411:3986)\n    at async /extbin/local/openvscode-server/extensions/vscode-ui5-language-assistant-4.0.84/node_modules/@ui5-language-assistant/language-server/dist/server.js:1411:4707",
  "time": "2026-01-07T03:07:17.847Z"
}
{
  "label": "@ui5-language-assistant/language-server",
  "level": "error",
  "message": "`onDidChangeWatchedFiles` failed: Cannot read properties of undefined (reading 'type')",
  "stack": "TypeError: Cannot read properties of undefined (reading 'type')\n    at ISe (/extbin/local/openvscode-server/extensions/vscode-ui5-language-assistant-4.0.84/node_modules/@ui5-language-assistant/language-server/dist/server.js:456:16868)\n    at _Kt (/extbin/local/openvscode-server/extensions/vscode-ui5-language-assistant-4.0.84/node_modules/@ui5-language-assistant/language-server/dist/server.js:813:36614)\n    at eye (/extbin/local/openvscode-server/extensions/vscode-ui5-language-assistant-4.0.84/node_modules/@ui5-language-assistant/language-server/dist/server.js:1404:6163)\n    at AGn (/extbin/local/openvscode-server/extensions/vscode-ui5-language-assistant-4.0.84/node_modules/@ui5-language-assistant/language-server/dist/server.js:1411:3117)\n    at async bGn (/extbin/local/openvscode-server/extensions/vscode-ui5-language-assistant-4.0.84/node_modules/@ui5-language-assistant/language-server/dist/server.js:1411:3986)\n    at async /extbin/local/openvscode-server/extensions/vscode-ui5-language-assistant-4.0.84/node_modules/@ui5-language-assistant/language-server/dist/server.js:1411:4707",
  "time": "2026-01-07T03:07:23.045Z"
}
{
  "label": "@ui5-language-assistant/language-server",
  "level": "error",
  "message": "`onDidChangeWatchedFiles` failed: Cannot read properties of undefined (reading 'type')",
  "stack": "TypeError: Cannot read properties of undefined (reading 'type')\n    at ISe (/extbin/local/openvscode-server/extensions/vscode-ui5-language-assistant-4.0.84/node_modules/@ui5-language-assistant/language-server/dist/server.js:456:16868)\n    at _Kt (/extbin/local/openvscode-server/extensions/vscode-ui5-language-assistant-4.0.84/node_modules/@ui5-language-assistant/language-server/dist/server.js:813:36614)\n    at eye (/extbin/local/openvscode-server/extensions/vscode-ui5-language-assistant-4.0.84/node_modules/@ui5-language-assistant/language-server/dist/server.js:1404:6163)\n    at AGn (/extbin/local/openvscode-server/extensions/vscode-ui5-language-assistant-4.0.84/node_modules/@ui5-language-assistant/language-server/dist/server.js:1411:3117)\n    at async bGn (/extbin/local/openvscode-server/extensions/vscode-ui5-language-assistant-4.0.84/node_modules/@ui5-language-assistant/language-server/dist/server.js:1411:3986)\n    at async /extbin/local/openvscode-server/extensions/vscode-ui5-language-assistant-4.0.84/node_modules/@ui5-language-assistant/language-server/dist/server.js:1411:4707",
  "time": "2026-01-07T03:07:28.940Z"
}
{
  "label": "@ui5-language-assistant/language-server",
  "level": "error",
  "message": "`onDidChangeWatchedFiles` failed: Cannot read properties of undefined (reading 'type')",
  "stack": "TypeError: Cannot read properties of undefined (reading 'type')\n    at ISe (/extbin/local/openvscode-server/extensions/vscode-ui5-language-assistant-4.0.84/node_modules/@ui5-language-assistant/language-server/dist/server.js:456:16868)\n    at _Kt (/extbin/local/openvscode-server/extensions/vscode-ui5-language-assistant-4.0.84/node_modules/@ui5-language-assistant/language-server/dist/server.js:813:36614)\n    at eye (/extbin/local/openvscode-server/extensions/vscode-ui5-language-assistant-4.0.84/node_modules/@ui5-language-assistant/language-server/dist/server.js:1404:6163)\n    at AGn (/extbin/local/openvscode-server/extensions/vscode-ui5-language-assistant-4.0.84/node_modules/@ui5-language-assistant/language-server/dist/server.js:1411:3117)\n    at async bGn (/extbin/local/openvscode-server/extensions/vscode-ui5-language-assistant-4.0.84/node_modules/@ui5-language-assistant/language-server/dist/server.js:1411:3986)\n    at async /extbin/local/openvscode-server/extensions/vscode-ui5-language-assistant-4.0.84/node_modules/@ui5-language-assistant/language-server/dist/server.js:1411:4707",
  "time": "2026-01-07T03:07:35.451Z"
}
{
  "label": "@ui5-language-assistant/language-server",
  "level": "error",
  "message": "`onDidChangeWatchedFiles` failed: Cannot read properties of undefined (reading 'type')",
  "stack": "TypeError: Cannot read properties of undefined (reading 'type')\n    at ISe (/extbin/local/openvscode-server/extensions/vscode-ui5-language-assistant-4.0.84/node_modules/@ui5-language-assistant/language-server/dist/server.js:456:16868)\n    at _Kt (/extbin/local/openvscode-server/extensions/vscode-ui5-language-assistant-4.0.84/node_modules/@ui5-language-assistant/language-server/dist/server.js:813:36614)\n    at eye (/extbin/local/openvscode-server/extensions/vscode-ui5-language-assistant-4.0.84/node_modules/@ui5-language-assistant/language-server/dist/server.js:1404:6163)\n    at AGn (/extbin/local/openvscode-server/extensions/vscode-ui5-language-assistant-4.0.84/node_modules/@ui5-language-assistant/language-server/dist/server.js:1411:3117)\n    at async bGn (/extbin/local/openvscode-server/extensions/vscode-ui5-language-assistant-4.0.84/node_modules/@ui5-language-assistant/language-server/dist/server.js:1411:3986)\n    at async /extbin/local/openvscode-server/extensions/vscode-ui5-language-assistant-4.0.84/node_modules/@ui5-language-assistant/language-server/dist/server.js:1411:4707",
  "time": "2026-01-07T03:07:59.083Z"
}
{
  "label": "@ui5-language-assistant/language-server",
  "level": "error",
  "message": "`onDidChangeWatchedFiles` failed: Cannot read properties of undefined (reading 'type')",
  "stack": "TypeError: Cannot read properties of undefined (reading 'type')\n    at ISe (/extbin/local/openvscode-server/extensions/vscode-ui5-language-assistant-4.0.84/node_modules/@ui5-language-assistant/language-server/dist/server.js:456:16868)\n    at _Kt (/extbin/local/openvscode-server/extensions/vscode-ui5-language-assistant-4.0.84/node_modules/@ui5-language-assistant/language-server/dist/server.js:813:36614)\n    at eye (/extbin/local/openvscode-server/extensions/vscode-ui5-language-assistant-4.0.84/node_modules/@ui5-language-assistant/language-server/dist/server.js:1404:6163)\n    at AGn (/extbin/local/openvscode-server/extensions/vscode-ui5-language-assistant-4.0.84/node_modules/@ui5-language-assistant/language-server/dist/server.js:1411:3117)\n    at async bGn (/extbin/local/openvscode-server/extensions/vscode-ui5-language-assistant-4.0.84/node_modules/@ui5-language-assistant/language-server/dist/server.js:1411:3986)\n    at async /extbin/local/openvscode-server/extensions/vscode-ui5-language-assistant-4.0.84/node_modules/@ui5-language-assistant/language-server/dist/server.js:1411:4707",
  "time": "2026-01-07T03:26:29.478Z"
}
