[1767751478515] INFO  (ext): SQLTools is starting
[1767751478518] INFO  (ext): initializing language client...
[1767751478609] INFO  (ext): Registering client for languages [{"scheme":"sqltools"},{"language":"sql","scheme":"untitled"},{"language":"sql","scheme":"file"},{"language":"sql","scheme":"sqltools"}]
    ns: "lc"
[1767751478614] INFO  (ext): loading plugins...
[1767751478614] INFO  (ext): registering Formatter Plugin.
    plugin: {
      "name": "Formatter Plugin"
    }
[1767751478614] INFO  (ext): registering Connection Manager Plugin.
    plugin: {
      "name": "Connection Manager Plugin"
    }
[1767751478615] INFO  (ext): registering CodeLens Plugin.
    plugin: {
      "name": "CodeLens Plugin",
      "registeredLanguages": []
    }
[1767751478616] INFO  (ext): registering Dependency Manager Plugin.
    plugin: {
      "name": "Dependency Manager Plugin",
      "installingDrivers": []
    }
[1767751478616] INFO  (ext): Connection explorer changed. Will be updated.
    ns: "conn-man:explorer"
[1767751478617] INFO  (ext): registering History Manager Plugin.
    plugin: {
      "name": "History Manager Plugin"
    }
[1767751478617] INFO  (ext): registering Bookmarks Manager Plugin.
    plugin: {
      "name": "Bookmarks Manager Plugin"
    }
[1767751478623] INFO  (ext): registering Authentication Provider Plugin.
    plugin: {
      "name": "Authentication Provider Plugin",
      "isRegistered": false
    }
[1767751478623] INFO  (ext): registering Object Drop-in Provider (plugin).
    plugin: {
      "type": "plugin",
      "name": "Object Drop-in Provider",
      "isRegistered": false
    }
[1767751478623] INFO  (ext): SQLTools activation completed. 108.378242 ms
[1767751478626] INFO  (ext): Formatter Plugin registered!
[1767751478626] INFO  (ext): CodeLens Plugin registered!
[1767751478626] INFO  (ext): Dependency Manager Plugin registered!
[1767751478627] INFO  (ext): Connection Manager Plugin registered!
[1767751478627] INFO  (ext): History Manager Plugin registered!
[1767751478627] INFO  (ext): Bookmarks Manager Plugin registered!
[1767751478627] INFO  (ext): Authentication Provider Plugin registered!
[1767751478627] INFO  (ext): Object Drop-in Provider (plugin) registered!
[1767751479672] INFO  (ext): EXECUTING COMMAND => sqltools.refreshTree
[1767751479672] INFO  (ext): Connection explorer changed. Will be updated.
    ns: "conn-man:explorer"
[1767751479797] INFO  (ls): SQLTools Server started!
===============================
Using node runtime?: yes
ExecPath: /opt/nodejs/node-v22.19.0-linux-x64/bin/node v22.19.0
===============================
[1767751479800] INFO  (ls): User defined env vars
===============================
{"PATH":"/usr/local/sbin:/usr/local/bin:/usr/sbin:/usr/bin:/sbin:/bin:/home/user/.node_modules_global/bin"}
===============================:
[1767751479899] INFO  (ext): LanguageClient ready
    ns: "lc"
[1767751479899] INFO  (ls): Initialized with node version:v22.19.0
[1767751480522] INFO  (ext): registering SQLite Plugin (driver).
    plugin: {
      "extensionId": "mtxr.sqltools-driver-sqlite",
      "name": "SQLite Plugin",
      "type": "driver"
    }
[1767751483125] INFO  (ext): Connection explorer changed. Will be updated.
    ns: "conn-man:explorer"
[1767751483125] INFO  (ext): EXECUTING COMMAND => sqltools.refreshTree
[1767751483125] INFO  (ext): Connection explorer changed. Will be updated.
    ns: "conn-man:explorer"
[1767751480523] INFO  (ls): REQUEST RECEIVED => ls/RegisterPlugin
[1767751480523] INFO  (ls): request to register plugin: "/extbin/local/openvscode-server/extensions/mtxr.sqltools-driver-sqlite-0.5.0/out/ls/plugin.js"
[1767751480544] INFO  (ls): Driver sqlite registered!
    place: "driver-map"
    ns: "ls-context"
[1767751483130] INFO  (ext): SQLite Plugin (driver) registered!
[1767751484131] INFO  (ext): EXECUTING COMMAND => sqltools.refreshTree
[1767751484131] INFO  (ext): Connection explorer changed. Will be updated.
    ns: "conn-man:explorer"
[1767751487239] INFO  (ext): Connection explorer changed. Will be updated.
    ns: "conn-man:explorer"
[1767751494134] INFO  (ext): Connection explorer changed. Will be updated.
    ns: "conn-man:explorer"
[1767751510467] INFO  (ext): Connection explorer changed. Will be updated.
    ns: "conn-man:explorer"
[1767751513306] INFO  (ext): Connection explorer changed. Will be updated.
    ns: "conn-man:explorer"
[1767751601262] INFO  (ext): Connection explorer changed. Will be updated.
    ns: "conn-man:explorer"
[1767751605775] INFO  (ext): Connection explorer changed. Will be updated.
    ns: "conn-man:explorer"
[1767751668202] INFO  (ext): Connection explorer changed. Will be updated.
    ns: "conn-man:explorer"
[1767751849296] INFO  (ext): Connection explorer changed. Will be updated.
    ns: "conn-man:explorer"
[1767752031176] INFO  (ext): Connection explorer changed. Will be updated.
    ns: "conn-man:explorer"
[1767752072210] INFO  (ext): Connection explorer changed. Will be updated.
    ns: "conn-man:explorer"
[1767752212157] INFO  (ext): Connection explorer changed. Will be updated.
    ns: "conn-man:explorer"
[1767752393199] INFO  (ext): Connection explorer changed. Will be updated.
    ns: "conn-man:explorer"
[1767752518601] INFO  (ext): Connection explorer changed. Will be updated.
    ns: "conn-man:explorer"
[1767752573935] INFO  (ext): Connection explorer changed. Will be updated.
    ns: "conn-man:explorer"
[1767752756108] INFO  (ext): Connection explorer changed. Will be updated.
    ns: "conn-man:explorer"
[1767753077740] INFO  (ext): Connection explorer changed. Will be updated.
    ns: "conn-man:explorer"
[1767753130703] INFO  (ext): Connection explorer changed. Will be updated.
    ns: "conn-man:explorer"
[1767753259153] INFO  (ext): Connection explorer changed. Will be updated.
    ns: "conn-man:explorer"
[1767753439867] INFO  (ext): Connection explorer changed. Will be updated.
    ns: "conn-man:explorer"
[1767753602776] INFO  (ext): Connection explorer changed. Will be updated.
    ns: "conn-man:explorer"
[1767753621144] INFO  (ext): Connection explorer changed. Will be updated.
    ns: "conn-man:explorer"
[1767753801841] INFO  (ext): Connection explorer changed. Will be updated.
    ns: "conn-man:explorer"
[1767753982553] INFO  (ext): Connection explorer changed. Will be updated.
    ns: "conn-man:explorer"
[1767754163334] INFO  (ext): Connection explorer changed. Will be updated.
    ns: "conn-man:explorer"
[1767754344131] INFO  (ext): Connection explorer changed. Will be updated.
    ns: "conn-man:explorer"
[1767754524854] INFO  (ext): Connection explorer changed. Will be updated.
    ns: "conn-man:explorer"
[1767754705548] INFO  (ext): Connection explorer changed. Will be updated.
    ns: "conn-man:explorer"
[1767754721034] INFO  (ext): Connection explorer changed. Will be updated.
    ns: "conn-man:explorer"
[1767754887166] INFO  (ext): Connection explorer changed. Will be updated.
    ns: "conn-man:explorer"
[1767755068142] INFO  (ext): Connection explorer changed. Will be updated.
    ns: "conn-man:explorer"
[1767755160660] INFO  (ext): Connection explorer changed. Will be updated.
    ns: "conn-man:explorer"
[1767755248840] INFO  (ext): Connection explorer changed. Will be updated.
    ns: "conn-man:explorer"
[1767755431322] INFO  (ext): Connection explorer changed. Will be updated.
    ns: "conn-man:explorer"
[1767755612031] INFO  (ext): Connection explorer changed. Will be updated.
    ns: "conn-man:explorer"
[1767755793243] INFO  (ext): Connection explorer changed. Will be updated.
    ns: "conn-man:explorer"
[1767755973941] INFO  (ext): Connection explorer changed. Will be updated.
    ns: "conn-man:explorer"
[1767756156259] INFO  (ext): Connection explorer changed. Will be updated.
    ns: "conn-man:explorer"
[1767756337194] INFO  (ext): Connection explorer changed. Will be updated.
    ns: "conn-man:explorer"
[1767758734011] INFO  (ext): Connection explorer changed. Will be updated.
    ns: "conn-man:explorer"
