[1768037254506] INFO  (ext): SQLTools is starting
[1768037254508] INFO  (ext): initializing language client...
[1768037254601] INFO  (ext): Registering client for languages [{"scheme":"sqltools"},{"language":"sql","scheme":"untitled"},{"language":"sql","scheme":"file"},{"language":"sql","scheme":"sqltools"}]
    ns: "lc"
[1768037254610] INFO  (ext): loading plugins...
[1768037254610] INFO  (ext): registering Formatter Plugin.
    plugin: {
      "name": "Formatter Plugin"
    }
[1768037254611] INFO  (ext): registering Connection Manager Plugin.
    plugin: {
      "name": "Connection Manager Plugin"
    }
[1768037254611] INFO  (ext): registering CodeLens Plugin.
    plugin: {
      "name": "CodeLens Plugin",
      "registeredLanguages": []
    }
[1768037254612] INFO  (ext): registering Dependency Manager Plugin.
    plugin: {
      "name": "Dependency Manager Plugin",
      "installingDrivers": []
    }
[1768037254613] INFO  (ext): Connection explorer changed. Will be updated.
    ns: "conn-man:explorer"
[1768037254613] INFO  (ext): registering History Manager Plugin.
    plugin: {
      "name": "History Manager Plugin"
    }
[1768037254613] INFO  (ext): registering Bookmarks Manager Plugin.
    plugin: {
      "name": "Bookmarks Manager Plugin"
    }
[1768037254614] INFO  (ext): registering Authentication Provider Plugin.
    plugin: {
      "name": "Authentication Provider Plugin",
      "isRegistered": false
    }
[1768037254614] INFO  (ext): registering Object Drop-in Provider (plugin).
    plugin: {
      "type": "plugin",
      "name": "Object Drop-in Provider",
      "isRegistered": false
    }
[1768037254614] INFO  (ext): SQLTools activation completed. 108.141627 ms
[1768037254618] INFO  (ext): Formatter Plugin registered!
[1768037254618] INFO  (ext): CodeLens Plugin registered!
[1768037254618] INFO  (ext): Dependency Manager Plugin registered!
[1768037254618] INFO  (ext): Connection Manager Plugin registered!
[1768037254618] INFO  (ext): History Manager Plugin registered!
[1768037254618] INFO  (ext): Bookmarks Manager Plugin registered!
[1768037254618] INFO  (ext): Authentication Provider Plugin registered!
[1768037254618] INFO  (ext): Object Drop-in Provider (plugin) registered!
[1768037255709] INFO  (ext): EXECUTING COMMAND => sqltools.refreshTree
[1768037255709] INFO  (ext): Connection explorer changed. Will be updated.
    ns: "conn-man:explorer"
[1768037255820] INFO  (ls): SQLTools Server started!
===============================
Using node runtime?: yes
ExecPath: /opt/nodejs/node-v22.19.0-linux-x64/bin/node v22.19.0
===============================
[1768037255823] INFO  (ls): User defined env vars
===============================
{"PATH":"/usr/local/sbin:/usr/local/bin:/usr/sbin:/usr/bin:/sbin:/bin:/home/user/.node_modules_global/bin"}
===============================:
[1768037255855] INFO  (ext): LanguageClient ready
    ns: "lc"
[1768037255853] INFO  (ls): Initialized with node version:v22.19.0
[1768037256613] INFO  (ext): Connection explorer changed. Will be updated.
    ns: "conn-man:explorer"
[1768037258019] INFO  (ext): registering SQLite Plugin (driver).
    plugin: {
      "extensionId": "mtxr.sqltools-driver-sqlite",
      "name": "SQLite Plugin",
      "type": "driver"
    }
[1768037260807] INFO  (ext): EXECUTING COMMAND => sqltools.refreshTree
[1768037260807] INFO  (ext): Connection explorer changed. Will be updated.
    ns: "conn-man:explorer"
[1768037258020] INFO  (ls): REQUEST RECEIVED => ls/RegisterPlugin
[1768037258020] INFO  (ls): request to register plugin: "/extbin/local/openvscode-server/extensions/mtxr.sqltools-driver-sqlite-0.5.0/out/ls/plugin.js"
[1768037258042] INFO  (ls): Driver sqlite registered!
    place: "driver-map"
    ns: "ls-context"
[1768037260810] INFO  (ext): SQLite Plugin (driver) registered!
[1768037261816] INFO  (ext): EXECUTING COMMAND => sqltools.refreshTree
[1768037261816] INFO  (ext): Connection explorer changed. Will be updated.
    ns: "conn-man:explorer"
[1768037263051] INFO  (ext): Connection explorer changed. Will be updated.
    ns: "conn-man:explorer"
[1768037265030] INFO  (ext): Connection explorer changed. Will be updated.
    ns: "conn-man:explorer"
[1768037276019] INFO  (ext): Connection explorer changed. Will be updated.
    ns: "conn-man:explorer"
[1768037276966] INFO  (ext): Connection explorer changed. Will be updated.
    ns: "conn-man:explorer"
[1768037278115] INFO  (ext): Connection explorer changed. Will be updated.
    ns: "conn-man:explorer"
[1768037284816] INFO  (ext): Connection explorer changed. Will be updated.
    ns: "conn-man:explorer"
[1768037305164] INFO  (ext): Connection explorer changed. Will be updated.
    ns: "conn-man:explorer"
[1768037328206] INFO  (ext): Connection explorer changed. Will be updated.
    ns: "conn-man:explorer"
[1768037332894] INFO  (ext): Connection explorer changed. Will be updated.
    ns: "conn-man:explorer"
[1768037333559] INFO  (ext): Connection explorer changed. Will be updated.
    ns: "conn-man:explorer"
[1768037334227] INFO  (ext): Connection explorer changed. Will be updated.
    ns: "conn-man:explorer"
[1768037334892] INFO  (ext): Connection explorer changed. Will be updated.
    ns: "conn-man:explorer"
[1768037335559] INFO  (ext): Connection explorer changed. Will be updated.
    ns: "conn-man:explorer"
[1768037336230] INFO  (ext): Connection explorer changed. Will be updated.
    ns: "conn-man:explorer"
[1768037359927] INFO  (ext): Connection explorer changed. Will be updated.
    ns: "conn-man:explorer"
[1768037396195] INFO  (ext): Connection explorer changed. Will be updated.
    ns: "conn-man:explorer"
[1768037396872] INFO  (ext): Connection explorer changed. Will be updated.
    ns: "conn-man:explorer"
[1768037458198] INFO  (ext): Connection explorer changed. Will be updated.
    ns: "conn-man:explorer"
[1768038284851] INFO  (ext): Connection explorer changed. Will be updated.
    ns: "conn-man:explorer"
[1768038593515] INFO  (ext): Connection explorer changed. Will be updated.
    ns: "conn-man:explorer"
[1768038893529] INFO  (ext): Connection explorer changed. Will be updated.
    ns: "conn-man:explorer"
[1768039193544] INFO  (ext): Connection explorer changed. Will be updated.
    ns: "conn-man:explorer"
[1768039493533] INFO  (ext): Connection explorer changed. Will be updated.
    ns: "conn-man:explorer"
[1768039793531] INFO  (ext): Connection explorer changed. Will be updated.
    ns: "conn-man:explorer"
[1768040093535] INFO  (ext): Connection explorer changed. Will be updated.
    ns: "conn-man:explorer"
[1768040393559] INFO  (ext): Connection explorer changed. Will be updated.
    ns: "conn-man:explorer"
[1768040693542] INFO  (ext): Connection explorer changed. Will be updated.
    ns: "conn-man:explorer"
[1768040993535] INFO  (ext): Connection explorer changed. Will be updated.
    ns: "conn-man:explorer"
[1768041293550] INFO  (ext): Connection explorer changed. Will be updated.
    ns: "conn-man:explorer"
[1768041593546] INFO  (ext): Connection explorer changed. Will be updated.
    ns: "conn-man:explorer"
[1768041893562] INFO  (ext): Connection explorer changed. Will be updated.
    ns: "conn-man:explorer"
