[1767710814468] INFO  (ext): SQLTools is starting
[1767710814469] INFO  (ext): initializing language client...
[1767710814537] INFO  (ext): Registering client for languages [{"scheme":"sqltools"},{"language":"sql","scheme":"untitled"},{"language":"sql","scheme":"file"},{"language":"sql","scheme":"sqltools"}]
    ns: "lc"
[1767710814542] INFO  (ext): loading plugins...
[1767710814542] INFO  (ext): registering Formatter Plugin.
    plugin: {
      "name": "Formatter Plugin"
    }
[1767710814542] INFO  (ext): registering Connection Manager Plugin.
    plugin: {
      "name": "Connection Manager Plugin"
    }
[1767710814543] INFO  (ext): registering CodeLens Plugin.
    plugin: {
      "name": "CodeLens Plugin",
      "registeredLanguages": []
    }
[1767710814543] INFO  (ext): registering Dependency Manager Plugin.
    plugin: {
      "name": "Dependency Manager Plugin",
      "installingDrivers": []
    }
[1767710814544] INFO  (ext): Connection explorer changed. Will be updated.
    ns: "conn-man:explorer"
[1767710814545] INFO  (ext): registering History Manager Plugin.
    plugin: {
      "name": "History Manager Plugin"
    }
[1767710814545] INFO  (ext): registering Bookmarks Manager Plugin.
    plugin: {
      "name": "Bookmarks Manager Plugin"
    }
[1767710814545] INFO  (ext): registering Authentication Provider Plugin.
    plugin: {
      "name": "Authentication Provider Plugin",
      "isRegistered": false
    }
[1767710814545] INFO  (ext): registering Object Drop-in Provider (plugin).
    plugin: {
      "type": "plugin",
      "name": "Object Drop-in Provider",
      "isRegistered": false
    }
[1767710814546] INFO  (ext): SQLTools activation completed. 77.972269 ms
[1767710814556] INFO  (ext): Formatter Plugin registered!
[1767710814556] INFO  (ext): CodeLens Plugin registered!
[1767710814557] INFO  (ext): Dependency Manager Plugin registered!
[1767710814557] INFO  (ext): Connection Manager Plugin registered!
[1767710814557] INFO  (ext): History Manager Plugin registered!
[1767710814557] INFO  (ext): Bookmarks Manager Plugin registered!
[1767710814557] INFO  (ext): Authentication Provider Plugin registered!
[1767710814557] INFO  (ext): Object Drop-in Provider (plugin) registered!
[1767710815585] INFO  (ext): EXECUTING COMMAND => sqltools.refreshTree
[1767710815586] INFO  (ext): Connection explorer changed. Will be updated.
    ns: "conn-man:explorer"
[1767710814649] INFO  (ls): SQLTools Server started!
===============================
Using node runtime?: yes
ExecPath: /opt/nodejs/node-v22.19.0-linux-x64/bin/node v22.19.0
===============================
[1767710814652] INFO  (ls): User defined env vars
===============================
{"PATH":"/usr/local/sbin:/usr/local/bin:/usr/sbin:/usr/bin:/sbin:/bin:/home/user/.node_modules_global/bin"}
===============================:
[1767710815606] INFO  (ext): LanguageClient ready
    ns: "lc"
[1767710815604] INFO  (ls): Initialized with node version:v22.19.0
[1767710816206] INFO  (ext): registering SQLite Plugin (driver).
    plugin: {
      "extensionId": "mtxr.sqltools-driver-sqlite",
      "name": "SQLite Plugin",
      "type": "driver"
    }
[1767710819202] INFO  (ext): Connection explorer changed. Will be updated.
    ns: "conn-man:explorer"
[1767710819202] INFO  (ext): EXECUTING COMMAND => sqltools.refreshTree
[1767710819202] INFO  (ext): Connection explorer changed. Will be updated.
    ns: "conn-man:explorer"
[1767710816207] INFO  (ls): REQUEST RECEIVED => ls/RegisterPlugin
[1767710816207] INFO  (ls): request to register plugin: "/extbin/local/openvscode-server/extensions/mtxr.sqltools-driver-sqlite-0.5.0/out/ls/plugin.js"
[1767710816228] INFO  (ls): Driver sqlite registered!
    place: "driver-map"
    ns: "ls-context"
[1767710819204] INFO  (ext): SQLite Plugin (driver) registered!
[1767710820998] INFO  (ext): EXECUTING COMMAND => sqltools.refreshTree
[1767710820998] INFO  (ext): Connection explorer changed. Will be updated.
    ns: "conn-man:explorer"
[1767710830080] INFO  (ext): Connection explorer changed. Will be updated.
    ns: "conn-man:explorer"
[1767710838569] INFO  (ext): Connection explorer changed. Will be updated.
    ns: "conn-man:explorer"
[1767710850024] INFO  (ext): Connection explorer changed. Will be updated.
    ns: "conn-man:explorer"
