AppFolders: starting processing setAppFoldersContext()
AppFolders:
	projectRoots: 0
	subWebappRoots: 0
	manifestAppDescRoots: 0
AppFolders: Function setContext() done in 1145.490ms
AppFolders: Directory 'file:///home/user/.vscode/data/logs/20260109T085220/exthost2/SAP.vscode-wing-run-config' changed, updating app folders in context. 
AppFolders:
	projectRoots: 0
	subWebappRoots: 0
	manifestAppDescRoots: 0
AppFolders: Function setContext() done in 937.584ms
AppFolders: Directory 'file:///home/user/.vscode/data/logs/20260109T085220/exthost2/vscode.git' changed, updating app folders in context. 
AppFolders:
	projectRoots: 0
	subWebappRoots: 0
	manifestAppDescRoots: 0
AppFolders: Function setContext() done in 5904.342ms
AppFolders: Directory 'file:///home/user/.vscode/data/logs/20260109T085220/exthost2/SAPSE.vscode-wing-cap-run' changed, updating app folders in context. 
AppFolders:
	projectRoots: 0
	subWebappRoots: 0
	manifestAppDescRoots: 0
AppFolders: Function setContext() done in 883.919ms
AppFolders: Directory 'file:///home/user/.vscode/data/logs/20260109T085220/exthost2/SAPSE.vscode-wing-ui5-run' changed, updating app folders in context. 
AppFolders:
	projectRoots: 0
	subWebappRoots: 0
	manifestAppDescRoots: 0
AppFolders: Function setContext() done in 2464.478ms
AppFolders: Directory 'file:///home/user/.vscode/data/logs/20260109T085220/exthost2/SAPSE.vscode-bas-fiori-tools' changed, updating app folders in context. 
AppFolders:
	projectRoots: 0
	subWebappRoots: 0
	manifestAppDescRoots: 0
AppFolders: Function setContext() done in 1287.431ms
AppFolders: Directory 'file:///home/user/.vscode/data/logs/20260109T085220/exthost2/vscode.json-language-features' changed, updating app folders in context. 
AppFolders:
	projectRoots: 0
	subWebappRoots: 0
	manifestAppDescRoots: 0
AppFolders: Function setContext() done in 847.684ms
AppFolders: Directory 'file:///home/user/.vscode/data/logs/20260109T085220/exthost2/SAPSE.hana-project-explorer' changed, updating app folders in context. 
AppFolders:
	projectRoots: 0
	subWebappRoots: 0
	manifestAppDescRoots: 0
AppFolders: Function setContext() done in 847.747ms
AppFolders: Directory 'file:///home/user/.vscode/data/logs/20260109T085220/exthost2/vscode.microsoft-authentication' changed, updating app folders in context. 
AppFolders:
	projectRoots: 0
	subWebappRoots: 0
	manifestAppDescRoots: 0
AppFolders: Function setContext() done in 1196.275ms
AppFolders: Directory 'file:///home/user/.vscode/data/logs/20260109T085220/exthost2/SAP.vscode-wing-welcome-screen' changed, updating app folders in context. 
AppFolders:
	projectRoots: 0
	subWebappRoots: 0
	manifestAppDescRoots: 0
AppFolders: Function setContext() done in 966.150ms
AppFolders: Directory 'file:///home/user/project1' changed, updating app folders in context. 
AppFolders: Directory 'file:///home/user/project1/webapp/view' changed, updating app folders in context. 
AppFolders:
	projectRoots: 0
	subWebappRoots: 0
	manifestAppDescRoots: 0
AppFolders: Function setContext() done in 1847.408ms
AppFolders:
	projectRoots: 0
	subWebappRoots: 0
	manifestAppDescRoots: 0
AppFolders: Function setContext() done in 3390.118ms
AppFolders: Directory 'file:///home/user/project1/node_modules/%40sap-ux' changed, updating app folders in context. 
AppFolders: Directory 'file:///home/user/project1/node_modules/statuses' changed, updating app folders in context. 
AppFolders: Directory 'file:///home/user/project1/node_modules/yargs-parser' changed, updating app folders in context. 
AppFolders:
	projectRoots: 0
	subWebappRoots: 0
	manifestAppDescRoots: 0
AppFolders: Function setContext() done in 1811.052ms
AppFolders: Directory 'file:///home/user/project1/node_modules/%40ui5/cli/node_modules/yesno' changed, updating app folders in context. 
AppFolders: Directory 'file:///home/user/project1/node_modules/sax/lib' changed, updating app folders in context. 
AppFolders: Directory 'file:///home/user/project1/node_modules/textextensions/edition-browsers' changed, updating app folders in context. 
AppFolders:
	projectRoots: 0
	subWebappRoots: 0
	manifestAppDescRoots: 0
AppFolders: Function setContext() done in 6099.482ms
AppFolders:
	projectRoots: 0
	subWebappRoots: 0
	manifestAppDescRoots: 0
AppFolders: Function setContext() done in 6475.936ms
AppFolders: Directory 'file:///home/user/project1/node_modules/which/bin' changed, updating app folders in context. 
AppFolders:
	projectRoots: 0
	subWebappRoots: 0
	manifestAppDescRoots: 0
AppFolders: Function setContext() done in 7631.487ms
AppFolders: Directory 'file:///home/user/project1/node_modules/es-object-atoms/test' changed, updating app folders in context. 
AppFolders: Directory 'file:///home/user/project1/node_modules/%40ui5/cli/node_modules/is-core-module/test' changed, updating app folders in context. 
AppFolders:
	projectRoots: 0
	subWebappRoots: 0
	manifestAppDescRoots: 0
AppFolders: Function setContext() done in 8397.967ms
AppFolders: Directory 'file:///home/user/project1/node_modules/safe-stable-stringify/esm' changed, updating app folders in context. 
AppFolders:
	projectRoots: 0
	subWebappRoots: 0
	manifestAppDescRoots: 0
AppFolders: Function setContext() done in 8272.955ms
AppFolders:
	projectRoots: 0
	subWebappRoots: 0
	manifestAppDescRoots: 0
AppFolders: Function setContext() done in 7826.445ms
AppFolders:
	projectRoots: 0
	subWebappRoots: 0
	manifestAppDescRoots: 0
AppFolders: Function setContext() done in 7594.200ms
AppFolders: Directory 'file:///home/user/project1/node_modules/resolve/test/resolver/symlinked/_' changed, updating app folders in context. 
AppFolders:
	projectRoots: 0
	subWebappRoots: 0
	manifestAppDescRoots: 0
AppFolders: Function setContext() done in 5539.284ms
AppFolders: Directory 'file:///home/user/project1/node_modules/inquirer/lib/ui' changed, updating app folders in context. 
AppFolders:
	projectRoots: 0
	subWebappRoots: 0
	manifestAppDescRoots: 0
AppFolders: Function setContext() done in 4168.814ms
AppFolders: Directory 'file:///home/user/project1/node_modules/%40ui5/cli/node_modules/retry/lib' changed, updating app folders in context. 
AppFolders: Directory 'file:///home/user/project1/node_modules/streamroller/node_modules/fs-extra/lib/copy-sync' changed, updating app folders in context. 
AppFolders:
	projectRoots: 0
	subWebappRoots: 0
	manifestAppDescRoots: 0
AppFolders: Function setContext() done in 4818.678ms
AppFolders: Directory 'file:///home/user/project1/node_modules/%40ui5/cli/node_modules/iconv-lite/encodings/tables' changed, updating app folders in context. 
AppFolders:
	projectRoots: 0
	subWebappRoots: 0
	manifestAppDescRoots: 0
AppFolders: Function setContext() done in 4605.008ms
AppFolders: Directory 'file:///home/user/project1/node_modules/%40ui5/cli/node_modules/has-symbols/.github' changed, updating app folders in context. 
AppFolders:
	projectRoots: 0
	subWebappRoots: 0
	manifestAppDescRoots: 0
AppFolders: Function setContext() done in 5862.663ms
AppFolders: Directory 'file:///home/user/project1/node_modules/%40ui5/cli/node_modules/es-errors/.github' changed, updating app folders in context. 
AppFolders:
	projectRoots: 0
	subWebappRoots: 0
	manifestAppDescRoots: 0
AppFolders: Function setContext() done in 5191.763ms
AppFolders: Directory 'file:///home/user/project1/node_modules/yaml/browser' changed, updating app folders in context. 
AppFolders:
	projectRoots: 0
	subWebappRoots: 0
	manifestAppDescRoots: 0
AppFolders: Function setContext() done in 5269.287ms
AppFolders: Directory 'file:///home/user/project1/node_modules/%40ui5/cli/node_modules/fast-glob/out/providers/matchers' changed, updating app folders in context. 
AppFolders:
	projectRoots: 0
	subWebappRoots: 0
	manifestAppDescRoots: 0
AppFolders: Function setContext() done in 5317.022ms
AppFolders: Directory 'file:///home/user/project1/node_modules/livereload/test/ssl' changed, updating app folders in context. 
AppFolders:
	projectRoots: 0
	subWebappRoots: 0
	manifestAppDescRoots: 0
AppFolders: Function setContext() done in 5301.439ms
AppFolders: Directory 'file:///home/user/project1/node_modules/%40sap-ux/inquirer-common/node_modules/semver/classes' changed, updating app folders in context. 
AppFolders:
	projectRoots: 0
	subWebappRoots: 0
	manifestAppDescRoots: 0
AppFolders: Function setContext() done in 5800.503ms
AppFolders: Directory 'file:///home/user/project1/node_modules/livereload/node_modules/readdirp/esm' changed, updating app folders in context. 
AppFolders:
	projectRoots: 0
	subWebappRoots: 0
	manifestAppDescRoots: 0
AppFolders: Function setContext() done in 6055.599ms
AppFolders: Directory 'file:///home/user/project1/node_modules/%40azure/core-rest-pipeline/dist/react-native/policies' changed, updating app folders in context. 
AppFolders:
	projectRoots: 0
	subWebappRoots: 0
	manifestAppDescRoots: 0
AppFolders: Function setContext() done in 5807.803ms
AppFolders: Directory 'file:///home/user/project1/node_modules/%40ui5/cli/node_modules/undici/lib/web/fetch' changed, updating app folders in context. 
AppFolders: Directory 'file:///home/user/project1/node_modules/yargs/locales' changed, updating app folders in context. 
AppFolders:
	projectRoots: 0
	subWebappRoots: 0
	manifestAppDescRoots: 0
AppFolders: Function setContext() done in 5064.287ms
AppFolders: Directory 'file:///home/user/project1/node_modules/%40ui5/cli/node_modules/minipass-fetch/lib' changed, updating app folders in context. 
AppFolders:
	projectRoots: 0
	subWebappRoots: 0
	manifestAppDescRoots: 0
AppFolders: Function setContext() done in 4788.584ms
AppFolders:
	projectRoots: 0
	subWebappRoots: 0
	manifestAppDescRoots: 0
AppFolders: Function setContext() done in 5933.079ms
AppFolders: Directory 'file:///home/user/project1/node_modules/%40ui5/cli/node_modules/spdy-transport/lib/spdy-transport/protocol/base' changed, updating app folders in context. 
AppFolders:
	projectRoots: 0
	subWebappRoots: 0
	manifestAppDescRoots: 0
AppFolders: Function setContext() done in 5953.519ms
AppFolders: Directory 'file:///home/user/project1/node_modules/%40azure/core-rest-pipeline/dist/react-native/util' changed, updating app folders in context. 
AppFolders:
	projectRoots: 0
	subWebappRoots: 0
	manifestAppDescRoots: 0
AppFolders: Function setContext() done in 5915.293ms
AppFolders:
	projectRoots: 0
	subWebappRoots: 0
	manifestAppDescRoots: 0
AppFolders: Function setContext() done in 5843.114ms
AppFolders: Directory 'file:///home/user/project1/node_modules/%40ui5/cli/node_modules/uc.micro/properties/Any' changed, updating app folders in context. 
AppFolders: Directory 'file:///home/user/project1/node_modules/%40ui5/cli/node_modules/resolve/test/module_dir/ymodules' changed, updating app folders in context. 
AppFolders:
	projectRoots: 0
	subWebappRoots: 0
	manifestAppDescRoots: 0
AppFolders: Function setContext() done in 4687.761ms
AppFolders: Directory 'file:///home/user/project1/node_modules/%40sap-ux/axios-extension/dist/abap/adt-catalog/generators' changed, updating app folders in context. 
AppFolders: Directory 'file:///home/user/project1/node_modules/resolve/test/node_path' changed, updating app folders in context. 
AppFolders:
	projectRoots: 0
	subWebappRoots: 0
	manifestAppDescRoots: 0
AppFolders: Function setContext() done in 4476.301ms
AppFolders: Directory 'file:///home/user/project1/node_modules/%40ui5/cli/node_modules/css-what/lib/es' changed, updating app folders in context. 
AppFolders:
	projectRoots: 0
	subWebappRoots: 0
	manifestAppDescRoots: 0
AppFolders: Function setContext() done in 5088.322ms
AppFolders:
	projectRoots: 0
	subWebappRoots: 0
	manifestAppDescRoots: 0
AppFolders: Function setContext() done in 5836.376ms
AppFolders: Directory 'file:///home/user/project1/node_modules/i18next/typescript' changed, updating app folders in context. 
AppFolders: Directory 'file:///home/user/project1/node_modules/yaml/browser/dist/compose' changed, updating app folders in context. 
AppFolders:
	projectRoots: 0
	subWebappRoots: 0
	manifestAppDescRoots: 0
AppFolders: Function setContext() done in 6203.803ms
AppFolders:
	projectRoots: 0
	subWebappRoots: 0
	manifestAppDescRoots: 0
AppFolders: Function setContext() done in 6015.348ms
AppFolders: Directory 'file:///home/user/project1/node_modules/%40ui5/cli/node_modules/argparse/lib' changed, updating app folders in context. 
AppFolders:
	projectRoots: 0
	subWebappRoots: 0
	manifestAppDescRoots: 0
AppFolders: Function setContext() done in 5800.800ms
AppFolders: Directory 'file:///home/user/project1/node_modules/import-in-the-middle/test/fixtures/lib' changed, updating app folders in context. 
AppFolders:
	projectRoots: 0
	subWebappRoots: 0
	manifestAppDescRoots: 0
AppFolders: Function setContext() done in 5271.635ms
AppFolders: Directory 'file:///home/user/project1/node_modules/%40typespec/ts-http-runtime/dist/esm/client' changed, updating app folders in context. 
AppFolders:
	projectRoots: 0
	subWebappRoots: 0
	manifestAppDescRoots: 0
AppFolders: Function setContext() done in 5306.989ms
AppFolders: Directory 'file:///home/user/project1/node_modules/%40ui5/cli/node_modules/jsdoc/lib/jsdoc/opts' changed, updating app folders in context. 
AppFolders:
	projectRoots: 0
	subWebappRoots: 0
	manifestAppDescRoots: 0
AppFolders: Function setContext() done in 6355.281ms
AppFolders: Directory 'file:///home/user/project1/node_modules/%40ui5/cli/node_modules/%40sigstore/sign/dist/witness/tsa' changed, updating app folders in context. 
AppFolders:
	projectRoots: 0
	subWebappRoots: 0
	manifestAppDescRoots: 0
AppFolders: Function setContext() done in 5778.520ms
AppFolders: Directory 'file:///home/user/project1/node_modules/axios/lib/env' changed, updating app folders in context. 
AppFolders:
	projectRoots: 0
	subWebappRoots: 0
	manifestAppDescRoots: 0
AppFolders: Function setContext() done in 5298.317ms
AppFolders: Directory 'file:///home/user/project1/node_modules/%40typespec/ts-http-runtime/dist/react-native/util' changed, updating app folders in context. 
AppFolders:
	projectRoots: 0
	subWebappRoots: 0
	manifestAppDescRoots: 0
AppFolders: Function setContext() done in 4262.579ms
AppFolders: Directory 'file:///home/user/project1/node_modules/import-in-the-middle/test/typescript' changed, updating app folders in context. 
AppFolders:
	projectRoots: 0
	subWebappRoots: 0
	manifestAppDescRoots: 0
AppFolders: Function setContext() done in 5289.796ms
AppFolders:
	projectRoots: 0
	subWebappRoots: 0
	manifestAppDescRoots: 0
AppFolders: Function setContext() done in 4880.996ms
AppFolders: Directory 'file:///home/user/project1/node_modules/%40ui5/cli/node_modules/markdown-it/lib/common' changed, updating app folders in context. 
AppFolders:
	projectRoots: 0
	subWebappRoots: 0
	manifestAppDescRoots: 0
AppFolders: Function setContext() done in 4771.269ms
AppFolders: Directory 'file:///home/user/project1/node_modules/%40ui5/cli/node_modules/%40ui5/project/lib/ui5Framework/npm' changed, updating app folders in context. 
AppFolders:
	projectRoots: 0
	subWebappRoots: 0
	manifestAppDescRoots: 0
AppFolders: Function setContext() done in 3544.608ms
AppFolders: Directory 'file:///home/user/project1/node_modules/%40ui5/cli/node_modules/cheerio/dist/esm/parsers' changed, updating app folders in context. 
AppFolders:
	projectRoots: 0
	subWebappRoots: 0
	manifestAppDescRoots: 0
AppFolders: Function setContext() done in 2601.213ms
AppFolders: Directory 'file:///home/user/project1/node_modules/%40sap-ux/preview-middleware/dist/client/cpe/outline' changed, updating app folders in context. 
AppFolders: Directory 'file:///home/user/project1/node_modules/%40ui5/cli/node_modules/resolve/.github' changed, updating app folders in context. 
AppFolders:
	projectRoots: 0
	subWebappRoots: 0
	manifestAppDescRoots: 0
AppFolders: Function setContext() done in 3536.327ms
AppFolders: Directory 'file:///home/user/project1/node_modules/%40typespec/ts-http-runtime/dist/commonjs/auth' changed, updating app folders in context. 
AppFolders:
	projectRoots: 0
	subWebappRoots: 0
	manifestAppDescRoots: 0
AppFolders: Function setContext() done in 3786.968ms
AppFolders: Directory 'file:///home/user/project1/node_modules/%40ui5/cli/node_modules/%40ui5/builder/lib/processors/jsdoc/lib/ui5/template' changed, updating app folders in context. 
AppFolders:
	projectRoots: 0
	subWebappRoots: 0
	manifestAppDescRoots: 0
AppFolders: Function setContext() done in 4855.057ms
AppFolders: Directory 'file:///home/user/project1/node_modules/yaml/dist/schema/json' changed, updating app folders in context. 
AppFolders:
	projectRoots: 0
	subWebappRoots: 0
	manifestAppDescRoots: 0
AppFolders: Function setContext() done in 5150.763ms
AppFolders: Directory 'file:///home/user/project1/node_modules/%40ui5/cli/node_modules/jsdoc/.vscode' changed, updating app folders in context. 
AppFolders:
	projectRoots: 0
	subWebappRoots: 0
	manifestAppDescRoots: 0
AppFolders: Function setContext() done in 5151.325ms
AppFolders: Directory 'file:///home/user/project1/node_modules/%40ui5/cli/node_modules/undici/lib/util' changed, updating app folders in context. 
AppFolders:
	projectRoots: 0
	subWebappRoots: 0
	manifestAppDescRoots: 0
AppFolders: Function setContext() done in 4523.677ms
AppFolders: Directory 'file:///home/user/project1/node_modules/%40ui5/cli/node_modules/undici/docs/docs/best-practices' changed, updating app folders in context. 
AppFolders:
	projectRoots: 0
	subWebappRoots: 0
	manifestAppDescRoots: 0
AppFolders: Function setContext() done in 4475.710ms
AppFolders:
	projectRoots: 0
	subWebappRoots: 0
	manifestAppDescRoots: 0
AppFolders: Function setContext() done in 4717.341ms
AppFolders: Directory 'file:///home/user/project1/node_modules/ajv/lib/vocabularies/applicator' changed, updating app folders in context. 
AppFolders:
	projectRoots: 0
	subWebappRoots: 0
	manifestAppDescRoots: 0
AppFolders: Function setContext() done in 5390.304ms
AppFolders:
	projectRoots: 0
	subWebappRoots: 0
	manifestAppDescRoots: 0
AppFolders: Function setContext() done in 4452.531ms
AppFolders: Directory 'file:///home/user/project1/node_modules/%40ui5/cli/node_modules/cheerio/src/parsers' changed, updating app folders in context. 
AppFolders: Directory 'file:///home/user/project1/node_modules/rxjs/dist/esm5/fetch' changed, updating app folders in context. 
AppFolders:
	projectRoots: 0
	subWebappRoots: 0
	manifestAppDescRoots: 0
AppFolders: Function setContext() done in 3424.891ms
AppFolders: Directory 'file:///home/user/project1/node_modules/rxjs/dist/esm5/testing' changed, updating app folders in context. 
AppFolders: Directory 'file:///home/user/project1/node_modules/rxjs/dist/esm5/internal/symbol' changed, updating app folders in context. 
AppFolders:
	projectRoots: 0
	subWebappRoots: 0
	manifestAppDescRoots: 0
AppFolders: Function setContext() done in 3192.367ms
AppFolders: Directory 'file:///home/user/project1/node_modules/rxjs/dist/esm5/webSocket' changed, updating app folders in context. 
AppFolders:
	projectRoots: 0
	subWebappRoots: 0
	manifestAppDescRoots: 0
AppFolders: Function setContext() done in 3716.261ms
AppFolders:
	projectRoots: 0
	subWebappRoots: 0
	manifestAppDescRoots: 0
AppFolders: Function setContext() done in 4020.205ms
AppFolders: Directory 'file:///home/user/project1/node_modules/rxjs/dist/esm5/internal/scheduled' changed, updating app folders in context. 
AppFolders:
	projectRoots: 0
	subWebappRoots: 0
	manifestAppDescRoots: 0
AppFolders: Function setContext() done in 3448.434ms
AppFolders: Directory 'file:///home/user/project1/node_modules/%40sap-ux/control-property-editor-sources/src/toolbar' changed, updating app folders in context. 
AppFolders:
	projectRoots: 0
	subWebappRoots: 0
	manifestAppDescRoots: 0
AppFolders: Function setContext() done in 2309.103ms
AppFolders: Directory 'file:///home/user/project1/node_modules/%40sap/ux-ui5-tooling/dist/cli' changed, updating app folders in context. 
AppFolders: Directory 'file:///home/user/project1/node_modules/rxjs/dist/types' changed, updating app folders in context. 
AppFolders:
	projectRoots: 0
	subWebappRoots: 0
	manifestAppDescRoots: 0
AppFolders: Function setContext() done in 3098.904ms
AppFolders: Directory 'file:///home/user/project1/node_modules/%40sap/ux-ui5-tooling/dist/tasks/deploy' changed, updating app folders in context. 
AppFolders:
	projectRoots: 0
	subWebappRoots: 0
	manifestAppDescRoots: 0
AppFolders: Function setContext() done in 3327.031ms
AppFolders: Directory 'file:///home/user/project1/node_modules/normalize-package-data/node_modules/.bin' changed, updating app folders in context. 
AppFolders:
	projectRoots: 0
	subWebappRoots: 0
	manifestAppDescRoots: 0
AppFolders: Function setContext() done in 3935.158ms
AppFolders:
	projectRoots: 0
	subWebappRoots: 0
	manifestAppDescRoots: 0
AppFolders: Function setContext() done in 3722.754ms
AppFolders:
	projectRoots: 0
	subWebappRoots: 0
	manifestAppDescRoots: 0
AppFolders: Function setContext() done in 3489.864ms
AppFolders:
	projectRoots: 0
	subWebappRoots: 0
	manifestAppDescRoots: 0
AppFolders: Function setContext() done in 2309.026ms
AppFolders: Directory 'file:///home/user/project2' changed, updating app folders in context. 
AppFolders: Directory 'file:///home/user/project2/webapp/view' changed, updating app folders in context. 
AppFolders:
	projectRoots: 0
	subWebappRoots: 0
	manifestAppDescRoots: 0
AppFolders: Function setContext() done in 1885.780ms
AppFolders:
	projectRoots: 0
	subWebappRoots: 0
	manifestAppDescRoots: 0
AppFolders: Function setContext() done in 2720.670ms
AppFolders: Directory 'file:///home/user/project2/node_modules/windows-release' changed, updating app folders in context. 
AppFolders: Directory 'file:///home/user/project2/node_modules/%40ui5/cli/node_modules/boxen/node_modules/camelcase' changed, updating app folders in context. 
AppFolders: Directory 'file:///home/user/project2/node_modules/%40ui5/cli/node_modules/xml2js/node_modules/xmlbuilder' changed, updating app folders in context. 
AppFolders:
	projectRoots: 0
	subWebappRoots: 0
	manifestAppDescRoots: 0
AppFolders: Function setContext() done in 5556.871ms
AppFolders:
	projectRoots: 0
	subWebappRoots: 0
	manifestAppDescRoots: 0
AppFolders: Function setContext() done in 7707.929ms
AppFolders:
	projectRoots: 0
	subWebappRoots: 0
	manifestAppDescRoots: 0
AppFolders: Function setContext() done in 7619.659ms
AppFolders: Directory 'file:///home/user/project2/node_modules/sax/lib' changed, updating app folders in context. 
AppFolders: Directory 'file:///home/user/project2/node_modules/properties-reader/src' changed, updating app folders in context. 
AppFolders: Directory 'file:///home/user/project2/node_modules/%40ui5/cli/node_modules/jsdoc/templates' changed, updating app folders in context. 
AppFolders: Directory 'file:///home/user/project2/node_modules/human-signals/build/src' changed, updating app folders in context. 
AppFolders:
	projectRoots: 0
	subWebappRoots: 0
	manifestAppDescRoots: 0
AppFolders: Function setContext() done in 2809.565ms
AppFolders: Directory 'file:///home/user/project2/node_modules/%40ui5/cli/node_modules/htmlparser2/lib/esm' changed, updating app folders in context. 
AppFolders:
	projectRoots: 0
	subWebappRoots: 0
	manifestAppDescRoots: 0
AppFolders: Function setContext() done in 4267.979ms
AppFolders: Directory 'file:///home/user/project2/node_modules/object-inspect/example' changed, updating app folders in context. 
AppFolders:
	projectRoots: 0
	subWebappRoots: 0
	manifestAppDescRoots: 0
AppFolders: Function setContext() done in 6090.628ms
AppFolders: Directory 'file:///home/user/project2/node_modules/cross-spawn/lib/util' changed, updating app folders in context. 
AppFolders:
	projectRoots: 0
	subWebappRoots: 0
	manifestAppDescRoots: 0
AppFolders: Function setContext() done in 6179.287ms
AppFolders: Directory 'file:///home/user/project2/node_modules/%40ui5/cli/node_modules/body-parser/lib/types' changed, updating app folders in context. 
AppFolders:
	projectRoots: 0
	subWebappRoots: 0
	manifestAppDescRoots: 0
AppFolders: Function setContext() done in 6525.515ms
AppFolders: Directory 'file:///home/user/project2/node_modules/call-bound/test' changed, updating app folders in context. 
AppFolders:
	projectRoots: 0
	subWebappRoots: 0
	manifestAppDescRoots: 0
AppFolders: Function setContext() done in 5899.570ms
AppFolders: Directory 'file:///home/user/project2/node_modules/%40ui5/cli/node_modules/router/lib' changed, updating app folders in context. 
AppFolders:
	projectRoots: 0
	subWebappRoots: 0
	manifestAppDescRoots: 0
AppFolders: Function setContext() done in 5569.098ms
AppFolders: Directory 'file:///home/user/project2/node_modules/prompts/lib' changed, updating app folders in context. 
AppFolders:
	projectRoots: 0
	subWebappRoots: 0
	manifestAppDescRoots: 0
AppFolders: Function setContext() done in 5917.724ms
AppFolders: Directory 'file:///home/user/project2/node_modules/%40ui5/cli/node_modules/%40pkgjs/parseargs/examples' changed, updating app folders in context. 
AppFolders:
	projectRoots: 0
	subWebappRoots: 0
	manifestAppDescRoots: 0
AppFolders: Function setContext() done in 5953.971ms
AppFolders: Directory 'file:///home/user/project2/node_modules/%40ui5/cli/node_modules/encoding/node_modules/iconv-lite/encodings' changed, updating app folders in context. 
AppFolders:
	projectRoots: 0
	subWebappRoots: 0
	manifestAppDescRoots: 0
AppFolders: Function setContext() done in 6173.948ms
AppFolders: Directory 'file:///home/user/project2/node_modules/%40ui5/cli/node_modules/mdurl/lib' changed, updating app folders in context. 
AppFolders:
	projectRoots: 0
	subWebappRoots: 0
	manifestAppDescRoots: 0
AppFolders: Function setContext() done in 5096.463ms
AppFolders: Directory 'file:///home/user/project2/node_modules/%40ui5/cli/node_modules/spdy-transport/lib/spdy-transport' changed, updating app folders in context. 
AppFolders:
	projectRoots: 0
	subWebappRoots: 0
	manifestAppDescRoots: 0
AppFolders: Function setContext() done in 5524.252ms
AppFolders: Directory 'file:///home/user/project2/node_modules/concat-map/example' changed, updating app folders in context. 
AppFolders:
	projectRoots: 0
	subWebappRoots: 0
	manifestAppDescRoots: 0
AppFolders: Function setContext() done in 5598.118ms
AppFolders: Directory 'file:///home/user/project2/node_modules/jsonc-parser/lib/umd' changed, updating app folders in context. 
AppFolders:
	projectRoots: 0
	subWebappRoots: 0
	manifestAppDescRoots: 0
AppFolders: Function setContext() done in 6095.640ms
AppFolders: Directory 'file:///home/user/project2/node_modules/stacktrace-js/dist' changed, updating app folders in context. 
AppFolders: Directory 'file:///home/user/project2/node_modules/%40ui5/cli/node_modules/spdy-transport/node_modules/readable-stream/lib/internal' changed, updating app folders in context. 
AppFolders:
	projectRoots: 0
	subWebappRoots: 0
	manifestAppDescRoots: 0
AppFolders: Function setContext() done in 6334.428ms
AppFolders:
	projectRoots: 0
	subWebappRoots: 0
	manifestAppDescRoots: 0
AppFolders: Function setContext() done in 5728.110ms
AppFolders: Directory 'file:///home/user/project2/node_modules/%40ui5/cli/node_modules/cli-progress/presets' changed, updating app folders in context. 
AppFolders:
	projectRoots: 0
	subWebappRoots: 0
	manifestAppDescRoots: 0
AppFolders: Function setContext() done in 6314.275ms
AppFolders: Directory 'file:///home/user/project2/node_modules/%40ui5/cli/node_modules/retry/test/integration' changed, updating app folders in context. 
AppFolders:
	projectRoots: 0
	subWebappRoots: 0
	manifestAppDescRoots: 0
AppFolders: Function setContext() done in 6219.135ms
AppFolders:
	projectRoots: 0
	subWebappRoots: 0
	manifestAppDescRoots: 0
AppFolders: Function setContext() done in 5885.446ms
AppFolders: Directory 'file:///home/user/project2/node_modules/inquirer/lib/utils' changed, updating app folders in context. 
AppFolders:
	projectRoots: 0
	subWebappRoots: 0
	manifestAppDescRoots: 0
AppFolders: Function setContext() done in 4210.675ms
AppFolders: Directory 'file:///home/user/project2/node_modules/%40opentelemetry/sdk-trace-web/build/src/enums' changed, updating app folders in context. 
AppFolders: Directory 'file:///home/user/project2/node_modules/%40ui5/cli/node_modules/catharsis/res' changed, updating app folders in context. 
AppFolders:
	projectRoots: 0
	subWebappRoots: 0
	manifestAppDescRoots: 0
AppFolders: Function setContext() done in 4073.883ms
AppFolders: Directory 'file:///home/user/project2/node_modules/%40ui5/cli/node_modules/minimist/.github' changed, updating app folders in context. 
AppFolders:
	projectRoots: 0
	subWebappRoots: 0
	manifestAppDescRoots: 0
AppFolders: Function setContext() done in 4781.056ms
AppFolders: Directory 'file:///home/user/project2/node_modules/call-bind-apply-helpers/.github' changed, updating app folders in context. 
AppFolders:
	projectRoots: 0
	subWebappRoots: 0
	manifestAppDescRoots: 0
AppFolders: Function setContext() done in 5212.722ms
AppFolders: Directory 'file:///home/user/project2/node_modules/winston/dist/winston/config' changed, updating app folders in context. 
AppFolders:
	projectRoots: 0
	subWebappRoots: 0
	manifestAppDescRoots: 0
AppFolders: Function setContext() done in 5603.026ms
AppFolders: Directory 'file:///home/user/project2/node_modules/qrcode/helper' changed, updating app folders in context. 
AppFolders:
	projectRoots: 0
	subWebappRoots: 0
	manifestAppDescRoots: 0
AppFolders: Function setContext() done in 5186.557ms
AppFolders: Directory 'file:///home/user/project2/node_modules/fast-uri/.github/workflows' changed, updating app folders in context. 
AppFolders:
	projectRoots: 0
	subWebappRoots: 0
	manifestAppDescRoots: 0
AppFolders: Function setContext() done in 5405.926ms
AppFolders: Directory 'file:///home/user/project2/node_modules/%40opentelemetry/resources/build/src/platform/browser' changed, updating app folders in context. 
AppFolders:
	projectRoots: 0
	subWebappRoots: 0
	manifestAppDescRoots: 0
AppFolders: Function setContext() done in 5024.235ms
AppFolders: Directory 'file:///home/user/project2/node_modules/%40opentelemetry/resources/build/src/platform/node' changed, updating app folders in context. 
AppFolders:
	projectRoots: 0
	subWebappRoots: 0
	manifestAppDescRoots: 0
AppFolders: Function setContext() done in 4803.108ms
AppFolders:
	projectRoots: 0
	subWebappRoots: 0
	manifestAppDescRoots: 0
AppFolders: Function setContext() done in 4493.490ms
AppFolders:
	projectRoots: 0
	subWebappRoots: 0
	manifestAppDescRoots: 0
AppFolders: Function setContext() done in 3349.086ms
AppFolders: Directory 'file:///home/user/project2/node_modules/resolve/test/dotdot' changed, updating app folders in context. 
AppFolders:
	projectRoots: 0
	subWebappRoots: 0
	manifestAppDescRoots: 0
AppFolders: Function setContext() done in 1994.306ms
AppFolders: Directory 'file:///home/user/project2/node_modules/%40ui5/cli/node_modules/cheerio/dist/esm/parsers' changed, updating app folders in context. 
AppFolders:
	projectRoots: 0
	subWebappRoots: 0
	manifestAppDescRoots: 0
AppFolders: Function setContext() done in 2056.212ms
AppFolders: Directory 'file:///home/user/project2/node_modules/applicationinsights/out/Declarations/Contracts/QuickPulseTypes' changed, updating app folders in context. 
AppFolders:
	projectRoots: 0
	subWebappRoots: 0
	manifestAppDescRoots: 0
AppFolders: Function setContext() done in 2479.219ms
AppFolders: Directory 'file:///home/user/project2/node_modules/%40opentelemetry/resources/build/esm/detectors/platform/browser' changed, updating app folders in context. 
AppFolders: Directory 'file:///home/user/project2/node_modules/%40ui5/cli/node_modules/markdown-it/bin' changed, updating app folders in context. 
AppFolders: Directory 'file:///home/user/project2/node_modules/yaml/dist/stringify' changed, updating app folders in context. 
AppFolders:
	projectRoots: 0
	subWebappRoots: 0
	manifestAppDescRoots: 0
AppFolders: Function setContext() done in 1882.926ms
AppFolders: Directory 'file:///home/user/project2/node_modules/%40ui5/cli/node_modules/%40babel/types/lib/converters' changed, updating app folders in context. 
AppFolders:
	projectRoots: 0
	subWebappRoots: 0
	manifestAppDescRoots: 0
AppFolders: Function setContext() done in 2980.827ms
AppFolders: Directory 'file:///home/user/project2/node_modules/yaml/dist/schema/common' changed, updating app folders in context. 
AppFolders:
	projectRoots: 0
	subWebappRoots: 0
	manifestAppDescRoots: 0
AppFolders: Function setContext() done in 3484.427ms
AppFolders:
	projectRoots: 0
	subWebappRoots: 0
	manifestAppDescRoots: 0
AppFolders: Function setContext() done in 4086.023ms
AppFolders: Directory 'file:///home/user/project2/node_modules/%40ui5/cli/node_modules/%40babel/types/lib/definitions' changed, updating app folders in context. 
AppFolders:
	projectRoots: 0
	subWebappRoots: 0
	manifestAppDescRoots: 0
AppFolders: Function setContext() done in 3797.589ms
AppFolders: Directory 'file:///home/user/project2/node_modules/%40ui5/cli/node_modules/yaml-ast-parser/src/type' changed, updating app folders in context. 
AppFolders:
	projectRoots: 0
	subWebappRoots: 0
	manifestAppDescRoots: 0
AppFolders: Function setContext() done in 3036.729ms
AppFolders: Directory 'file:///home/user/project2/node_modules/%40opentelemetry/api/build/src/propagation' changed, updating app folders in context. 
AppFolders:
	projectRoots: 0
	subWebappRoots: 0
	manifestAppDescRoots: 0
AppFolders: Function setContext() done in 2866.095ms
AppFolders: Directory 'file:///home/user/project2/node_modules/chevrotain/src' changed, updating app folders in context. 
AppFolders:
	projectRoots: 0
	subWebappRoots: 0
	manifestAppDescRoots: 0
AppFolders: Function setContext() done in 2435.434ms
AppFolders: Directory 'file:///home/user/project2/node_modules/%40opentelemetry/core/build/src/baggage/propagation' changed, updating app folders in context. 
AppFolders:
	projectRoots: 0
	subWebappRoots: 0
	manifestAppDescRoots: 0
AppFolders: Function setContext() done in 3351.572ms
AppFolders: Directory 'file:///home/user/project2/node_modules/%40opentelemetry/api/build/esnext/trace/internal' changed, updating app folders in context. 
AppFolders: Directory 'file:///home/user/project2/node_modules/%40opentelemetry/api/build/src/trace/internal' changed, updating app folders in context. 
AppFolders:
	projectRoots: 0
	subWebappRoots: 0
	manifestAppDescRoots: 0
AppFolders: Function setContext() done in 3528.316ms
AppFolders:
	projectRoots: 0
	subWebappRoots: 0
	manifestAppDescRoots: 0
AppFolders: Function setContext() done in 3427.411ms
AppFolders: Directory 'file:///home/user/project2/node_modules/rxjs/dist/esm/fetch' changed, updating app folders in context. 
AppFolders:
	projectRoots: 0
	subWebappRoots: 0
	manifestAppDescRoots: 0
AppFolders: Function setContext() done in 2903.401ms
AppFolders: Directory 'file:///home/user/project2/node_modules/rxjs/dist/esm5/webSocket' changed, updating app folders in context. 
AppFolders:
	projectRoots: 0
	subWebappRoots: 0
	manifestAppDescRoots: 0
AppFolders: Function setContext() done in 2231.642ms
AppFolders: Directory 'file:///home/user/project2/node_modules/rxjs/dist/cjs/internal/symbol' changed, updating app folders in context. 
AppFolders:
	projectRoots: 0
	subWebappRoots: 0
	manifestAppDescRoots: 0
AppFolders: Function setContext() done in 3171.803ms
AppFolders: Directory 'file:///home/user/project2/node_modules/rxjs/dist/bundles' changed, updating app folders in context. 
AppFolders:
	projectRoots: 0
	subWebappRoots: 0
	manifestAppDescRoots: 0
AppFolders: Function setContext() done in 3522.405ms
AppFolders: Directory 'file:///home/user/project2/node_modules/rxjs/dist/cjs/internal/scheduled' changed, updating app folders in context. 
AppFolders:
	projectRoots: 0
	subWebappRoots: 0
	manifestAppDescRoots: 0
AppFolders: Function setContext() done in 2396.569ms
AppFolders: Directory 'file:///home/user/project2/node_modules/rxjs/ajax' changed, updating app folders in context. 
AppFolders: Directory 'file:///home/user/project2/node_modules/rxjs/dist/types/webSocket' changed, updating app folders in context. 
AppFolders:
	projectRoots: 0
	subWebappRoots: 0
	manifestAppDescRoots: 0
AppFolders: Function setContext() done in 2344.225ms
AppFolders: Directory 'file:///home/user/project2/node_modules/%40ui5/cli/node_modules/pacote/node_modules/.bin' changed, updating app folders in context. 
AppFolders:
	projectRoots: 0
	subWebappRoots: 0
	manifestAppDescRoots: 0
AppFolders: Function setContext() done in 3350.693ms
AppFolders:
	projectRoots: 0
	subWebappRoots: 0
	manifestAppDescRoots: 0
AppFolders: Function setContext() done in 3405.156ms
AppFolders:
	projectRoots: 0
	subWebappRoots: 0
	manifestAppDescRoots: 0
AppFolders: Function setContext() done in 3741.450ms
AppFolders:
	projectRoots: 0
	subWebappRoots: 0
	manifestAppDescRoots: 0
AppFolders: Function setContext() done in 2261.591ms
AppFolders: Directory 'file:///home/user/.vscode/data/User/History/1563dda8' changed, updating app folders in context. 
AppFolders:
	projectRoots: 0
	subWebappRoots: 0
	manifestAppDescRoots: 0
AppFolders: Function setContext() done in 975.172ms
AppFolders: Directory 'file:///home/user/.vscode/data/User/History/-4508fa2b' changed, updating app folders in context. 
AppFolders:
	projectRoots: 0
	subWebappRoots: 0
	manifestAppDescRoots: 0
AppFolders: Function setContext() done in 1251.033ms
AppFolders: Directory 'file:///home/user/.vscode/data/logs/20260109T085220/exthost2/vscode.typescript-language-features' changed, updating app folders in context. 
AppFolders:
	projectRoots: 0
	subWebappRoots: 0
	manifestAppDescRoots: 0
AppFolders: Function setContext() done in 1195.221ms
AppFolders: Directory 'file:///home/user/.vscode/data/User/History/8caa1ac' changed, updating app folders in context. 
AppFolders:
	projectRoots: 0
	subWebappRoots: 0
	manifestAppDescRoots: 0
AppFolders: Function setContext() done in 999.538ms
AppFolders: Directory 'file:///home/user/.vscode/data/User/History/-7d750148' changed, updating app folders in context. 
AppFolders:
	projectRoots: 0
	subWebappRoots: 0
	manifestAppDescRoots: 0
AppFolders: Function setContext() done in 935.035ms
AppFolders: Directory 'file:///home/user/.vscode/data/User/History/2cb13da5' changed, updating app folders in context. 
AppFolders:
	projectRoots: 0
	subWebappRoots: 0
	manifestAppDescRoots: 0
AppFolders: Function setContext() done in 879.095ms
