[1767950630558] INFO  (ext): SQLTools is starting
[1767950630564] INFO  (ext): initializing language client...
[1767950630658] INFO  (ext): Registering client for languages [{"scheme":"sqltools"},{"language":"sql","scheme":"untitled"},{"language":"sql","scheme":"file"},{"language":"sql","scheme":"sqltools"}]
    ns: "lc"
[1767950630662] INFO  (ext): loading plugins...
[1767950630662] INFO  (ext): registering Formatter Plugin.
    plugin: {
      "name": "Formatter Plugin"
    }
[1767950630663] INFO  (ext): registering Connection Manager Plugin.
    plugin: {
      "name": "Connection Manager Plugin"
    }
[1767950630663] INFO  (ext): registering CodeLens Plugin.
    plugin: {
      "name": "CodeLens Plugin",
      "registeredLanguages": []
    }
[1767950630664] INFO  (ext): registering Dependency Manager Plugin.
    plugin: {
      "name": "Dependency Manager Plugin",
      "installingDrivers": []
    }
[1767950630664] INFO  (ext): Connection explorer changed. Will be updated.
    ns: "conn-man:explorer"
[1767950630665] INFO  (ext): registering History Manager Plugin.
    plugin: {
      "name": "History Manager Plugin"
    }
[1767950630665] INFO  (ext): registering Bookmarks Manager Plugin.
    plugin: {
      "name": "Bookmarks Manager Plugin"
    }
[1767950630665] INFO  (ext): registering Authentication Provider Plugin.
    plugin: {
      "name": "Authentication Provider Plugin",
      "isRegistered": false
    }
[1767950630666] INFO  (ext): registering Object Drop-in Provider (plugin).
    plugin: {
      "type": "plugin",
      "name": "Object Drop-in Provider",
      "isRegistered": false
    }
[1767950630666] INFO  (ext): SQLTools activation completed. 108.176555 ms
[1767950630670] INFO  (ext): Formatter Plugin registered!
[1767950630670] INFO  (ext): CodeLens Plugin registered!
[1767950630670] INFO  (ext): Dependency Manager Plugin registered!
[1767950630670] INFO  (ext): Connection Manager Plugin registered!
[1767950630670] INFO  (ext): History Manager Plugin registered!
[1767950630670] INFO  (ext): Bookmarks Manager Plugin registered!
[1767950630670] INFO  (ext): Authentication Provider Plugin registered!
[1767950630670] INFO  (ext): Object Drop-in Provider (plugin) registered!
[1767950632171] INFO  (ext): EXECUTING COMMAND => sqltools.refreshTree
[1767950632171] INFO  (ext): Connection explorer changed. Will be updated.
    ns: "conn-man:explorer"
[1767950632324] INFO  (ls): SQLTools Server started!
===============================
Using node runtime?: yes
ExecPath: /opt/nodejs/node-v22.19.0-linux-x64/bin/node v22.19.0
===============================
[1767950632327] INFO  (ls): User defined env vars
===============================
{"PATH":"/usr/local/sbin:/usr/local/bin:/usr/sbin:/usr/bin:/sbin:/bin:/home/user/.node_modules_global/bin"}
===============================:
[1767950632384] INFO  (ext): LanguageClient ready
    ns: "lc"
[1767950632383] INFO  (ls): Initialized with node version:v22.19.0
[1767950632674] INFO  (ext): Connection explorer changed. Will be updated.
    ns: "conn-man:explorer"
[1767950633987] INFO  (ext): registering SQLite Plugin (driver).
    plugin: {
      "extensionId": "mtxr.sqltools-driver-sqlite",
      "name": "SQLite Plugin",
      "type": "driver"
    }
[1767950638069] INFO  (ext): EXECUTING COMMAND => sqltools.refreshTree
[1767950638069] INFO  (ext): Connection explorer changed. Will be updated.
    ns: "conn-man:explorer"
[1767950633988] INFO  (ls): REQUEST RECEIVED => ls/RegisterPlugin
[1767950633988] INFO  (ls): request to register plugin: "/extbin/local/openvscode-server/extensions/mtxr.sqltools-driver-sqlite-0.5.0/out/ls/plugin.js"
[1767950634018] INFO  (ls): Driver sqlite registered!
    place: "driver-map"
    ns: "ls-context"
[1767950638086] INFO  (ext): SQLite Plugin (driver) registered!
[1767950639145] INFO  (ext): EXECUTING COMMAND => sqltools.refreshTree
[1767950639145] INFO  (ext): Connection explorer changed. Will be updated.
    ns: "conn-man:explorer"
[1767950640126] INFO  (ext): Connection explorer changed. Will be updated.
    ns: "conn-man:explorer"
[1767950646471] INFO  (ext): Connection explorer changed. Will be updated.
    ns: "conn-man:explorer"
[1767950658394] INFO  (ext): Connection explorer changed. Will be updated.
    ns: "conn-man:explorer"
[1767951382172] INFO  (ext): Connection explorer changed. Will be updated.
    ns: "conn-man:explorer"
[1767951567171] INFO  (ext): Connection explorer changed. Will be updated.
    ns: "conn-man:explorer"
[1767952258697] INFO  (ext): Connection explorer changed. Will be updated.
    ns: "conn-man:explorer"
[1767952313417] INFO  (ext): Connection explorer changed. Will be updated.
    ns: "conn-man:explorer"
[1767952314532] INFO  (ext): Connection explorer changed. Will be updated.
    ns: "conn-man:explorer"
[1767952321282] INFO  (ext): Connection explorer changed. Will be updated.
    ns: "conn-man:explorer"
[1767952346588] INFO  (ext): Connection explorer changed. Will be updated.
    ns: "conn-man:explorer"
[1767952361406] INFO  (ext): Connection explorer changed. Will be updated.
    ns: "conn-man:explorer"
[1767952371588] INFO  (ext): Connection explorer changed. Will be updated.
    ns: "conn-man:explorer"
[1767952372825] INFO  (ext): Connection explorer changed. Will be updated.
    ns: "conn-man:explorer"
[1767952388863] INFO  (ext): Connection explorer changed. Will be updated.
    ns: "conn-man:explorer"
[1767952405684] INFO  (ext): Connection explorer changed. Will be updated.
    ns: "conn-man:explorer"
[1767952429767] INFO  (ext): Connection explorer changed. Will be updated.
    ns: "conn-man:explorer"
[1767952495963] INFO  (ext): Connection explorer changed. Will be updated.
    ns: "conn-man:explorer"
[1767952570079] INFO  (ext): Connection explorer changed. Will be updated.
    ns: "conn-man:explorer"
[1767952676868] INFO  (ext): Connection explorer changed. Will be updated.
    ns: "conn-man:explorer"
[1767952859262] INFO  (ext): Connection explorer changed. Will be updated.
    ns: "conn-man:explorer"
[1767953041313] INFO  (ext): Connection explorer changed. Will be updated.
    ns: "conn-man:explorer"
[1767953247374] INFO  (ext): Connection explorer changed. Will be updated.
    ns: "conn-man:explorer"
[1767953575890] INFO  (ext): Connection explorer changed. Will be updated.
    ns: "conn-man:explorer"
[1767953728215] INFO  (ext): Connection explorer changed. Will be updated.
    ns: "conn-man:explorer"
[1767954055981] INFO  (ext): Connection explorer changed. Will be updated.
    ns: "conn-man:explorer"
[1767954355872] INFO  (ext): Connection explorer changed. Will be updated.
    ns: "conn-man:explorer"
[1767954655926] INFO  (ext): Connection explorer changed. Will be updated.
    ns: "conn-man:explorer"
[1767954955933] INFO  (ext): Connection explorer changed. Will be updated.
    ns: "conn-man:explorer"
[1767955127463] INFO  (ext): Connection explorer changed. Will be updated.
    ns: "conn-man:explorer"
[1767955435880] INFO  (ext): Connection explorer changed. Will be updated.
    ns: "conn-man:explorer"
[1767955576328] INFO  (ext): Connection explorer changed. Will be updated.
    ns: "conn-man:explorer"
[1767955609829] INFO  (ext): Connection explorer changed. Will be updated.
    ns: "conn-man:explorer"
[1767955758749] INFO  (ext): Connection explorer changed. Will be updated.
    ns: "conn-man:explorer"
[1767955940272] INFO  (ext): Connection explorer changed. Will be updated.
    ns: "conn-man:explorer"
[1767956122948] INFO  (ext): Connection explorer changed. Will be updated.
    ns: "conn-man:explorer"
[1767956455888] INFO  (ext): Connection explorer changed. Will be updated.
    ns: "conn-man:explorer"
[1767956756030] INFO  (ext): Connection explorer changed. Will be updated.
    ns: "conn-man:explorer"
[1767957055889] INFO  (ext): Connection explorer changed. Will be updated.
    ns: "conn-man:explorer"
[1767957355899] INFO  (ext): Connection explorer changed. Will be updated.
    ns: "conn-man:explorer"
[1767957656077] INFO  (ext): Connection explorer changed. Will be updated.
    ns: "conn-man:explorer"
[1767957955985] INFO  (ext): Connection explorer changed. Will be updated.
    ns: "conn-man:explorer"
[1767958255914] INFO  (ext): Connection explorer changed. Will be updated.
    ns: "conn-man:explorer"
[1767958514165] INFO  (ext): Connection explorer changed. Will be updated.
    ns: "conn-man:explorer"
[1767958678368] INFO  (ext): Connection explorer changed. Will be updated.
    ns: "conn-man:explorer"
[1767959824488] INFO  (ext): Connection explorer changed. Will be updated.
    ns: "conn-man:explorer"
[1767961131478] INFO  (ext): Connection explorer changed. Will be updated.
    ns: "conn-man:explorer"
