[1768381884950] INFO  (ext): SQLTools is starting
[1768381884952] INFO  (ext): initializing language client...
[1768381885049] INFO  (ext): Registering client for languages [{"scheme":"sqltools"},{"language":"sql","scheme":"untitled"},{"language":"sql","scheme":"file"},{"language":"sql","scheme":"sqltools"}]
    ns: "lc"
[1768381885055] INFO  (ext): loading plugins...
[1768381885055] INFO  (ext): registering Formatter Plugin.
    plugin: {
      "name": "Formatter Plugin"
    }
[1768381885055] INFO  (ext): registering Connection Manager Plugin.
    plugin: {
      "name": "Connection Manager Plugin"
    }
[1768381885056] INFO  (ext): registering CodeLens Plugin.
    plugin: {
      "name": "CodeLens Plugin",
      "registeredLanguages": []
    }
[1768381885056] INFO  (ext): registering Dependency Manager Plugin.
    plugin: {
      "name": "Dependency Manager Plugin",
      "installingDrivers": []
    }
[1768381885057] INFO  (ext): Connection explorer changed. Will be updated.
    ns: "conn-man:explorer"
[1768381885058] INFO  (ext): registering History Manager Plugin.
    plugin: {
      "name": "History Manager Plugin"
    }
[1768381885058] INFO  (ext): registering Bookmarks Manager Plugin.
    plugin: {
      "name": "Bookmarks Manager Plugin"
    }
[1768381885058] INFO  (ext): registering Authentication Provider Plugin.
    plugin: {
      "name": "Authentication Provider Plugin",
      "isRegistered": false
    }
[1768381885059] INFO  (ext): registering Object Drop-in Provider (plugin).
    plugin: {
      "type": "plugin",
      "name": "Object Drop-in Provider",
      "isRegistered": false
    }
[1768381885059] INFO  (ext): SQLTools activation completed. 109.384827 ms
[1768381885062] INFO  (ext): Formatter Plugin registered!
[1768381885063] INFO  (ext): CodeLens Plugin registered!
[1768381885063] INFO  (ext): Dependency Manager Plugin registered!
[1768381885063] INFO  (ext): Connection Manager Plugin registered!
[1768381885063] INFO  (ext): History Manager Plugin registered!
[1768381885063] INFO  (ext): Bookmarks Manager Plugin registered!
[1768381885063] INFO  (ext): Authentication Provider Plugin registered!
[1768381885063] INFO  (ext): Object Drop-in Provider (plugin) registered!
[1768381886495] INFO  (ext): EXECUTING COMMAND => sqltools.refreshTree
[1768381886495] INFO  (ext): Connection explorer changed. Will be updated.
    ns: "conn-man:explorer"
[1768381886604] INFO  (ls): SQLTools Server started!
===============================
Using node runtime?: yes
ExecPath: /opt/nodejs/node-v22.19.0-linux-x64/bin/node v22.19.0
===============================
[1768381886606] INFO  (ls): User defined env vars
===============================
{"PATH":"/usr/local/sbin:/usr/local/bin:/usr/sbin:/usr/bin:/sbin:/bin:/home/user/.node_modules_global/bin"}
===============================:
[1768381886613] INFO  (ext): LanguageClient ready
    ns: "lc"
[1768381886611] INFO  (ls): Initialized with node version:v22.19.0
[1768381887057] INFO  (ext): Connection explorer changed. Will be updated.
    ns: "conn-man:explorer"
[1768381888488] INFO  (ext): Connection explorer changed. Will be updated.
    ns: "conn-man:explorer"
[1768381889819] INFO  (ext): registering SQLite Plugin (driver).
    plugin: {
      "extensionId": "mtxr.sqltools-driver-sqlite",
      "name": "SQLite Plugin",
      "type": "driver"
    }
[1768381892821] INFO  (ext): EXECUTING COMMAND => sqltools.refreshTree
[1768381892821] INFO  (ext): Connection explorer changed. Will be updated.
    ns: "conn-man:explorer"
[1768381889820] INFO  (ls): REQUEST RECEIVED => ls/RegisterPlugin
[1768381889820] INFO  (ls): request to register plugin: "/extbin/local/openvscode-server/extensions/mtxr.sqltools-driver-sqlite-0.5.0/out/ls/plugin.js"
[1768381889842] INFO  (ls): Driver sqlite registered!
    place: "driver-map"
    ns: "ls-context"
[1768381892824] INFO  (ext): SQLite Plugin (driver) registered!
[1768381893857] INFO  (ext): EXECUTING COMMAND => sqltools.refreshTree
[1768381893857] INFO  (ext): Connection explorer changed. Will be updated.
    ns: "conn-man:explorer"
[1768381896872] INFO  (ext): Connection explorer changed. Will be updated.
    ns: "conn-man:explorer"
[1768381897505] INFO  (ext): Connection explorer changed. Will be updated.
    ns: "conn-man:explorer"
[1768381903851] INFO  (ext): Connection explorer changed. Will be updated.
    ns: "conn-man:explorer"
[1768381906780] INFO  (ext): Connection explorer changed. Will be updated.
    ns: "conn-man:explorer"
[1768381909041] INFO  (ext): Connection explorer changed. Will be updated.
    ns: "conn-man:explorer"
[1768381909181] INFO  (ext): Connection explorer changed. Will be updated.
    ns: "conn-man:explorer"
[1768381934338] INFO  (ext): Connection explorer changed. Will be updated.
    ns: "conn-man:explorer"
[1768381935009] INFO  (ext): Connection explorer changed. Will be updated.
    ns: "conn-man:explorer"
[1768381956006] INFO  (ext): Connection explorer changed. Will be updated.
    ns: "conn-man:explorer"
[1768381956007] INFO  (ext): Connection explorer changed. Will be updated.
    ns: "conn-man:explorer"
[1768381959721] INFO  (ext): Connection explorer changed. Will be updated.
    ns: "conn-man:explorer"
[1768382005189] INFO  (ext): Connection explorer changed. Will be updated.
    ns: "conn-man:explorer"
[1768382020361] INFO  (ext): Connection explorer changed. Will be updated.
    ns: "conn-man:explorer"
[1768382022063] INFO  (ext): Connection explorer changed. Will be updated.
    ns: "conn-man:explorer"
[1768382050413] INFO  (ext): Connection explorer changed. Will be updated.
    ns: "conn-man:explorer"
[1768382084519] INFO  (ext): Connection explorer changed. Will be updated.
    ns: "conn-man:explorer"
[1768382085186] INFO  (ext): Connection explorer changed. Will be updated.
    ns: "conn-man:explorer"
[1768382085718] INFO  (ext): Connection explorer changed. Will be updated.
    ns: "conn-man:explorer"
[1768382085856] INFO  (ext): Connection explorer changed. Will be updated.
    ns: "conn-man:explorer"
[1768382086524] INFO  (ext): Connection explorer changed. Will be updated.
    ns: "conn-man:explorer"
[1768382087194] INFO  (ext): Connection explorer changed. Will be updated.
    ns: "conn-man:explorer"
[1768382248467] INFO  (ext): Connection explorer changed. Will be updated.
    ns: "conn-man:explorer"
[1768382255845] INFO  (ext): Connection explorer changed. Will be updated.
    ns: "conn-man:explorer"
[1768382266448] INFO  (ext): Connection explorer changed. Will be updated.
    ns: "conn-man:explorer"
[1768382448915] INFO  (ext): Connection explorer changed. Will be updated.
    ns: "conn-man:explorer"
[1768382629651] INFO  (ext): Connection explorer changed. Will be updated.
    ns: "conn-man:explorer"
[1768382810501] INFO  (ext): Connection explorer changed. Will be updated.
    ns: "conn-man:explorer"
[1768383033643] INFO  (ext): Connection explorer changed. Will be updated.
    ns: "conn-man:explorer"
[1768383045943] INFO  (ext): Connection explorer changed. Will be updated.
    ns: "conn-man:explorer"
[1768383053556] INFO  (ext): Connection explorer changed. Will be updated.
    ns: "conn-man:explorer"
[1768383127542] INFO  (ext): Connection explorer changed. Will be updated.
    ns: "conn-man:explorer"
[1768383137799] INFO  (ext): Connection explorer changed. Will be updated.
    ns: "conn-man:explorer"
[1768383151665] INFO  (ext): Connection explorer changed. Will be updated.
    ns: "conn-man:explorer"
[1768383175817] INFO  (ext): Connection explorer changed. Will be updated.
    ns: "conn-man:explorer"
[1768383357231] INFO  (ext): Connection explorer changed. Will be updated.
    ns: "conn-man:explorer"
[1768383538283] INFO  (ext): Connection explorer changed. Will be updated.
    ns: "conn-man:explorer"
[1768383720821] INFO  (ext): Connection explorer changed. Will be updated.
    ns: "conn-man:explorer"
[1768383903606] INFO  (ext): Connection explorer changed. Will be updated.
    ns: "conn-man:explorer"
