[1768291275532] INFO  (ext): SQLTools is starting
[1768291275536] INFO  (ext): initializing language client...
[1768291275612] INFO  (ext): Registering client for languages [{"scheme":"sqltools"},{"language":"sql","scheme":"untitled"},{"language":"sql","scheme":"file"},{"language":"sql","scheme":"sqltools"}]
    ns: "lc"
[1768291275617] INFO  (ext): loading plugins...
[1768291275617] INFO  (ext): registering Formatter Plugin.
    plugin: {
      "name": "Formatter Plugin"
    }
[1768291275618] INFO  (ext): registering Connection Manager Plugin.
    plugin: {
      "name": "Connection Manager Plugin"
    }
[1768291275618] INFO  (ext): registering CodeLens Plugin.
    plugin: {
      "name": "CodeLens Plugin",
      "registeredLanguages": []
    }
[1768291275619] INFO  (ext): registering Dependency Manager Plugin.
    plugin: {
      "name": "Dependency Manager Plugin",
      "installingDrivers": []
    }
[1768291275620] INFO  (ext): Connection explorer changed. Will be updated.
    ns: "conn-man:explorer"
[1768291275620] INFO  (ext): registering History Manager Plugin.
    plugin: {
      "name": "History Manager Plugin"
    }
[1768291275620] INFO  (ext): registering Bookmarks Manager Plugin.
    plugin: {
      "name": "Bookmarks Manager Plugin"
    }
[1768291275621] INFO  (ext): registering Authentication Provider Plugin.
    plugin: {
      "name": "Authentication Provider Plugin",
      "isRegistered": false
    }
[1768291275621] INFO  (ext): registering Object Drop-in Provider (plugin).
    plugin: {
      "type": "plugin",
      "name": "Object Drop-in Provider",
      "isRegistered": false
    }
[1768291275622] INFO  (ext): SQLTools activation completed. 89.295218 ms
[1768291275625] INFO  (ext): Formatter Plugin registered!
[1768291275625] INFO  (ext): CodeLens Plugin registered!
[1768291275625] INFO  (ext): Dependency Manager Plugin registered!
[1768291275625] INFO  (ext): Connection Manager Plugin registered!
[1768291275625] INFO  (ext): History Manager Plugin registered!
[1768291275625] INFO  (ext): Bookmarks Manager Plugin registered!
[1768291275625] INFO  (ext): Authentication Provider Plugin registered!
[1768291275625] INFO  (ext): Object Drop-in Provider (plugin) registered!
[1768291277213] INFO  (ext): EXECUTING COMMAND => sqltools.refreshTree
[1768291277213] INFO  (ext): Connection explorer changed. Will be updated.
    ns: "conn-man:explorer"
[1768291277343] INFO  (ls): SQLTools Server started!
===============================
Using node runtime?: yes
ExecPath: /opt/nodejs/node-v22.19.0-linux-x64/bin/node v22.19.0
===============================
[1768291277345] INFO  (ls): User defined env vars
===============================
{"PATH":"/usr/local/sbin:/usr/local/bin:/usr/sbin:/usr/bin:/sbin:/bin:/home/user/.node_modules_global/bin"}
===============================:
[1768291277374] INFO  (ext): LanguageClient ready
    ns: "lc"
[1768291277372] INFO  (ls): Initialized with node version:v22.19.0
[1768291277657] INFO  (ext): Connection explorer changed. Will be updated.
    ns: "conn-man:explorer"
[1768291278270] INFO  (ext): registering SQLite Plugin (driver).
    plugin: {
      "extensionId": "mtxr.sqltools-driver-sqlite",
      "name": "SQLite Plugin",
      "type": "driver"
    }
[1768291282147] INFO  (ext): EXECUTING COMMAND => sqltools.refreshTree
[1768291282147] INFO  (ext): Connection explorer changed. Will be updated.
    ns: "conn-man:explorer"
[1768291278271] INFO  (ls): REQUEST RECEIVED => ls/RegisterPlugin
[1768291278271] INFO  (ls): request to register plugin: "/extbin/local/openvscode-server/extensions/mtxr.sqltools-driver-sqlite-0.5.0/out/ls/plugin.js"
[1768291278295] INFO  (ls): Driver sqlite registered!
    place: "driver-map"
    ns: "ls-context"
[1768291282207] INFO  (ext): SQLite Plugin (driver) registered!
[1768291283268] INFO  (ext): EXECUTING COMMAND => sqltools.refreshTree
[1768291283268] INFO  (ext): Connection explorer changed. Will be updated.
    ns: "conn-man:explorer"
[1768291287013] INFO  (ext): Connection explorer changed. Will be updated.
    ns: "conn-man:explorer"
[1768291291096] INFO  (ext): Connection explorer changed. Will be updated.
    ns: "conn-man:explorer"
[1768291299899] INFO  (ext): Connection explorer changed. Will be updated.
    ns: "conn-man:explorer"
[1768291342816] INFO  (ext): Connection explorer changed. Will be updated.
    ns: "conn-man:explorer"
[1768291522946] INFO  (ext): Connection explorer changed. Will be updated.
    ns: "conn-man:explorer"
[1768291551493] INFO  (ext): Connection explorer changed. Will be updated.
    ns: "conn-man:explorer"
[1768291554848] INFO  (ext): Connection explorer changed. Will be updated.
    ns: "conn-man:explorer"
[1768291636853] INFO  (ext): Connection explorer changed. Will be updated.
    ns: "conn-man:explorer"
[1768291637640] INFO  (ext): Connection explorer changed. Will be updated.
    ns: "conn-man:explorer"
[1768291644626] INFO  (ext): Connection explorer changed. Will be updated.
    ns: "conn-man:explorer"
[1768291672641] INFO  (ext): Connection explorer changed. Will be updated.
    ns: "conn-man:explorer"
[1768291701831] INFO  (ext): Connection explorer changed. Will be updated.
    ns: "conn-man:explorer"
[1768291723425] INFO  (ext): Connection explorer changed. Will be updated.
    ns: "conn-man:explorer"
[1768291748791] INFO  (ext): Connection explorer changed. Will be updated.
    ns: "conn-man:explorer"
[1768291766029] INFO  (ext): Connection explorer changed. Will be updated.
    ns: "conn-man:explorer"
[1768291783591] INFO  (ext): Connection explorer changed. Will be updated.
    ns: "conn-man:explorer"
[1768291819603] INFO  (ext): Connection explorer changed. Will be updated.
    ns: "conn-man:explorer"
[1768291826031] INFO  (ext): Connection explorer changed. Will be updated.
    ns: "conn-man:explorer"
[1768291826699] INFO  (ext): Connection explorer changed. Will be updated.
    ns: "conn-man:explorer"
[1768291827400] INFO  (ext): Connection explorer changed. Will be updated.
    ns: "conn-man:explorer"
[1768291828142] INFO  (ext): Connection explorer changed. Will be updated.
    ns: "conn-man:explorer"
[1768291828836] INFO  (ext): Connection explorer changed. Will be updated.
    ns: "conn-man:explorer"
[1768291831040] INFO  (ext): Connection explorer changed. Will be updated.
    ns: "conn-man:explorer"
[1768291831714] INFO  (ext): Connection explorer changed. Will be updated.
    ns: "conn-man:explorer"
[1768291832418] INFO  (ext): Connection explorer changed. Will be updated.
    ns: "conn-man:explorer"
[1768292001999] INFO  (ext): Connection explorer changed. Will be updated.
    ns: "conn-man:explorer"
[1768292183530] INFO  (ext): Connection explorer changed. Will be updated.
    ns: "conn-man:explorer"
[1768292366747] INFO  (ext): Connection explorer changed. Will be updated.
    ns: "conn-man:explorer"
[1768292619307] INFO  (ext): Connection explorer changed. Will be updated.
    ns: "conn-man:explorer"
[1768292834285] INFO  (ext): Connection explorer changed. Will be updated.
    ns: "conn-man:explorer"
[1768293016756] INFO  (ext): Connection explorer changed. Will be updated.
    ns: "conn-man:explorer"
[1768293198523] INFO  (ext): Connection explorer changed. Will be updated.
    ns: "conn-man:explorer"
[1768293379576] INFO  (ext): Connection explorer changed. Will be updated.
    ns: "conn-man:explorer"
[1768293561333] INFO  (ext): Connection explorer changed. Will be updated.
    ns: "conn-man:explorer"
[1768293743499] INFO  (ext): Connection explorer changed. Will be updated.
    ns: "conn-man:explorer"
[1768294074114] INFO  (ext): Connection explorer changed. Will be updated.
    ns: "conn-man:explorer"
[1768294374103] INFO  (ext): Connection explorer changed. Will be updated.
    ns: "conn-man:explorer"
[1768294674142] INFO  (ext): Connection explorer changed. Will be updated.
    ns: "conn-man:explorer"
[1768294974078] INFO  (ext): Connection explorer changed. Will be updated.
    ns: "conn-man:explorer"
[1768295274087] INFO  (ext): Connection explorer changed. Will be updated.
    ns: "conn-man:explorer"
[1768295479246] INFO  (ext): Connection explorer changed. Will be updated.
    ns: "conn-man:explorer"
[1768295660108] INFO  (ext): Connection explorer changed. Will be updated.
    ns: "conn-man:explorer"
[1768295841463] INFO  (ext): Connection explorer changed. Will be updated.
    ns: "conn-man:explorer"
[1768296024193] INFO  (ext): Connection explorer changed. Will be updated.
    ns: "conn-man:explorer"
[1768296255765] INFO  (ext): Connection explorer changed. Will be updated.
    ns: "conn-man:explorer"
[1768296400924] INFO  (ext): Connection explorer changed. Will be updated.
    ns: "conn-man:explorer"
[1768296437475] INFO  (ext): Connection explorer changed. Will be updated.
    ns: "conn-man:explorer"
[1768296459214] INFO  (ext): Connection explorer changed. Will be updated.
    ns: "conn-man:explorer"
[1768296533374] INFO  (ext): Connection explorer changed. Will be updated.
    ns: "conn-man:explorer"
[1768296619168] INFO  (ext): Connection explorer changed. Will be updated.
    ns: "conn-man:explorer"
[1768296647126] INFO  (ext): Connection explorer changed. Will be updated.
    ns: "conn-man:explorer"
[1768296750973] INFO  (ext): Connection explorer changed. Will be updated.
    ns: "conn-man:explorer"
[1768296800099] INFO  (ext): Connection explorer changed. Will be updated.
    ns: "conn-man:explorer"
[1768296926050] INFO  (ext): Connection explorer changed. Will be updated.
    ns: "conn-man:explorer"
[1768296981175] INFO  (ext): Connection explorer changed. Will be updated.
    ns: "conn-man:explorer"
[1768296995059] INFO  (ext): Connection explorer changed. Will be updated.
    ns: "conn-man:explorer"
[1768297036335] INFO  (ext): Connection explorer changed. Will be updated.
    ns: "conn-man:explorer"
[1768297067168] INFO  (ext): Connection explorer changed. Will be updated.
    ns: "conn-man:explorer"
[1768297077539] INFO  (ext): Connection explorer changed. Will be updated.
    ns: "conn-man:explorer"
[1768297163693] INFO  (ext): Connection explorer changed. Will be updated.
    ns: "conn-man:explorer"
[1768297344405] INFO  (ext): Connection explorer changed. Will be updated.
    ns: "conn-man:explorer"
[1768297527071] INFO  (ext): Connection explorer changed. Will be updated.
    ns: "conn-man:explorer"
