{
  "label": "SAP Continuous Integration and Delivery",
  "level": "error",
  "message": "when saving build states: Canceled",
  "time": "2026-01-11T20:25:17.451Z"
}
{
  "label": "SAP Continuous Integration and Delivery",
  "level": "error",
  "message": "when saving build states: Canceled",
  "time": "2026-01-11T20:25:17.452Z"
}
{
  "label": "SAP Continuous Integration and Delivery",
  "level": "error",
  "message": "when saving build states: Canceled",
  "time": "2026-01-11T20:25:17.452Z"
}
{
  "label": "SAP Continuous Integration and Delivery",
  "level": "error",
  "message": "when saving build states: Canceled",
  "time": "2026-01-11T20:25:17.460Z"
}
{
  "label": "SAP Continuous Integration and Delivery",
  "level": "error",
  "message": "when saving build states: Canceled",
  "time": "2026-01-11T20:25:17.461Z"
}
{
  "label": "SAP Continuous Integration and Delivery",
  "level": "error",
  "message": "when saving build states: Canceled",
  "time": "2026-01-11T20:25:17.461Z"
}
{
  "label": "SAP Continuous Integration and Delivery",
  "level": "error",
  "message": "when saving build states: Canceled",
  "time": "2026-01-11T20:25:17.461Z"
}
{
  "label": "SAP Continuous Integration and Delivery",
  "level": "error",
  "message": "when saving build states: Canceled",
  "time": "2026-01-11T20:25:17.461Z"
}
{
  "label": "SAP Continuous Integration and Delivery",
  "level": "error",
  "message": "when saving build states: Canceled",
  "time": "2026-01-11T20:25:17.461Z"
}
{
  "label": "SAP Continuous Integration and Delivery",
  "level": "error",
  "message": "when saving build states: Canceled",
  "time": "2026-01-11T20:25:17.468Z"
}
{
  "label": "SAP Continuous Integration and Delivery",
  "level": "error",
  "message": "when saving build states: Canceled",
  "time": "2026-01-11T20:25:17.469Z"
}
{
  "label": "SAP Continuous Integration and Delivery",
  "level": "error",
  "message": "when saving build states: Canceled",
  "time": "2026-01-11T20:25:17.469Z"
}
{
  "label": "SAP Continuous Integration and Delivery",
  "level": "error",
  "message": "when saving build states: Canceled",
  "time": "2026-01-11T20:25:17.469Z"
}
{
  "label": "SAP Continuous Integration and Delivery",
  "level": "error",
  "message": "when saving build states: Canceled",
  "time": "2026-01-11T20:25:17.469Z"
}
{
  "label": "SAP Continuous Integration and Delivery",
  "level": "error",
  "message": "when saving build states: Canceled",
  "time": "2026-01-11T20:25:17.469Z"
}
{
  "label": "SAP Continuous Integration and Delivery",
  "level": "error",
  "message": "when saving build states: Canceled",
  "time": "2026-01-11T20:25:17.480Z"
}
{
  "label": "SAP Continuous Integration and Delivery",
  "level": "error",
  "message": "when saving build states: Canceled",
  "time": "2026-01-11T20:25:17.480Z"
}
{
  "label": "SAP Continuous Integration and Delivery",
  "level": "error",
  "message": "when saving build states: Canceled",
  "time": "2026-01-11T20:25:17.480Z"
}
{
  "label": "SAP Continuous Integration and Delivery",
  "level": "error",
  "message": "when saving build states: Canceled",
  "time": "2026-01-11T20:25:17.480Z"
}
{
  "label": "SAP Continuous Integration and Delivery",
  "level": "error",
  "message": "when saving build states: Canceled",
  "time": "2026-01-11T20:25:17.480Z"
}
{
  "label": "SAP Continuous Integration and Delivery",
  "level": "error",
  "message": "when saving build states: Canceled",
  "time": "2026-01-11T20:25:17.480Z"
}
{
  "label": "SAP Continuous Integration and Delivery",
  "level": "error",
  "message": "when saving build states: Canceled",
  "time": "2026-01-11T20:25:17.485Z"
}
{
  "label": "SAP Continuous Integration and Delivery",
  "level": "error",
  "message": "when saving build states: Canceled",
  "time": "2026-01-11T20:25:17.485Z"
}
{
  "label": "SAP Continuous Integration and Delivery",
  "level": "error",
  "message": "when saving build states: Canceled",
  "time": "2026-01-11T20:25:17.485Z"
}
{
  "label": "SAP Continuous Integration and Delivery",
  "level": "error",
  "message": "when saving build states: Canceled",
  "time": "2026-01-11T20:25:17.485Z"
}
{
  "label": "SAP Continuous Integration and Delivery",
  "level": "error",
  "message": "when saving build states: Canceled",
  "time": "2026-01-11T20:25:17.485Z"
}
{
  "label": "SAP Continuous Integration and Delivery",
  "level": "error",
  "message": "when saving build states: Canceled",
  "time": "2026-01-11T20:25:17.485Z"
}
{
  "label": "SAP Continuous Integration and Delivery",
  "level": "error",
  "message": "when saving build states: Canceled",
  "time": "2026-01-11T20:25:17.492Z"
}
{
  "label": "SAP Continuous Integration and Delivery",
  "level": "error",
  "message": "when saving build states: Canceled",
  "time": "2026-01-11T20:25:17.494Z"
}
{
  "label": "SAP Continuous Integration and Delivery",
  "level": "error",
  "message": "when saving build states: Canceled",
  "time": "2026-01-11T20:25:17.494Z"
}
{
  "label": "SAP Continuous Integration and Delivery",
  "level": "error",
  "message": "when saving build states: Canceled",
  "time": "2026-01-11T20:25:17.494Z"
}
{
  "label": "SAP Continuous Integration and Delivery",
  "level": "error",
  "message": "when saving build states: Canceled",
  "time": "2026-01-11T20:25:17.494Z"
}
{
  "label": "SAP Continuous Integration and Delivery",
  "level": "error",
  "message": "when saving build states: Canceled",
  "time": "2026-01-11T20:25:17.494Z"
}
{
  "label": "SAP Continuous Integration and Delivery",
  "level": "error",
  "message": "when saving build states: Canceled",
  "time": "2026-01-11T20:25:17.499Z"
}
{
  "label": "SAP Continuous Integration and Delivery",
  "level": "error",
  "message": "when saving build states: Canceled",
  "time": "2026-01-11T20:25:17.499Z"
}
{
  "label": "SAP Continuous Integration and Delivery",
  "level": "error",
  "message": "when saving build states: Canceled",
  "time": "2026-01-11T20:25:17.499Z"
}
{
  "label": "SAP Continuous Integration and Delivery",
  "level": "error",
  "message": "when saving build states: Canceled",
  "time": "2026-01-11T20:25:17.499Z"
}
{
  "label": "SAP Continuous Integration and Delivery",
  "level": "error",
  "message": "when saving build states: Canceled",
  "time": "2026-01-11T20:25:17.499Z"
}
{
  "label": "SAP Continuous Integration and Delivery",
  "level": "error",
  "message": "when saving build states: Canceled",
  "time": "2026-01-11T20:25:17.499Z"
}
{
  "label": "SAP Continuous Integration and Delivery",
  "level": "error",
  "message": "when saving build states: Canceled",
  "time": "2026-01-11T20:25:17.510Z"
}
{
  "label": "SAP Continuous Integration and Delivery",
  "level": "error",
  "message": "when saving build states: Canceled",
  "time": "2026-01-11T20:25:17.510Z"
}
{
  "label": "SAP Continuous Integration and Delivery",
  "level": "error",
  "message": "when saving build states: Canceled",
  "time": "2026-01-11T20:25:17.510Z"
}
{
  "label": "SAP Continuous Integration and Delivery",
  "level": "error",
  "message": "when saving build states: Canceled",
  "time": "2026-01-11T20:25:17.511Z"
}
{
  "label": "SAP Continuous Integration and Delivery",
  "level": "error",
  "message": "when saving build states: Canceled",
  "time": "2026-01-11T20:25:17.511Z"
}
{
  "label": "SAP Continuous Integration and Delivery",
  "level": "error",
  "message": "when saving build states: Canceled",
  "time": "2026-01-11T20:25:17.511Z"
}
{
  "label": "SAP Continuous Integration and Delivery",
  "level": "error",
  "message": "when saving build states: Canceled",
  "time": "2026-01-11T20:25:17.511Z"
}
{
  "label": "SAP Continuous Integration and Delivery",
  "level": "error",
  "message": "when saving build states: Canceled",
  "time": "2026-01-11T20:25:17.518Z"
}
{
  "label": "SAP Continuous Integration and Delivery",
  "level": "error",
  "message": "when saving build states: Canceled",
  "time": "2026-01-11T20:25:17.518Z"
}
{
  "label": "SAP Continuous Integration and Delivery",
  "level": "error",
  "message": "when saving build states: Canceled",
  "time": "2026-01-11T20:25:17.518Z"
}
{
  "label": "SAP Continuous Integration and Delivery",
  "level": "error",
  "message": "when saving build states: Canceled",
  "time": "2026-01-11T20:25:17.518Z"
}
{
  "label": "SAP Continuous Integration and Delivery",
  "level": "error",
  "message": "when saving build states: Canceled",
  "time": "2026-01-11T20:25:17.518Z"
}
{
  "label": "SAP Continuous Integration and Delivery",
  "level": "error",
  "message": "when saving build states: Canceled",
  "time": "2026-01-11T20:25:17.519Z"
}
{
  "label": "SAP Continuous Integration and Delivery",
  "level": "error",
  "message": "when saving build states: Canceled",
  "time": "2026-01-11T20:25:17.529Z"
}
{
  "label": "SAP Continuous Integration and Delivery",
  "level": "error",
  "message": "when saving build states: Canceled",
  "time": "2026-01-11T20:25:17.529Z"
}
{
  "label": "SAP Continuous Integration and Delivery",
  "level": "error",
  "message": "when saving build states: Canceled",
  "time": "2026-01-11T20:25:17.529Z"
}
{
  "label": "SAP Continuous Integration and Delivery",
  "level": "error",
  "message": "when saving build states: Canceled",
  "time": "2026-01-11T20:25:17.529Z"
}
{
  "label": "SAP Continuous Integration and Delivery",
  "level": "error",
  "message": "when saving build states: Canceled",
  "time": "2026-01-11T20:25:17.529Z"
}
{
  "label": "SAP Continuous Integration and Delivery",
  "level": "error",
  "message": "when saving build states: Canceled",
  "time": "2026-01-11T20:25:17.529Z"
}
{
  "label": "SAP Continuous Integration and Delivery",
  "level": "error",
  "message": "when saving build states: Canceled",
  "time": "2026-01-11T20:25:17.540Z"
}
{
  "label": "SAP Continuous Integration and Delivery",
  "level": "error",
  "message": "when saving build states: Canceled",
  "time": "2026-01-11T20:25:17.541Z"
}
{
  "label": "SAP Continuous Integration and Delivery",
  "level": "error",
  "message": "when saving build states: Canceled",
  "time": "2026-01-11T20:25:17.541Z"
}
{
  "label": "SAP Continuous Integration and Delivery",
  "level": "error",
  "message": "when saving build states: Canceled",
  "time": "2026-01-11T20:25:17.541Z"
}
{
  "label": "SAP Continuous Integration and Delivery",
  "level": "error",
  "message": "when saving build states: Canceled",
  "time": "2026-01-11T20:25:17.541Z"
}
{
  "label": "SAP Continuous Integration and Delivery",
  "level": "error",
  "message": "when saving build states: Canceled",
  "time": "2026-01-11T20:25:17.541Z"
}
{
  "label": "SAP Continuous Integration and Delivery",
  "level": "error",
  "message": "when saving build states: Canceled",
  "time": "2026-01-11T20:25:17.554Z"
}
{
  "label": "SAP Continuous Integration and Delivery",
  "level": "error",
  "message": "when saving build states: Canceled",
  "time": "2026-01-11T20:25:17.554Z"
}
{
  "label": "SAP Continuous Integration and Delivery",
  "level": "error",
  "message": "when saving build states: Canceled",
  "time": "2026-01-11T20:25:17.554Z"
}
{
  "label": "SAP Continuous Integration and Delivery",
  "level": "error",
  "message": "when saving build states: Canceled",
  "time": "2026-01-11T20:25:17.554Z"
}
{
  "label": "SAP Continuous Integration and Delivery",
  "level": "error",
  "message": "when saving build states: Canceled",
  "time": "2026-01-11T20:25:17.554Z"
}
{
  "label": "SAP Continuous Integration and Delivery",
  "level": "error",
  "message": "when saving build states: Canceled",
  "time": "2026-01-11T20:25:17.554Z"
}
{
  "label": "SAP Continuous Integration and Delivery",
  "level": "error",
  "message": "when saving build states: Canceled",
  "time": "2026-01-11T20:25:17.559Z"
}
{
  "label": "SAP Continuous Integration and Delivery",
  "level": "error",
  "message": "when saving build states: Canceled",
  "time": "2026-01-11T20:25:17.560Z"
}
{
  "label": "SAP Continuous Integration and Delivery",
  "level": "error",
  "message": "when saving build states: Canceled",
  "time": "2026-01-11T20:25:17.562Z"
}
{
  "label": "SAP Continuous Integration and Delivery",
  "level": "error",
  "message": "when saving build states: Canceled",
  "time": "2026-01-11T20:25:17.562Z"
}
{
  "label": "SAP Continuous Integration and Delivery",
  "level": "error",
  "message": "when saving build states: Canceled",
  "time": "2026-01-11T20:25:17.562Z"
}
{
  "label": "SAP Continuous Integration and Delivery",
  "level": "error",
  "message": "when saving build states: Canceled",
  "time": "2026-01-11T20:25:17.562Z"
}
{
  "label": "SAP Continuous Integration and Delivery",
  "level": "error",
  "message": "when saving build states: Canceled",
  "time": "2026-01-11T20:25:17.567Z"
}
{
  "label": "SAP Continuous Integration and Delivery",
  "level": "error",
  "message": "when saving build states: Canceled",
  "time": "2026-01-11T20:25:17.567Z"
}
{
  "label": "SAP Continuous Integration and Delivery",
  "level": "error",
  "message": "when saving build states: Canceled",
  "time": "2026-01-11T20:25:17.567Z"
}
{
  "label": "SAP Continuous Integration and Delivery",
  "level": "error",
  "message": "when saving build states: Canceled",
  "time": "2026-01-11T20:25:17.567Z"
}
{
  "label": "SAP Continuous Integration and Delivery",
  "level": "error",
  "message": "when saving build states: Canceled",
  "time": "2026-01-11T20:25:17.567Z"
}
{
  "label": "SAP Continuous Integration and Delivery",
  "level": "error",
  "message": "when saving build states: Canceled",
  "time": "2026-01-11T20:25:17.567Z"
}
{
  "label": "SAP Continuous Integration and Delivery",
  "level": "error",
  "message": "when saving build states: Canceled",
  "time": "2026-01-11T20:25:17.567Z"
}
{
  "label": "SAP Continuous Integration and Delivery",
  "level": "error",
  "message": "when saving build states: Canceled",
  "time": "2026-01-11T20:25:17.575Z"
}
{
  "label": "SAP Continuous Integration and Delivery",
  "level": "error",
  "message": "when saving build states: Canceled",
  "time": "2026-01-11T20:25:17.575Z"
}
{
  "label": "SAP Continuous Integration and Delivery",
  "level": "error",
  "message": "when saving build states: Canceled",
  "time": "2026-01-11T20:25:17.575Z"
}
{
  "label": "SAP Continuous Integration and Delivery",
  "level": "error",
  "message": "when saving build states: Canceled",
  "time": "2026-01-11T20:25:17.575Z"
}
{
  "label": "SAP Continuous Integration and Delivery",
  "level": "error",
  "message": "when saving build states: Canceled",
  "time": "2026-01-11T20:25:17.575Z"
}
{
  "label": "SAP Continuous Integration and Delivery",
  "level": "error",
  "message": "when saving build states: Canceled",
  "time": "2026-01-11T20:25:17.575Z"
}
{
  "label": "SAP Continuous Integration and Delivery",
  "level": "error",
  "message": "when saving build states: Canceled",
  "time": "2026-01-11T20:25:17.580Z"
}
{
  "label": "SAP Continuous Integration and Delivery",
  "level": "error",
  "message": "when saving build states: Canceled",
  "time": "2026-01-11T20:25:17.580Z"
}
{
  "label": "SAP Continuous Integration and Delivery",
  "level": "error",
  "message": "when saving build states: Canceled",
  "time": "2026-01-11T20:25:17.580Z"
}
{
  "label": "SAP Continuous Integration and Delivery",
  "level": "error",
  "message": "when saving build states: Canceled",
  "time": "2026-01-11T20:25:17.580Z"
}
{
  "label": "SAP Continuous Integration and Delivery",
  "level": "error",
  "message": "when saving build states: Canceled",
  "time": "2026-01-11T20:25:17.580Z"
}
{
  "label": "SAP Continuous Integration and Delivery",
  "level": "error",
  "message": "when saving build states: Canceled",
  "time": "2026-01-11T20:25:17.580Z"
}
{
  "label": "SAP Continuous Integration and Delivery",
  "level": "error",
  "message": "when saving build states: Canceled",
  "time": "2026-01-11T20:25:17.586Z"
}
{
  "label": "SAP Continuous Integration and Delivery",
  "level": "error",
  "message": "when saving build states: Canceled",
  "time": "2026-01-11T20:25:17.586Z"
}
{
  "label": "SAP Continuous Integration and Delivery",
  "level": "error",
  "message": "when saving build states: Canceled",
  "time": "2026-01-11T20:25:17.586Z"
}
{
  "label": "SAP Continuous Integration and Delivery",
  "level": "error",
  "message": "when saving build states: Canceled",
  "time": "2026-01-11T20:25:17.586Z"
}
{
  "label": "SAP Continuous Integration and Delivery",
  "level": "error",
  "message": "when saving build states: Canceled",
  "time": "2026-01-11T20:25:17.587Z"
}
{
  "label": "SAP Continuous Integration and Delivery",
  "level": "error",
  "message": "when saving build states: Canceled",
  "time": "2026-01-11T20:25:17.588Z"
}
{
  "label": "SAP Continuous Integration and Delivery",
  "level": "error",
  "message": "when saving build states: Canceled",
  "time": "2026-01-11T20:25:17.594Z"
}
{
  "label": "SAP Continuous Integration and Delivery",
  "level": "error",
  "message": "when saving build states: Canceled",
  "time": "2026-01-11T20:25:17.594Z"
}
{
  "label": "SAP Continuous Integration and Delivery",
  "level": "error",
  "message": "when saving build states: Canceled",
  "time": "2026-01-11T20:25:17.594Z"
}
{
  "label": "SAP Continuous Integration and Delivery",
  "level": "error",
  "message": "when saving build states: Canceled",
  "time": "2026-01-11T20:25:17.594Z"
}
{
  "label": "SAP Continuous Integration and Delivery",
  "level": "error",
  "message": "when saving build states: Canceled",
  "time": "2026-01-11T20:25:17.594Z"
}
{
  "label": "SAP Continuous Integration and Delivery",
  "level": "error",
  "message": "when saving build states: Canceled",
  "time": "2026-01-11T20:25:17.594Z"
}
{
  "label": "SAP Continuous Integration and Delivery",
  "level": "error",
  "message": "when saving build states: Canceled",
  "time": "2026-01-11T20:25:17.599Z"
}
{
  "label": "SAP Continuous Integration and Delivery",
  "level": "error",
  "message": "when saving build states: Canceled",
  "time": "2026-01-11T20:25:17.600Z"
}
{
  "label": "SAP Continuous Integration and Delivery",
  "level": "error",
  "message": "when saving build states: Canceled",
  "time": "2026-01-11T20:25:17.600Z"
}
{
  "label": "SAP Continuous Integration and Delivery",
  "level": "error",
  "message": "when saving build states: Canceled",
  "time": "2026-01-11T20:25:17.600Z"
}
{
  "label": "SAP Continuous Integration and Delivery",
  "level": "error",
  "message": "when saving build states: Canceled",
  "time": "2026-01-11T20:25:17.600Z"
}
{
  "label": "SAP Continuous Integration and Delivery",
  "level": "error",
  "message": "when saving build states: Canceled",
  "time": "2026-01-11T20:25:17.601Z"
}
{
  "label": "SAP Continuous Integration and Delivery",
  "level": "error",
  "message": "when saving build states: Canceled",
  "time": "2026-01-11T20:25:17.606Z"
}
{
  "label": "SAP Continuous Integration and Delivery",
  "level": "error",
  "message": "when saving build states: Canceled",
  "time": "2026-01-11T20:25:17.606Z"
}
{
  "label": "SAP Continuous Integration and Delivery",
  "level": "error",
  "message": "when saving build states: Canceled",
  "time": "2026-01-11T20:25:17.606Z"
}
{
  "label": "SAP Continuous Integration and Delivery",
  "level": "error",
  "message": "when saving build states: Canceled",
  "time": "2026-01-11T20:25:17.606Z"
}
{
  "label": "SAP Continuous Integration and Delivery",
  "level": "error",
  "message": "when saving build states: Canceled",
  "time": "2026-01-11T20:25:17.607Z"
}
{
  "label": "SAP Continuous Integration and Delivery",
  "level": "error",
  "message": "when saving build states: Canceled",
  "time": "2026-01-11T20:25:17.607Z"
}
{
  "label": "SAP Continuous Integration and Delivery",
  "level": "error",
  "message": "when saving build states: Canceled",
  "time": "2026-01-11T20:25:17.607Z"
}
{
  "label": "SAP Continuous Integration and Delivery",
  "level": "error",
  "message": "when saving build states: Canceled",
  "time": "2026-01-11T20:25:17.612Z"
}
{
  "label": "SAP Continuous Integration and Delivery",
  "level": "error",
  "message": "when saving build states: Canceled",
  "time": "2026-01-11T20:25:17.612Z"
}
{
  "label": "SAP Continuous Integration and Delivery",
  "level": "error",
  "message": "when saving build states: Canceled",
  "time": "2026-01-11T20:25:17.612Z"
}
{
  "label": "SAP Continuous Integration and Delivery",
  "level": "error",
  "message": "when saving build states: Canceled",
  "time": "2026-01-11T20:25:17.612Z"
}
{
  "label": "SAP Continuous Integration and Delivery",
  "level": "error",
  "message": "when saving build states: Canceled",
  "time": "2026-01-11T20:25:17.612Z"
}
{
  "label": "SAP Continuous Integration and Delivery",
  "level": "error",
  "message": "when saving build states: Canceled",
  "time": "2026-01-11T20:25:17.612Z"
}
{
  "label": "SAP Continuous Integration and Delivery",
  "level": "error",
  "message": "when saving build states: Canceled",
  "time": "2026-01-11T20:25:17.618Z"
}
{
  "label": "SAP Continuous Integration and Delivery",
  "level": "error",
  "message": "when saving build states: Canceled",
  "time": "2026-01-11T20:25:17.618Z"
}
{
  "label": "SAP Continuous Integration and Delivery",
  "level": "error",
  "message": "when saving build states: Canceled",
  "time": "2026-01-11T20:25:17.618Z"
}
{
  "label": "SAP Continuous Integration and Delivery",
  "level": "error",
  "message": "when saving build states: Canceled",
  "time": "2026-01-11T20:25:17.618Z"
}
{
  "label": "SAP Continuous Integration and Delivery",
  "level": "error",
  "message": "when saving build states: Canceled",
  "time": "2026-01-11T20:25:17.618Z"
}
{
  "label": "SAP Continuous Integration and Delivery",
  "level": "error",
  "message": "when saving build states: Canceled",
  "time": "2026-01-11T20:25:17.618Z"
}
{
  "label": "SAP Continuous Integration and Delivery",
  "level": "error",
  "message": "when saving build states: Canceled",
  "time": "2026-01-11T20:25:17.624Z"
}
{
  "label": "SAP Continuous Integration and Delivery",
  "level": "error",
  "message": "when saving build states: Canceled",
  "time": "2026-01-11T20:25:17.624Z"
}
{
  "label": "SAP Continuous Integration and Delivery",
  "level": "error",
  "message": "when saving build states: Canceled",
  "time": "2026-01-11T20:25:17.624Z"
}
{
  "label": "SAP Continuous Integration and Delivery",
  "level": "error",
  "message": "when saving build states: Canceled",
  "time": "2026-01-11T20:25:17.625Z"
}
{
  "label": "SAP Continuous Integration and Delivery",
  "level": "error",
  "message": "when saving build states: Canceled",
  "time": "2026-01-11T20:25:17.625Z"
}
{
  "label": "SAP Continuous Integration and Delivery",
  "level": "error",
  "message": "when saving build states: Canceled",
  "time": "2026-01-11T20:25:17.625Z"
}
{
  "label": "SAP Continuous Integration and Delivery",
  "level": "error",
  "message": "when saving build states: Canceled",
  "time": "2026-01-11T20:25:17.630Z"
}
{
  "label": "SAP Continuous Integration and Delivery",
  "level": "error",
  "message": "when saving build states: Canceled",
  "time": "2026-01-11T20:25:17.631Z"
}
{
  "label": "SAP Continuous Integration and Delivery",
  "level": "error",
  "message": "when saving build states: Canceled",
  "time": "2026-01-11T20:25:17.631Z"
}
{
  "label": "SAP Continuous Integration and Delivery",
  "level": "error",
  "message": "when saving build states: Canceled",
  "time": "2026-01-11T20:25:17.631Z"
}
{
  "label": "SAP Continuous Integration and Delivery",
  "level": "error",
  "message": "when saving build states: Canceled",
  "time": "2026-01-11T20:25:17.631Z"
}
{
  "label": "SAP Continuous Integration and Delivery",
  "level": "error",
  "message": "when saving build states: Canceled",
  "time": "2026-01-11T20:25:17.631Z"
}
{
  "label": "SAP Continuous Integration and Delivery",
  "level": "error",
  "message": "when saving build states: Canceled",
  "time": "2026-01-11T20:25:17.638Z"
}
{
  "label": "SAP Continuous Integration and Delivery",
  "level": "error",
  "message": "when saving build states: Canceled",
  "time": "2026-01-11T20:25:17.638Z"
}
{
  "label": "SAP Continuous Integration and Delivery",
  "level": "error",
  "message": "when saving build states: Canceled",
  "time": "2026-01-11T20:25:17.638Z"
}
{
  "label": "SAP Continuous Integration and Delivery",
  "level": "error",
  "message": "when saving build states: Canceled",
  "time": "2026-01-11T20:25:17.638Z"
}
{
  "label": "SAP Continuous Integration and Delivery",
  "level": "error",
  "message": "when saving build states: Canceled",
  "time": "2026-01-11T20:25:17.638Z"
}
{
  "label": "SAP Continuous Integration and Delivery",
  "level": "error",
  "message": "when saving build states: Canceled",
  "time": "2026-01-11T20:25:17.639Z"
}
{
  "label": "SAP Continuous Integration and Delivery",
  "level": "error",
  "message": "when saving build states: Canceled",
  "time": "2026-01-11T20:25:17.644Z"
}
{
  "label": "SAP Continuous Integration and Delivery",
  "level": "error",
  "message": "when saving build states: Canceled",
  "time": "2026-01-11T20:25:17.644Z"
}
{
  "label": "SAP Continuous Integration and Delivery",
  "level": "error",
  "message": "when saving build states: Canceled",
  "time": "2026-01-11T20:25:17.644Z"
}
{
  "label": "SAP Continuous Integration and Delivery",
  "level": "error",
  "message": "when saving build states: Canceled",
  "time": "2026-01-11T20:25:17.644Z"
}
{
  "label": "SAP Continuous Integration and Delivery",
  "level": "error",
  "message": "when saving build states: Canceled",
  "time": "2026-01-11T20:25:17.644Z"
}
{
  "label": "SAP Continuous Integration and Delivery",
  "level": "error",
  "message": "when saving build states: Canceled",
  "time": "2026-01-11T20:25:17.644Z"
}
{
  "label": "SAP Continuous Integration and Delivery",
  "level": "error",
  "message": "when saving build states: Canceled",
  "time": "2026-01-11T20:25:17.644Z"
}
{
  "label": "SAP Continuous Integration and Delivery",
  "level": "error",
  "message": "when saving build states: Canceled",
  "time": "2026-01-11T20:25:17.649Z"
}
{
  "label": "SAP Continuous Integration and Delivery",
  "level": "error",
  "message": "when saving build states: Canceled",
  "time": "2026-01-11T20:25:17.649Z"
}
{
  "label": "SAP Continuous Integration and Delivery",
  "level": "error",
  "message": "when saving build states: Canceled",
  "time": "2026-01-11T20:25:17.649Z"
}
{
  "label": "SAP Continuous Integration and Delivery",
  "level": "error",
  "message": "when saving build states: Canceled",
  "time": "2026-01-11T20:25:17.649Z"
}
{
  "label": "SAP Continuous Integration and Delivery",
  "level": "error",
  "message": "when saving build states: Canceled",
  "time": "2026-01-11T20:25:17.655Z"
}
{
  "label": "SAP Continuous Integration and Delivery",
  "level": "error",
  "message": "when saving build states: Canceled",
  "time": "2026-01-11T20:25:17.655Z"
}
{
  "label": "SAP Continuous Integration and Delivery",
  "level": "error",
  "message": "when saving build states: Canceled",
  "time": "2026-01-11T20:25:17.663Z"
}
{
  "label": "SAP Continuous Integration and Delivery",
  "level": "error",
  "message": "when saving build states: Canceled",
  "time": "2026-01-11T20:25:17.663Z"
}
{
  "label": "SAP Continuous Integration and Delivery",
  "level": "error",
  "message": "when saving build states: Canceled",
  "time": "2026-01-11T20:25:17.663Z"
}
{
  "label": "SAP Continuous Integration and Delivery",
  "level": "error",
  "message": "when saving build states: Canceled",
  "time": "2026-01-11T20:25:17.663Z"
}
{
  "label": "SAP Continuous Integration and Delivery",
  "level": "error",
  "message": "when saving build states: Canceled",
  "time": "2026-01-11T20:25:17.663Z"
}
{
  "label": "SAP Continuous Integration and Delivery",
  "level": "error",
  "message": "when saving build states: Canceled",
  "time": "2026-01-11T20:25:17.663Z"
}
{
  "label": "SAP Continuous Integration and Delivery",
  "level": "error",
  "message": "when saving build states: Canceled",
  "time": "2026-01-11T20:25:17.668Z"
}
{
  "label": "SAP Continuous Integration and Delivery",
  "level": "error",
  "message": "when saving build states: Canceled",
  "time": "2026-01-11T20:25:17.669Z"
}
{
  "label": "SAP Continuous Integration and Delivery",
  "level": "error",
  "message": "when saving build states: Canceled",
  "time": "2026-01-11T20:25:17.669Z"
}
{
  "label": "SAP Continuous Integration and Delivery",
  "level": "error",
  "message": "when saving build states: Canceled",
  "time": "2026-01-11T20:25:17.669Z"
}
{
  "label": "SAP Continuous Integration and Delivery",
  "level": "error",
  "message": "when saving build states: Canceled",
  "time": "2026-01-11T20:25:17.670Z"
}
{
  "label": "SAP Continuous Integration and Delivery",
  "level": "error",
  "message": "when saving build states: Canceled",
  "time": "2026-01-11T20:25:17.670Z"
}
{
  "label": "SAP Continuous Integration and Delivery",
  "level": "error",
  "message": "when saving build states: Canceled",
  "time": "2026-01-11T20:25:17.681Z"
}
{
  "label": "SAP Continuous Integration and Delivery",
  "level": "error",
  "message": "when saving build states: Canceled",
  "time": "2026-01-11T20:25:17.681Z"
}
{
  "label": "SAP Continuous Integration and Delivery",
  "level": "error",
  "message": "when saving build states: Canceled",
  "time": "2026-01-11T20:25:17.681Z"
}
{
  "label": "SAP Continuous Integration and Delivery",
  "level": "error",
  "message": "when saving build states: Canceled",
  "time": "2026-01-11T20:25:17.681Z"
}
{
  "label": "SAP Continuous Integration and Delivery",
  "level": "error",
  "message": "when saving build states: Canceled",
  "time": "2026-01-11T20:25:17.681Z"
}
{
  "label": "SAP Continuous Integration and Delivery",
  "level": "error",
  "message": "when saving build states: Canceled",
  "time": "2026-01-11T20:25:17.681Z"
}
{
  "label": "SAP Continuous Integration and Delivery",
  "level": "error",
  "message": "when saving build states: Canceled",
  "time": "2026-01-11T20:25:17.690Z"
}
{
  "label": "SAP Continuous Integration and Delivery",
  "level": "error",
  "message": "when saving build states: Canceled",
  "time": "2026-01-11T20:25:17.690Z"
}
{
  "label": "SAP Continuous Integration and Delivery",
  "level": "error",
  "message": "when saving build states: Canceled",
  "time": "2026-01-11T20:25:17.690Z"
}
{
  "label": "SAP Continuous Integration and Delivery",
  "level": "error",
  "message": "when saving build states: Canceled",
  "time": "2026-01-11T20:25:17.690Z"
}
{
  "label": "SAP Continuous Integration and Delivery",
  "level": "error",
  "message": "when saving build states: Canceled",
  "time": "2026-01-11T20:25:17.690Z"
}
{
  "label": "SAP Continuous Integration and Delivery",
  "level": "error",
  "message": "when saving build states: Canceled",
  "time": "2026-01-11T20:25:17.690Z"
}
{
  "label": "SAP Continuous Integration and Delivery",
  "level": "error",
  "message": "when saving build states: Canceled",
  "time": "2026-01-11T20:25:17.695Z"
}
{
  "label": "SAP Continuous Integration and Delivery",
  "level": "error",
  "message": "when saving build states: Canceled",
  "time": "2026-01-11T20:25:17.695Z"
}
{
  "label": "SAP Continuous Integration and Delivery",
  "level": "error",
  "message": "when saving build states: Canceled",
  "time": "2026-01-11T20:25:17.695Z"
}
{
  "label": "SAP Continuous Integration and Delivery",
  "level": "error",
  "message": "when saving build states: Canceled",
  "time": "2026-01-11T20:25:17.695Z"
}
{
  "label": "SAP Continuous Integration and Delivery",
  "level": "error",
  "message": "when saving build states: Canceled",
  "time": "2026-01-11T20:25:17.695Z"
}
{
  "label": "SAP Continuous Integration and Delivery",
  "level": "error",
  "message": "when saving build states: Canceled",
  "time": "2026-01-11T20:25:17.695Z"
}
{
  "label": "SAP Continuous Integration and Delivery",
  "level": "error",
  "message": "when saving build states: Canceled",
  "time": "2026-01-11T20:25:17.696Z"
}
{
  "label": "SAP Continuous Integration and Delivery",
  "level": "error",
  "message": "when saving build states: Canceled",
  "time": "2026-01-11T20:25:17.704Z"
}
{
  "label": "SAP Continuous Integration and Delivery",
  "level": "error",
  "message": "when saving build states: Canceled",
  "time": "2026-01-11T20:25:17.705Z"
}
{
  "label": "SAP Continuous Integration and Delivery",
  "level": "error",
  "message": "when saving build states: Canceled",
  "time": "2026-01-11T20:25:17.705Z"
}
{
  "label": "SAP Continuous Integration and Delivery",
  "level": "error",
  "message": "when saving build states: Canceled",
  "time": "2026-01-11T20:25:17.705Z"
}
{
  "label": "SAP Continuous Integration and Delivery",
  "level": "error",
  "message": "when saving build states: Canceled",
  "time": "2026-01-11T20:25:17.705Z"
}
{
  "label": "SAP Continuous Integration and Delivery",
  "level": "error",
  "message": "when saving build states: Canceled",
  "time": "2026-01-11T20:25:17.705Z"
}
{
  "label": "SAP Continuous Integration and Delivery",
  "level": "error",
  "message": "when saving build states: Canceled",
  "time": "2026-01-11T20:25:17.712Z"
}
{
  "label": "SAP Continuous Integration and Delivery",
  "level": "error",
  "message": "when saving build states: Canceled",
  "time": "2026-01-11T20:25:17.712Z"
}
{
  "label": "SAP Continuous Integration and Delivery",
  "level": "error",
  "message": "when saving build states: Canceled",
  "time": "2026-01-11T20:25:17.712Z"
}
{
  "label": "SAP Continuous Integration and Delivery",
  "level": "error",
  "message": "when saving build states: Canceled",
  "time": "2026-01-11T20:25:17.712Z"
}
{
  "label": "SAP Continuous Integration and Delivery",
  "level": "error",
  "message": "when saving build states: Canceled",
  "time": "2026-01-11T20:25:17.712Z"
}
{
  "label": "SAP Continuous Integration and Delivery",
  "level": "error",
  "message": "when saving build states: Canceled",
  "time": "2026-01-11T20:25:17.712Z"
}
{
  "label": "SAP Continuous Integration and Delivery",
  "level": "error",
  "message": "when saving build states: Canceled",
  "time": "2026-01-11T20:25:17.718Z"
}
{
  "label": "SAP Continuous Integration and Delivery",
  "level": "error",
  "message": "when saving build states: Canceled",
  "time": "2026-01-11T20:25:17.718Z"
}
{
  "label": "SAP Continuous Integration and Delivery",
  "level": "error",
  "message": "when saving build states: Canceled",
  "time": "2026-01-11T20:25:17.718Z"
}
{
  "label": "SAP Continuous Integration and Delivery",
  "level": "error",
  "message": "when saving build states: Canceled",
  "time": "2026-01-11T20:25:17.718Z"
}
{
  "label": "SAP Continuous Integration and Delivery",
  "level": "error",
  "message": "when saving build states: Canceled",
  "time": "2026-01-11T20:25:17.718Z"
}
{
  "label": "SAP Continuous Integration and Delivery",
  "level": "error",
  "message": "when saving build states: Canceled",
  "time": "2026-01-11T20:25:17.718Z"
}
{
  "label": "SAP Continuous Integration and Delivery",
  "level": "error",
  "message": "when saving build states: Canceled",
  "time": "2026-01-11T20:25:17.723Z"
}
{
  "label": "SAP Continuous Integration and Delivery",
  "level": "error",
  "message": "when saving build states: Canceled",
  "time": "2026-01-11T20:25:17.724Z"
}
{
  "label": "SAP Continuous Integration and Delivery",
  "level": "error",
  "message": "when saving build states: Canceled",
  "time": "2026-01-11T20:25:17.724Z"
}
{
  "label": "SAP Continuous Integration and Delivery",
  "level": "error",
  "message": "when saving build states: Canceled",
  "time": "2026-01-11T20:25:17.724Z"
}
{
  "label": "SAP Continuous Integration and Delivery",
  "level": "error",
  "message": "when saving build states: Canceled",
  "time": "2026-01-11T20:25:17.724Z"
}
{
  "label": "SAP Continuous Integration and Delivery",
  "level": "error",
  "message": "when saving build states: Canceled",
  "time": "2026-01-11T20:25:17.724Z"
}
{
  "label": "SAP Continuous Integration and Delivery",
  "level": "error",
  "message": "when saving build states: Canceled",
  "time": "2026-01-11T20:25:17.729Z"
}
{
  "label": "SAP Continuous Integration and Delivery",
  "level": "error",
  "message": "when saving build states: Canceled",
  "time": "2026-01-11T20:25:17.729Z"
}
{
  "label": "SAP Continuous Integration and Delivery",
  "level": "error",
  "message": "when saving build states: Canceled",
  "time": "2026-01-11T20:25:17.729Z"
}
{
  "label": "SAP Continuous Integration and Delivery",
  "level": "error",
  "message": "when saving build states: Canceled",
  "time": "2026-01-11T20:25:17.729Z"
}
{
  "label": "SAP Continuous Integration and Delivery",
  "level": "error",
  "message": "when saving build states: Canceled",
  "time": "2026-01-11T20:25:17.729Z"
}
{
  "label": "SAP Continuous Integration and Delivery",
  "level": "error",
  "message": "when saving build states: Canceled",
  "time": "2026-01-11T20:25:17.729Z"
}
{
  "label": "SAP Continuous Integration and Delivery",
  "level": "error",
  "message": "when saving build states: Canceled",
  "time": "2026-01-11T20:25:17.729Z"
}
{
  "label": "SAP Continuous Integration and Delivery",
  "level": "error",
  "message": "when saving build states: Canceled",
  "time": "2026-01-11T20:25:17.734Z"
}
{
  "label": "SAP Continuous Integration and Delivery",
  "level": "error",
  "message": "when saving build states: Canceled",
  "time": "2026-01-11T20:25:17.735Z"
}
{
  "label": "SAP Continuous Integration and Delivery",
  "level": "error",
  "message": "when saving build states: Canceled",
  "time": "2026-01-11T20:25:17.735Z"
}
{
  "label": "SAP Continuous Integration and Delivery",
  "level": "error",
  "message": "when saving build states: Canceled",
  "time": "2026-01-11T20:25:17.735Z"
}
{
  "label": "SAP Continuous Integration and Delivery",
  "level": "error",
  "message": "when saving build states: Canceled",
  "time": "2026-01-11T20:25:17.735Z"
}
{
  "label": "SAP Continuous Integration and Delivery",
  "level": "error",
  "message": "when saving build states: Canceled",
  "time": "2026-01-11T20:25:17.740Z"
}
{
  "label": "SAP Continuous Integration and Delivery",
  "level": "error",
  "message": "when saving build states: Canceled",
  "time": "2026-01-11T20:25:17.740Z"
}
{
  "label": "SAP Continuous Integration and Delivery",
  "level": "error",
  "message": "when saving build states: Canceled",
  "time": "2026-01-11T20:25:17.740Z"
}
{
  "label": "SAP Continuous Integration and Delivery",
  "level": "error",
  "message": "when saving build states: Canceled",
  "time": "2026-01-11T20:25:17.740Z"
}
{
  "label": "SAP Continuous Integration and Delivery",
  "level": "error",
  "message": "when saving build states: Canceled",
  "time": "2026-01-11T20:25:17.740Z"
}
{
  "label": "SAP Continuous Integration and Delivery",
  "level": "error",
  "message": "when saving build states: Canceled",
  "time": "2026-01-11T20:25:17.740Z"
}
{
  "label": "SAP Continuous Integration and Delivery",
  "level": "error",
  "message": "when saving build states: Canceled",
  "time": "2026-01-11T20:25:17.741Z"
}
{
  "label": "SAP Continuous Integration and Delivery",
  "level": "error",
  "message": "when saving build states: Canceled",
  "time": "2026-01-11T20:25:17.746Z"
}
{
  "label": "SAP Continuous Integration and Delivery",
  "level": "error",
  "message": "when saving build states: Canceled",
  "time": "2026-01-11T20:25:17.746Z"
}
{
  "label": "SAP Continuous Integration and Delivery",
  "level": "error",
  "message": "when saving build states: Canceled",
  "time": "2026-01-11T20:25:17.746Z"
}
{
  "label": "SAP Continuous Integration and Delivery",
  "level": "error",
  "message": "when saving build states: Canceled",
  "time": "2026-01-11T20:25:17.746Z"
}
{
  "label": "SAP Continuous Integration and Delivery",
  "level": "error",
  "message": "when saving build states: Canceled",
  "time": "2026-01-11T20:25:17.746Z"
}
{
  "label": "SAP Continuous Integration and Delivery",
  "level": "error",
  "message": "when saving build states: Canceled",
  "time": "2026-01-11T20:25:17.746Z"
}
{
  "label": "SAP Continuous Integration and Delivery",
  "level": "error",
  "message": "when saving build states: Canceled",
  "time": "2026-01-11T20:25:17.751Z"
}
{
  "label": "SAP Continuous Integration and Delivery",
  "level": "error",
  "message": "when saving build states: Canceled",
  "time": "2026-01-11T20:25:17.751Z"
}
{
  "label": "SAP Continuous Integration and Delivery",
  "level": "error",
  "message": "when saving build states: Canceled",
  "time": "2026-01-11T20:25:17.751Z"
}
{
  "label": "SAP Continuous Integration and Delivery",
  "level": "error",
  "message": "when saving build states: Canceled",
  "time": "2026-01-11T20:25:17.751Z"
}
{
  "label": "SAP Continuous Integration and Delivery",
  "level": "error",
  "message": "when saving build states: Canceled",
  "time": "2026-01-11T20:25:17.751Z"
}
{
  "label": "SAP Continuous Integration and Delivery",
  "level": "error",
  "message": "when saving build states: Canceled",
  "time": "2026-01-11T20:25:17.751Z"
}
{
  "label": "SAP Continuous Integration and Delivery",
  "level": "error",
  "message": "when saving build states: Canceled",
  "time": "2026-01-11T20:25:17.757Z"
}
{
  "label": "SAP Continuous Integration and Delivery",
  "level": "error",
  "message": "when saving build states: Canceled",
  "time": "2026-01-11T20:25:17.757Z"
}
{
  "label": "SAP Continuous Integration and Delivery",
  "level": "error",
  "message": "when saving build states: Canceled",
  "time": "2026-01-11T20:25:17.757Z"
}
{
  "label": "SAP Continuous Integration and Delivery",
  "level": "error",
  "message": "when saving build states: Canceled",
  "time": "2026-01-11T20:25:17.757Z"
}
{
  "label": "SAP Continuous Integration and Delivery",
  "level": "error",
  "message": "when saving build states: Canceled",
  "time": "2026-01-11T20:25:17.757Z"
}
{
  "label": "SAP Continuous Integration and Delivery",
  "level": "error",
  "message": "when saving build states: Canceled",
  "time": "2026-01-11T20:25:17.757Z"
}
{
  "label": "SAP Continuous Integration and Delivery",
  "level": "error",
  "message": "when saving build states: Canceled",
  "time": "2026-01-11T20:25:17.762Z"
}
{
  "label": "SAP Continuous Integration and Delivery",
  "level": "error",
  "message": "when saving build states: Canceled",
  "time": "2026-01-11T20:25:17.762Z"
}
{
  "label": "SAP Continuous Integration and Delivery",
  "level": "error",
  "message": "when saving build states: Canceled",
  "time": "2026-01-11T20:25:17.762Z"
}
{
  "label": "SAP Continuous Integration and Delivery",
  "level": "error",
  "message": "when saving build states: Canceled",
  "time": "2026-01-11T20:25:17.762Z"
}
{
  "label": "SAP Continuous Integration and Delivery",
  "level": "error",
  "message": "when saving build states: Canceled",
  "time": "2026-01-11T20:25:17.762Z"
}
{
  "label": "SAP Continuous Integration and Delivery",
  "level": "error",
  "message": "when saving build states: Canceled",
  "time": "2026-01-11T20:25:17.762Z"
}
{
  "label": "SAP Continuous Integration and Delivery",
  "level": "error",
  "message": "when saving build states: Canceled",
  "time": "2026-01-11T20:25:17.767Z"
}
{
  "label": "SAP Continuous Integration and Delivery",
  "level": "error",
  "message": "when saving build states: Canceled",
  "time": "2026-01-11T20:25:17.768Z"
}
{
  "label": "SAP Continuous Integration and Delivery",
  "level": "error",
  "message": "when saving build states: Canceled",
  "time": "2026-01-11T20:25:17.768Z"
}
{
  "label": "SAP Continuous Integration and Delivery",
  "level": "error",
  "message": "when saving build states: Canceled",
  "time": "2026-01-11T20:25:17.768Z"
}
{
  "label": "SAP Continuous Integration and Delivery",
  "level": "error",
  "message": "when saving build states: Canceled",
  "time": "2026-01-11T20:25:17.768Z"
}
{
  "label": "SAP Continuous Integration and Delivery",
  "level": "error",
  "message": "when saving build states: Canceled",
  "time": "2026-01-11T20:25:17.768Z"
}
{
  "label": "SAP Continuous Integration and Delivery",
  "level": "error",
  "message": "when saving build states: Canceled",
  "time": "2026-01-11T20:25:17.768Z"
}
{
  "label": "SAP Continuous Integration and Delivery",
  "level": "error",
  "message": "when saving build states: Canceled",
  "time": "2026-01-11T20:25:17.773Z"
}
{
  "label": "SAP Continuous Integration and Delivery",
  "level": "error",
  "message": "when saving build states: Canceled",
  "time": "2026-01-11T20:25:17.773Z"
}
{
  "label": "SAP Continuous Integration and Delivery",
  "level": "error",
  "message": "when saving build states: Canceled",
  "time": "2026-01-11T20:25:17.774Z"
}
{
  "label": "SAP Continuous Integration and Delivery",
  "level": "error",
  "message": "when saving build states: Canceled",
  "time": "2026-01-11T20:25:17.775Z"
}
{
  "label": "SAP Continuous Integration and Delivery",
  "level": "error",
  "message": "when saving build states: Canceled",
  "time": "2026-01-11T20:25:17.775Z"
}
{
  "label": "SAP Continuous Integration and Delivery",
  "level": "error",
  "message": "when saving build states: Canceled",
  "time": "2026-01-11T20:25:17.775Z"
}
{
  "label": "SAP Continuous Integration and Delivery",
  "level": "error",
  "message": "when saving build states: Canceled",
  "time": "2026-01-11T20:25:17.780Z"
}
{
  "label": "SAP Continuous Integration and Delivery",
  "level": "error",
  "message": "when saving build states: Canceled",
  "time": "2026-01-11T20:25:17.780Z"
}
{
  "label": "SAP Continuous Integration and Delivery",
  "level": "error",
  "message": "when saving build states: Canceled",
  "time": "2026-01-11T20:25:17.780Z"
}
{
  "label": "SAP Continuous Integration and Delivery",
  "level": "error",
  "message": "when saving build states: Canceled",
  "time": "2026-01-11T20:25:17.780Z"
}
{
  "label": "SAP Continuous Integration and Delivery",
  "level": "error",
  "message": "when saving build states: Canceled",
  "time": "2026-01-11T20:25:17.780Z"
}
{
  "label": "SAP Continuous Integration and Delivery",
  "level": "error",
  "message": "when saving build states: Canceled",
  "time": "2026-01-11T20:25:17.780Z"
}
{
  "label": "SAP Continuous Integration and Delivery",
  "level": "error",
  "message": "when saving build states: Canceled",
  "time": "2026-01-11T20:25:17.786Z"
}
{
  "label": "SAP Continuous Integration and Delivery",
  "level": "error",
  "message": "when saving build states: Canceled",
  "time": "2026-01-11T20:25:17.786Z"
}
{
  "label": "SAP Continuous Integration and Delivery",
  "level": "error",
  "message": "when saving build states: Canceled",
  "time": "2026-01-11T20:25:17.786Z"
}
{
  "label": "SAP Continuous Integration and Delivery",
  "level": "error",
  "message": "when saving build states: Canceled",
  "time": "2026-01-11T20:25:17.786Z"
}
{
  "label": "SAP Continuous Integration and Delivery",
  "level": "error",
  "message": "when saving build states: Canceled",
  "time": "2026-01-11T20:25:17.786Z"
}
{
  "label": "SAP Continuous Integration and Delivery",
  "level": "error",
  "message": "when saving build states: Canceled",
  "time": "2026-01-11T20:25:17.786Z"
}
{
  "label": "SAP Continuous Integration and Delivery",
  "level": "error",
  "message": "when saving build states: Canceled",
  "time": "2026-01-11T20:25:17.791Z"
}
{
  "label": "SAP Continuous Integration and Delivery",
  "level": "error",
  "message": "when saving build states: Canceled",
  "time": "2026-01-11T20:25:17.792Z"
}
{
  "label": "SAP Continuous Integration and Delivery",
  "level": "error",
  "message": "when saving build states: Canceled",
  "time": "2026-01-11T20:25:17.792Z"
}
{
  "label": "SAP Continuous Integration and Delivery",
  "level": "error",
  "message": "when saving build states: Canceled",
  "time": "2026-01-11T20:25:17.792Z"
}
{
  "label": "SAP Continuous Integration and Delivery",
  "level": "error",
  "message": "when saving build states: Canceled",
  "time": "2026-01-11T20:25:17.792Z"
}
{
  "label": "SAP Continuous Integration and Delivery",
  "level": "error",
  "message": "when saving build states: Canceled",
  "time": "2026-01-11T20:25:17.792Z"
}
{
  "label": "SAP Continuous Integration and Delivery",
  "level": "error",
  "message": "when saving build states: Canceled",
  "time": "2026-01-11T20:25:17.797Z"
}
{
  "label": "SAP Continuous Integration and Delivery",
  "level": "error",
  "message": "when saving build states: Canceled",
  "time": "2026-01-11T20:25:17.813Z"
}
{
  "label": "SAP Continuous Integration and Delivery",
  "level": "error",
  "message": "when saving build states: Canceled",
  "time": "2026-01-11T20:25:17.814Z"
}
{
  "label": "SAP Continuous Integration and Delivery",
  "level": "error",
  "message": "when saving build states: Canceled",
  "time": "2026-01-11T20:25:17.814Z"
}
{
  "label": "SAP Continuous Integration and Delivery",
  "level": "error",
  "message": "when saving build states: Canceled",
  "time": "2026-01-11T20:25:17.814Z"
}
{
  "label": "SAP Continuous Integration and Delivery",
  "level": "error",
  "message": "when saving build states: Canceled",
  "time": "2026-01-11T20:25:17.814Z"
}
{
  "label": "SAP Continuous Integration and Delivery",
  "level": "error",
  "message": "when saving build states: Canceled",
  "time": "2026-01-11T20:25:17.820Z"
}
{
  "label": "SAP Continuous Integration and Delivery",
  "level": "error",
  "message": "when saving build states: Canceled",
  "time": "2026-01-11T20:25:17.821Z"
}
{
  "label": "SAP Continuous Integration and Delivery",
  "level": "error",
  "message": "when saving build states: Canceled",
  "time": "2026-01-11T20:25:17.821Z"
}
{
  "label": "SAP Continuous Integration and Delivery",
  "level": "error",
  "message": "when saving build states: Canceled",
  "time": "2026-01-11T20:25:17.821Z"
}
{
  "label": "SAP Continuous Integration and Delivery",
  "level": "error",
  "message": "when saving build states: Canceled",
  "time": "2026-01-11T20:25:17.821Z"
}
{
  "label": "SAP Continuous Integration and Delivery",
  "level": "error",
  "message": "when saving build states: Canceled",
  "time": "2026-01-11T20:25:17.821Z"
}
{
  "label": "SAP Continuous Integration and Delivery",
  "level": "error",
  "message": "when saving build states: Canceled",
  "time": "2026-01-11T20:25:17.822Z"
}
{
  "label": "SAP Continuous Integration and Delivery",
  "level": "error",
  "message": "when saving build states: Canceled",
  "time": "2026-01-11T20:25:17.828Z"
}
{
  "label": "SAP Continuous Integration and Delivery",
  "level": "error",
  "message": "when saving build states: Canceled",
  "time": "2026-01-11T20:25:17.828Z"
}
{
  "label": "SAP Continuous Integration and Delivery",
  "level": "error",
  "message": "when saving build states: Canceled",
  "time": "2026-01-11T20:25:17.828Z"
}
{
  "label": "SAP Continuous Integration and Delivery",
  "level": "error",
  "message": "when saving build states: Canceled",
  "time": "2026-01-11T20:25:17.829Z"
}
{
  "label": "SAP Continuous Integration and Delivery",
  "level": "error",
  "message": "when saving build states: Canceled",
  "time": "2026-01-11T20:25:17.829Z"
}
{
  "label": "SAP Continuous Integration and Delivery",
  "level": "error",
  "message": "when saving build states: Canceled",
  "time": "2026-01-11T20:25:17.830Z"
}
{
  "label": "SAP Continuous Integration and Delivery",
  "level": "error",
  "message": "when saving build states: Canceled",
  "time": "2026-01-11T20:25:17.847Z"
}
{
  "label": "SAP Continuous Integration and Delivery",
  "level": "error",
  "message": "when saving build states: Canceled",
  "time": "2026-01-11T20:25:17.847Z"
}
{
  "label": "SAP Continuous Integration and Delivery",
  "level": "error",
  "message": "when saving build states: Canceled",
  "time": "2026-01-11T20:25:17.847Z"
}
{
  "label": "SAP Continuous Integration and Delivery",
  "level": "error",
  "message": "when saving build states: Canceled",
  "time": "2026-01-11T20:25:17.847Z"
}
{
  "label": "SAP Continuous Integration and Delivery",
  "level": "error",
  "message": "when saving build states: Canceled",
  "time": "2026-01-11T20:25:17.847Z"
}
{
  "label": "SAP Continuous Integration and Delivery",
  "level": "error",
  "message": "when saving build states: Canceled",
  "time": "2026-01-11T20:25:17.847Z"
}
{
  "label": "SAP Continuous Integration and Delivery",
  "level": "error",
  "message": "when saving build states: Canceled",
  "time": "2026-01-11T20:25:17.853Z"
}
{
  "label": "SAP Continuous Integration and Delivery",
  "level": "error",
  "message": "when saving build states: Canceled",
  "time": "2026-01-11T20:25:17.853Z"
}
{
  "label": "SAP Continuous Integration and Delivery",
  "level": "error",
  "message": "when saving build states: Canceled",
  "time": "2026-01-11T20:25:17.853Z"
}
{
  "label": "SAP Continuous Integration and Delivery",
  "level": "error",
  "message": "when saving build states: Canceled",
  "time": "2026-01-11T20:25:17.854Z"
}
{
  "label": "SAP Continuous Integration and Delivery",
  "level": "error",
  "message": "when saving build states: Canceled",
  "time": "2026-01-11T20:25:17.854Z"
}
{
  "label": "SAP Continuous Integration and Delivery",
  "level": "error",
  "message": "when saving build states: Canceled",
  "time": "2026-01-11T20:25:17.854Z"
}
{
  "label": "SAP Continuous Integration and Delivery",
  "level": "error",
  "message": "when saving build states: Canceled",
  "time": "2026-01-11T20:25:17.861Z"
}
{
  "label": "SAP Continuous Integration and Delivery",
  "level": "error",
  "message": "when saving build states: Canceled",
  "time": "2026-01-11T20:25:17.861Z"
}
{
  "label": "SAP Continuous Integration and Delivery",
  "level": "error",
  "message": "when saving build states: Canceled",
  "time": "2026-01-11T20:25:17.861Z"
}
{
  "label": "SAP Continuous Integration and Delivery",
  "level": "error",
  "message": "when saving build states: Canceled",
  "time": "2026-01-11T20:25:17.861Z"
}
{
  "label": "SAP Continuous Integration and Delivery",
  "level": "error",
  "message": "when saving build states: Canceled",
  "time": "2026-01-11T20:25:17.861Z"
}
{
  "label": "SAP Continuous Integration and Delivery",
  "level": "error",
  "message": "when saving build states: Canceled",
  "time": "2026-01-11T20:25:17.861Z"
}
{
  "label": "SAP Continuous Integration and Delivery",
  "level": "error",
  "message": "when saving build states: Canceled",
  "time": "2026-01-11T20:25:17.872Z"
}
{
  "label": "SAP Continuous Integration and Delivery",
  "level": "error",
  "message": "when saving build states: Canceled",
  "time": "2026-01-11T20:25:17.872Z"
}
{
  "label": "SAP Continuous Integration and Delivery",
  "level": "error",
  "message": "when saving build states: Canceled",
  "time": "2026-01-11T20:25:17.872Z"
}
{
  "label": "SAP Continuous Integration and Delivery",
  "level": "error",
  "message": "when saving build states: Canceled",
  "time": "2026-01-11T20:25:17.872Z"
}
{
  "label": "SAP Continuous Integration and Delivery",
  "level": "error",
  "message": "when saving build states: Canceled",
  "time": "2026-01-11T20:25:17.872Z"
}
{
  "label": "SAP Continuous Integration and Delivery",
  "level": "error",
  "message": "when saving build states: Canceled",
  "time": "2026-01-11T20:25:17.874Z"
}
{
  "label": "SAP Continuous Integration and Delivery",
  "level": "error",
  "message": "when saving build states: Canceled",
  "time": "2026-01-11T20:25:17.955Z"
}
{
  "label": "SAP Continuous Integration and Delivery",
  "level": "error",
  "message": "when saving build states: Canceled",
  "time": "2026-01-11T20:25:17.955Z"
}
{
  "label": "SAP Continuous Integration and Delivery",
  "level": "error",
  "message": "when saving build states: Canceled",
  "time": "2026-01-11T20:25:17.955Z"
}
{
  "label": "SAP Continuous Integration and Delivery",
  "level": "error",
  "message": "when saving build states: Canceled",
  "time": "2026-01-11T20:25:17.955Z"
}
{
  "label": "SAP Continuous Integration and Delivery",
  "level": "error",
  "message": "when saving build states: Canceled",
  "time": "2026-01-11T20:25:17.955Z"
}
{
  "label": "SAP Continuous Integration and Delivery",
  "level": "error",
  "message": "when saving build states: Canceled",
  "time": "2026-01-11T20:25:17.955Z"
}
{
  "label": "SAP Continuous Integration and Delivery",
  "level": "error",
  "message": "when saving build states: Canceled",
  "time": "2026-01-11T20:25:17.955Z"
}
{
  "label": "SAP Continuous Integration and Delivery",
  "level": "error",
  "message": "when saving build states: Canceled",
  "time": "2026-01-11T20:25:17.955Z"
}
{
  "label": "SAP Continuous Integration and Delivery",
  "level": "error",
  "message": "when saving build states: Canceled",
  "time": "2026-01-11T20:25:17.955Z"
}
{
  "label": "SAP Continuous Integration and Delivery",
  "level": "error",
  "message": "when saving build states: Canceled",
  "time": "2026-01-11T20:25:17.955Z"
}
{
  "label": "SAP Continuous Integration and Delivery",
  "level": "error",
  "message": "when saving build states: Canceled",
  "time": "2026-01-11T20:25:17.955Z"
}
{
  "label": "SAP Continuous Integration and Delivery",
  "level": "error",
  "message": "when saving build states: Canceled",
  "time": "2026-01-11T20:25:17.955Z"
}
{
  "label": "SAP Continuous Integration and Delivery",
  "level": "error",
  "message": "when saving build states: Canceled",
  "time": "2026-01-11T20:25:17.955Z"
}
{
  "label": "SAP Continuous Integration and Delivery",
  "level": "error",
  "message": "when saving build states: Canceled",
  "time": "2026-01-11T20:25:17.956Z"
}
{
  "label": "SAP Continuous Integration and Delivery",
  "level": "error",
  "message": "when saving build states: Canceled",
  "time": "2026-01-11T20:25:17.956Z"
}
{
  "label": "SAP Continuous Integration and Delivery",
  "level": "error",
  "message": "when saving build states: Canceled",
  "time": "2026-01-11T20:25:17.958Z"
}
{
  "label": "SAP Continuous Integration and Delivery",
  "level": "error",
  "message": "when saving build states: Canceled",
  "time": "2026-01-11T20:25:17.958Z"
}
{
  "label": "SAP Continuous Integration and Delivery",
  "level": "error",
  "message": "when saving build states: Canceled",
  "time": "2026-01-11T20:25:17.958Z"
}
{
  "label": "SAP Continuous Integration and Delivery",
  "level": "error",
  "message": "when saving build states: Canceled",
  "time": "2026-01-11T20:25:17.958Z"
}
{
  "label": "SAP Continuous Integration and Delivery",
  "level": "error",
  "message": "when saving build states: Canceled",
  "time": "2026-01-11T20:25:17.958Z"
}
{
  "label": "SAP Continuous Integration and Delivery",
  "level": "error",
  "message": "when saving build states: Canceled",
  "time": "2026-01-11T20:25:17.958Z"
}
{
  "label": "SAP Continuous Integration and Delivery",
  "level": "error",
  "message": "when saving build states: Canceled",
  "time": "2026-01-11T20:25:17.958Z"
}
{
  "label": "SAP Continuous Integration and Delivery",
  "level": "error",
  "message": "when saving build states: Canceled",
  "time": "2026-01-11T20:25:17.958Z"
}
{
  "label": "SAP Continuous Integration and Delivery",
  "level": "error",
  "message": "when saving build states: Canceled",
  "time": "2026-01-11T20:25:17.958Z"
}
{
  "label": "SAP Continuous Integration and Delivery",
  "level": "error",
  "message": "when saving build states: Canceled",
  "time": "2026-01-11T20:25:17.958Z"
}
{
  "label": "SAP Continuous Integration and Delivery",
  "level": "error",
  "message": "when saving build states: Canceled",
  "time": "2026-01-11T20:25:17.959Z"
}
{
  "label": "SAP Continuous Integration and Delivery",
  "level": "error",
  "message": "when saving build states: Canceled",
  "time": "2026-01-11T20:25:17.959Z"
}
{
  "label": "SAP Continuous Integration and Delivery",
  "level": "error",
  "message": "when saving build states: Canceled",
  "time": "2026-01-11T20:25:17.959Z"
}
{
  "label": "SAP Continuous Integration and Delivery",
  "level": "error",
  "message": "when saving build states: Canceled",
  "time": "2026-01-11T20:25:17.959Z"
}
{
  "label": "SAP Continuous Integration and Delivery",
  "level": "error",
  "message": "when saving build states: Canceled",
  "time": "2026-01-11T20:25:17.959Z"
}
{
  "label": "SAP Continuous Integration and Delivery",
  "level": "error",
  "message": "when saving build states: Canceled",
  "time": "2026-01-11T20:25:17.959Z"
}
{
  "label": "SAP Continuous Integration and Delivery",
  "level": "error",
  "message": "when saving build states: Canceled",
  "time": "2026-01-11T20:25:17.959Z"
}
{
  "label": "SAP Continuous Integration and Delivery",
  "level": "error",
  "message": "when saving build states: Canceled",
  "time": "2026-01-11T20:25:17.959Z"
}
{
  "label": "SAP Continuous Integration and Delivery",
  "level": "error",
  "message": "when saving build states: Canceled",
  "time": "2026-01-11T20:25:17.961Z"
}
{
  "label": "SAP Continuous Integration and Delivery",
  "level": "error",
  "message": "when saving build states: Canceled",
  "time": "2026-01-11T20:25:17.961Z"
}
{
  "label": "SAP Continuous Integration and Delivery",
  "level": "error",
  "message": "when saving build states: Canceled",
  "time": "2026-01-11T20:25:17.961Z"
}
{
  "label": "SAP Continuous Integration and Delivery",
  "level": "error",
  "message": "when saving build states: Canceled",
  "time": "2026-01-11T20:25:17.961Z"
}
{
  "label": "SAP Continuous Integration and Delivery",
  "level": "error",
  "message": "when saving build states: Canceled",
  "time": "2026-01-11T20:25:17.961Z"
}
{
  "label": "SAP Continuous Integration and Delivery",
  "level": "error",
  "message": "when saving build states: Canceled",
  "time": "2026-01-11T20:25:17.961Z"
}
{
  "label": "SAP Continuous Integration and Delivery",
  "level": "error",
  "message": "when saving build states: Canceled",
  "time": "2026-01-11T20:25:17.961Z"
}
{
  "label": "SAP Continuous Integration and Delivery",
  "level": "error",
  "message": "when saving build states: Canceled",
  "time": "2026-01-11T20:25:17.961Z"
}
{
  "label": "SAP Continuous Integration and Delivery",
  "level": "error",
  "message": "when saving build states: Canceled",
  "time": "2026-01-11T20:25:17.961Z"
}
{
  "label": "SAP Continuous Integration and Delivery",
  "level": "error",
  "message": "when saving build states: Canceled",
  "time": "2026-01-11T20:25:17.961Z"
}
{
  "label": "SAP Continuous Integration and Delivery",
  "level": "error",
  "message": "when saving build states: Canceled",
  "time": "2026-01-11T20:25:17.961Z"
}
{
  "label": "SAP Continuous Integration and Delivery",
  "level": "error",
  "message": "when saving build states: Canceled",
  "time": "2026-01-11T20:25:17.961Z"
}
{
  "label": "SAP Continuous Integration and Delivery",
  "level": "error",
  "message": "when saving build states: Canceled",
  "time": "2026-01-11T20:25:17.961Z"
}
{
  "label": "SAP Continuous Integration and Delivery",
  "level": "error",
  "message": "when saving build states: Canceled",
  "time": "2026-01-11T20:25:17.961Z"
}
{
  "label": "SAP Continuous Integration and Delivery",
  "level": "error",
  "message": "when saving build states: Canceled",
  "time": "2026-01-11T20:25:17.961Z"
}
{
  "label": "SAP Continuous Integration and Delivery",
  "level": "error",
  "message": "when saving build states: Canceled",
  "time": "2026-01-11T20:25:17.961Z"
}
{
  "label": "SAP Continuous Integration and Delivery",
  "level": "error",
  "message": "when saving build states: Canceled",
  "time": "2026-01-11T20:25:17.961Z"
}
{
  "label": "SAP Continuous Integration and Delivery",
  "level": "error",
  "message": "when saving build states: Canceled",
  "time": "2026-01-11T20:25:17.967Z"
}
{
  "label": "SAP Continuous Integration and Delivery",
  "level": "error",
  "message": "when saving build states: Canceled",
  "time": "2026-01-11T20:25:17.968Z"
}
{
  "label": "SAP Continuous Integration and Delivery",
  "level": "error",
  "message": "when saving build states: Canceled",
  "time": "2026-01-11T20:25:17.968Z"
}
{
  "label": "SAP Continuous Integration and Delivery",
  "level": "error",
  "message": "when saving build states: Canceled",
  "time": "2026-01-11T20:25:17.968Z"
}
{
  "label": "SAP Continuous Integration and Delivery",
  "level": "error",
  "message": "when saving build states: Canceled",
  "time": "2026-01-11T20:25:17.968Z"
}
{
  "label": "SAP Continuous Integration and Delivery",
  "level": "error",
  "message": "when saving build states: Canceled",
  "time": "2026-01-11T20:25:17.968Z"
}
{
  "label": "SAP Continuous Integration and Delivery",
  "level": "error",
  "message": "when saving build states: Canceled",
  "time": "2026-01-11T20:25:17.968Z"
}
{
  "label": "SAP Continuous Integration and Delivery",
  "level": "error",
  "message": "when saving build states: Canceled",
  "time": "2026-01-11T20:25:17.968Z"
}
{
  "label": "SAP Continuous Integration and Delivery",
  "level": "error",
  "message": "when saving build states: Canceled",
  "time": "2026-01-11T20:25:17.968Z"
}
{
  "label": "SAP Continuous Integration and Delivery",
  "level": "error",
  "message": "when saving build states: Canceled",
  "time": "2026-01-11T20:25:17.969Z"
}
{
  "label": "SAP Continuous Integration and Delivery",
  "level": "error",
  "message": "when saving build states: Canceled",
  "time": "2026-01-11T20:25:17.969Z"
}
{
  "label": "SAP Continuous Integration and Delivery",
  "level": "error",
  "message": "when saving build states: Canceled",
  "time": "2026-01-11T20:25:17.969Z"
}
{
  "label": "SAP Continuous Integration and Delivery",
  "level": "error",
  "message": "when saving build states: Canceled",
  "time": "2026-01-11T20:25:17.969Z"
}
{
  "label": "SAP Continuous Integration and Delivery",
  "level": "error",
  "message": "when saving build states: Canceled",
  "time": "2026-01-11T20:25:17.970Z"
}
{
  "label": "SAP Continuous Integration and Delivery",
  "level": "error",
  "message": "when saving build states: Canceled",
  "time": "2026-01-11T20:25:17.970Z"
}
{
  "label": "SAP Continuous Integration and Delivery",
  "level": "error",
  "message": "when saving build states: Canceled",
  "time": "2026-01-11T20:25:17.970Z"
}
{
  "label": "SAP Continuous Integration and Delivery",
  "level": "error",
  "message": "when saving build states: Canceled",
  "time": "2026-01-11T20:25:17.970Z"
}
{
  "label": "SAP Continuous Integration and Delivery",
  "level": "error",
  "message": "when saving build states: Canceled",
  "time": "2026-01-11T20:25:17.970Z"
}
{
  "label": "SAP Continuous Integration and Delivery",
  "level": "error",
  "message": "when saving build states: Canceled",
  "time": "2026-01-11T20:25:17.970Z"
}
{
  "label": "SAP Continuous Integration and Delivery",
  "level": "error",
  "message": "when saving build states: Canceled",
  "time": "2026-01-11T20:25:17.970Z"
}
{
  "label": "SAP Continuous Integration and Delivery",
  "level": "error",
  "message": "when saving build states: Canceled",
  "time": "2026-01-11T20:25:17.970Z"
}
{
  "label": "SAP Continuous Integration and Delivery",
  "level": "error",
  "message": "when saving build states: Canceled",
  "time": "2026-01-11T20:25:17.970Z"
}
{
  "label": "SAP Continuous Integration and Delivery",
  "level": "error",
  "message": "when saving build states: Canceled",
  "time": "2026-01-11T20:25:17.970Z"
}
{
  "label": "SAP Continuous Integration and Delivery",
  "level": "error",
  "message": "when saving build states: Canceled",
  "time": "2026-01-11T20:25:17.974Z"
}
{
  "label": "SAP Continuous Integration and Delivery",
  "level": "error",
  "message": "when saving build states: Canceled",
  "time": "2026-01-11T20:25:17.974Z"
}
{
  "label": "SAP Continuous Integration and Delivery",
  "level": "error",
  "message": "when saving build states: Canceled",
  "time": "2026-01-11T20:25:17.974Z"
}
{
  "label": "SAP Continuous Integration and Delivery",
  "level": "error",
  "message": "when saving build states: Canceled",
  "time": "2026-01-11T20:25:17.976Z"
}
{
  "label": "SAP Continuous Integration and Delivery",
  "level": "error",
  "message": "when saving build states: Canceled",
  "time": "2026-01-11T20:25:17.976Z"
}
{
  "label": "SAP Continuous Integration and Delivery",
  "level": "error",
  "message": "when saving build states: Canceled",
  "time": "2026-01-11T20:25:17.976Z"
}
{
  "label": "SAP Continuous Integration and Delivery",
  "level": "error",
  "message": "when saving build states: Canceled",
  "time": "2026-01-11T20:25:17.977Z"
}
{
  "label": "SAP Continuous Integration and Delivery",
  "level": "error",
  "message": "when saving build states: Canceled",
  "time": "2026-01-11T20:25:17.977Z"
}
{
  "label": "SAP Continuous Integration and Delivery",
  "level": "error",
  "message": "when saving build states: Canceled",
  "time": "2026-01-11T20:25:17.977Z"
}
{
  "label": "SAP Continuous Integration and Delivery",
  "level": "error",
  "message": "when saving build states: Canceled",
  "time": "2026-01-11T20:25:17.977Z"
}
{
  "label": "SAP Continuous Integration and Delivery",
  "level": "error",
  "message": "when saving build states: Canceled",
  "time": "2026-01-11T20:25:17.977Z"
}
{
  "label": "SAP Continuous Integration and Delivery",
  "level": "error",
  "message": "when saving build states: Canceled",
  "time": "2026-01-11T20:25:17.977Z"
}
{
  "label": "SAP Continuous Integration and Delivery",
  "level": "error",
  "message": "when saving build states: Canceled",
  "time": "2026-01-11T20:25:17.977Z"
}
{
  "label": "SAP Continuous Integration and Delivery",
  "level": "error",
  "message": "when saving build states: Canceled",
  "time": "2026-01-11T20:25:17.977Z"
}
{
  "label": "SAP Continuous Integration and Delivery",
  "level": "error",
  "message": "when saving build states: Canceled",
  "time": "2026-01-11T20:25:17.977Z"
}
{
  "label": "SAP Continuous Integration and Delivery",
  "level": "error",
  "message": "when saving build states: Canceled",
  "time": "2026-01-11T20:25:17.977Z"
}
{
  "label": "SAP Continuous Integration and Delivery",
  "level": "error",
  "message": "when saving build states: Canceled",
  "time": "2026-01-11T20:25:17.977Z"
}
{
  "label": "SAP Continuous Integration and Delivery",
  "level": "error",
  "message": "when saving build states: Canceled",
  "time": "2026-01-11T20:25:17.977Z"
}
{
  "label": "SAP Continuous Integration and Delivery",
  "level": "error",
  "message": "when saving build states: Canceled",
  "time": "2026-01-11T20:25:17.977Z"
}
{
  "label": "SAP Continuous Integration and Delivery",
  "level": "error",
  "message": "when saving build states: Canceled",
  "time": "2026-01-11T20:25:17.977Z"
}
{
  "label": "SAP Continuous Integration and Delivery",
  "level": "error",
  "message": "when saving build states: Canceled",
  "time": "2026-01-11T20:25:17.977Z"
}
{
  "label": "SAP Continuous Integration and Delivery",
  "level": "error",
  "message": "when saving build states: Canceled",
  "time": "2026-01-11T20:25:17.977Z"
}
{
  "label": "SAP Continuous Integration and Delivery",
  "level": "error",
  "message": "when saving build states: Canceled",
  "time": "2026-01-11T20:25:17.979Z"
}
{
  "label": "SAP Continuous Integration and Delivery",
  "level": "error",
  "message": "when saving build states: Canceled",
  "time": "2026-01-11T20:25:17.979Z"
}
{
  "label": "SAP Continuous Integration and Delivery",
  "level": "error",
  "message": "when saving build states: Canceled",
  "time": "2026-01-11T20:25:17.979Z"
}
{
  "label": "SAP Continuous Integration and Delivery",
  "level": "error",
  "message": "when saving build states: Canceled",
  "time": "2026-01-11T20:25:17.980Z"
}
{
  "label": "SAP Continuous Integration and Delivery",
  "level": "error",
  "message": "when saving build states: Canceled",
  "time": "2026-01-11T20:25:17.980Z"
}
{
  "label": "SAP Continuous Integration and Delivery",
  "level": "error",
  "message": "when saving build states: Canceled",
  "time": "2026-01-11T20:25:17.980Z"
}
{
  "label": "SAP Continuous Integration and Delivery",
  "level": "error",
  "message": "when saving build states: Canceled",
  "time": "2026-01-11T20:25:17.980Z"
}
{
  "label": "SAP Continuous Integration and Delivery",
  "level": "error",
  "message": "when saving build states: Canceled",
  "time": "2026-01-11T20:25:17.980Z"
}
{
  "label": "SAP Continuous Integration and Delivery",
  "level": "error",
  "message": "when saving build states: Canceled",
  "time": "2026-01-11T20:25:17.980Z"
}
{
  "label": "SAP Continuous Integration and Delivery",
  "level": "error",
  "message": "when saving build states: Canceled",
  "time": "2026-01-11T20:25:17.980Z"
}
{
  "label": "SAP Continuous Integration and Delivery",
  "level": "error",
  "message": "when saving build states: Canceled",
  "time": "2026-01-11T20:25:17.980Z"
}
{
  "label": "SAP Continuous Integration and Delivery",
  "level": "error",
  "message": "when saving build states: Canceled",
  "time": "2026-01-11T20:25:17.980Z"
}
{
  "label": "SAP Continuous Integration and Delivery",
  "level": "error",
  "message": "when saving build states: Canceled",
  "time": "2026-01-11T20:25:17.981Z"
}
{
  "label": "SAP Continuous Integration and Delivery",
  "level": "error",
  "message": "when saving build states: Canceled",
  "time": "2026-01-11T20:25:17.981Z"
}
{
  "label": "SAP Continuous Integration and Delivery",
  "level": "error",
  "message": "when saving build states: Canceled",
  "time": "2026-01-11T20:25:17.981Z"
}
{
  "label": "SAP Continuous Integration and Delivery",
  "level": "error",
  "message": "when saving build states: Canceled",
  "time": "2026-01-11T20:25:17.981Z"
}
{
  "label": "SAP Continuous Integration and Delivery",
  "level": "error",
  "message": "when saving build states: Canceled",
  "time": "2026-01-11T20:25:17.981Z"
}
{
  "label": "SAP Continuous Integration and Delivery",
  "level": "error",
  "message": "when saving build states: Canceled",
  "time": "2026-01-11T20:25:17.981Z"
}
{
  "label": "SAP Continuous Integration and Delivery",
  "level": "error",
  "message": "when saving build states: Canceled",
  "time": "2026-01-11T20:25:17.981Z"
}
{
  "label": "SAP Continuous Integration and Delivery",
  "level": "error",
  "message": "when saving build states: Canceled",
  "time": "2026-01-11T20:25:17.981Z"
}
{
  "label": "SAP Continuous Integration and Delivery",
  "level": "error",
  "message": "when saving build states: Canceled",
  "time": "2026-01-11T20:25:17.981Z"
}
{
  "label": "SAP Continuous Integration and Delivery",
  "level": "error",
  "message": "when saving build states: Canceled",
  "time": "2026-01-11T20:25:17.982Z"
}
{
  "label": "SAP Continuous Integration and Delivery",
  "level": "error",
  "message": "when saving build states: Canceled",
  "time": "2026-01-11T20:25:17.982Z"
}
{
  "label": "SAP Continuous Integration and Delivery",
  "level": "error",
  "message": "when saving build states: Canceled",
  "time": "2026-01-11T20:25:17.982Z"
}
{
  "label": "SAP Continuous Integration and Delivery",
  "level": "error",
  "message": "when saving build states: Canceled",
  "time": "2026-01-11T20:25:17.982Z"
}
{
  "label": "SAP Continuous Integration and Delivery",
  "level": "error",
  "message": "when saving build states: Canceled",
  "time": "2026-01-11T20:25:17.982Z"
}
{
  "label": "SAP Continuous Integration and Delivery",
  "level": "error",
  "message": "when saving build states: Canceled",
  "time": "2026-01-11T20:25:17.982Z"
}
{
  "label": "SAP Continuous Integration and Delivery",
  "level": "error",
  "message": "when saving build states: Canceled",
  "time": "2026-01-11T20:25:17.982Z"
}
{
  "label": "SAP Continuous Integration and Delivery",
  "level": "error",
  "message": "when saving build states: Canceled",
  "time": "2026-01-11T20:25:17.982Z"
}
{
  "label": "SAP Continuous Integration and Delivery",
  "level": "error",
  "message": "when saving build states: Canceled",
  "time": "2026-01-11T20:25:17.982Z"
}
{
  "label": "SAP Continuous Integration and Delivery",
  "level": "error",
  "message": "when saving build states: Canceled",
  "time": "2026-01-11T20:25:17.982Z"
}
{
  "label": "SAP Continuous Integration and Delivery",
  "level": "error",
  "message": "when saving build states: Canceled",
  "time": "2026-01-11T20:25:17.982Z"
}
{
  "label": "SAP Continuous Integration and Delivery",
  "level": "error",
  "message": "when saving build states: Canceled",
  "time": "2026-01-11T20:25:17.983Z"
}
{
  "label": "SAP Continuous Integration and Delivery",
  "level": "error",
  "message": "when saving build states: Canceled",
  "time": "2026-01-11T20:25:17.983Z"
}
{
  "label": "SAP Continuous Integration and Delivery",
  "level": "error",
  "message": "when saving build states: Canceled",
  "time": "2026-01-11T20:25:17.983Z"
}
{
  "label": "SAP Continuous Integration and Delivery",
  "level": "error",
  "message": "when saving build states: Canceled",
  "time": "2026-01-11T20:25:17.983Z"
}
{
  "label": "SAP Continuous Integration and Delivery",
  "level": "error",
  "message": "when saving build states: Canceled",
  "time": "2026-01-11T20:25:17.983Z"
}
{
  "label": "SAP Continuous Integration and Delivery",
  "level": "error",
  "message": "when saving build states: Canceled",
  "time": "2026-01-11T20:25:17.983Z"
}
{
  "label": "SAP Continuous Integration and Delivery",
  "level": "error",
  "message": "when saving build states: Canceled",
  "time": "2026-01-11T20:25:17.983Z"
}
{
  "label": "SAP Continuous Integration and Delivery",
  "level": "error",
  "message": "when saving build states: Canceled",
  "time": "2026-01-11T20:25:17.983Z"
}
{
  "label": "SAP Continuous Integration and Delivery",
  "level": "error",
  "message": "when saving build states: Canceled",
  "time": "2026-01-11T20:25:17.983Z"
}
{
  "label": "SAP Continuous Integration and Delivery",
  "level": "error",
  "message": "when saving build states: Canceled",
  "time": "2026-01-11T20:25:17.983Z"
}
{
  "label": "SAP Continuous Integration and Delivery",
  "level": "error",
  "message": "when saving build states: Canceled",
  "time": "2026-01-11T20:25:17.983Z"
}
{
  "label": "SAP Continuous Integration and Delivery",
  "level": "error",
  "message": "when saving build states: Canceled",
  "time": "2026-01-11T20:25:17.984Z"
}
{
  "label": "SAP Continuous Integration and Delivery",
  "level": "error",
  "message": "when saving build states: Canceled",
  "time": "2026-01-11T20:25:17.984Z"
}
{
  "label": "SAP Continuous Integration and Delivery",
  "level": "error",
  "message": "when saving build states: Canceled",
  "time": "2026-01-11T20:25:17.985Z"
}
{
  "label": "SAP Continuous Integration and Delivery",
  "level": "error",
  "message": "when saving build states: Canceled",
  "time": "2026-01-11T20:25:17.989Z"
}
{
  "label": "SAP Continuous Integration and Delivery",
  "level": "error",
  "message": "when saving build states: Canceled",
  "time": "2026-01-11T20:25:17.989Z"
}
{
  "label": "SAP Continuous Integration and Delivery",
  "level": "error",
  "message": "when saving build states: Canceled",
  "time": "2026-01-11T20:25:17.989Z"
}
{
  "label": "SAP Continuous Integration and Delivery",
  "level": "error",
  "message": "when saving build states: Canceled",
  "time": "2026-01-11T20:25:17.989Z"
}
{
  "label": "SAP Continuous Integration and Delivery",
  "level": "error",
  "message": "when saving build states: Canceled",
  "time": "2026-01-11T20:25:17.989Z"
}
{
  "label": "SAP Continuous Integration and Delivery",
  "level": "error",
  "message": "when saving build states: Canceled",
  "time": "2026-01-11T20:25:17.989Z"
}
{
  "label": "SAP Continuous Integration and Delivery",
  "level": "error",
  "message": "when saving build states: Canceled",
  "time": "2026-01-11T20:25:17.989Z"
}
{
  "label": "SAP Continuous Integration and Delivery",
  "level": "error",
  "message": "when saving build states: Canceled",
  "time": "2026-01-11T20:25:17.989Z"
}
{
  "label": "SAP Continuous Integration and Delivery",
  "level": "error",
  "message": "when saving build states: Canceled",
  "time": "2026-01-11T20:25:17.989Z"
}
{
  "label": "SAP Continuous Integration and Delivery",
  "level": "error",
  "message": "when saving build states: Canceled",
  "time": "2026-01-11T20:25:17.989Z"
}
{
  "label": "SAP Continuous Integration and Delivery",
  "level": "error",
  "message": "when saving build states: Canceled",
  "time": "2026-01-11T20:25:17.989Z"
}
{
  "label": "SAP Continuous Integration and Delivery",
  "level": "error",
  "message": "when saving build states: Canceled",
  "time": "2026-01-11T20:25:17.989Z"
}
{
  "label": "SAP Continuous Integration and Delivery",
  "level": "error",
  "message": "when saving build states: Canceled",
  "time": "2026-01-11T20:25:17.989Z"
}
{
  "label": "SAP Continuous Integration and Delivery",
  "level": "error",
  "message": "when saving build states: Canceled",
  "time": "2026-01-11T20:25:17.989Z"
}
{
  "label": "SAP Continuous Integration and Delivery",
  "level": "error",
  "message": "when saving build states: Canceled",
  "time": "2026-01-11T20:25:17.989Z"
}
{
  "label": "SAP Continuous Integration and Delivery",
  "level": "error",
  "message": "when saving build states: Canceled",
  "time": "2026-01-11T20:25:17.989Z"
}
{
  "label": "SAP Continuous Integration and Delivery",
  "level": "error",
  "message": "when saving build states: Canceled",
  "time": "2026-01-11T20:25:17.989Z"
}
{
  "label": "SAP Continuous Integration and Delivery",
  "level": "error",
  "message": "when saving build states: Canceled",
  "time": "2026-01-11T20:25:17.989Z"
}
{
  "label": "SAP Continuous Integration and Delivery",
  "level": "error",
  "message": "when saving build states: Canceled",
  "time": "2026-01-11T20:25:17.989Z"
}
{
  "label": "SAP Continuous Integration and Delivery",
  "level": "error",
  "message": "when saving build states: Canceled",
  "time": "2026-01-11T20:25:17.989Z"
}
{
  "label": "SAP Continuous Integration and Delivery",
  "level": "error",
  "message": "when saving build states: Canceled",
  "time": "2026-01-11T20:25:17.989Z"
}
{
  "label": "SAP Continuous Integration and Delivery",
  "level": "error",
  "message": "when saving build states: Canceled",
  "time": "2026-01-11T20:25:17.989Z"
}
{
  "label": "SAP Continuous Integration and Delivery",
  "level": "error",
  "message": "when saving build states: Canceled",
  "time": "2026-01-11T20:25:17.989Z"
}
{
  "label": "SAP Continuous Integration and Delivery",
  "level": "error",
  "message": "when saving build states: Canceled",
  "time": "2026-01-11T20:25:17.989Z"
}
{
  "label": "SAP Continuous Integration and Delivery",
  "level": "error",
  "message": "when saving build states: Canceled",
  "time": "2026-01-11T20:25:17.989Z"
}
{
  "label": "SAP Continuous Integration and Delivery",
  "level": "error",
  "message": "when saving build states: Canceled",
  "time": "2026-01-11T20:25:17.989Z"
}
{
  "label": "SAP Continuous Integration and Delivery",
  "level": "error",
  "message": "when saving build states: Canceled",
  "time": "2026-01-11T20:25:17.989Z"
}
{
  "label": "SAP Continuous Integration and Delivery",
  "level": "error",
  "message": "when saving build states: Canceled",
  "time": "2026-01-11T20:25:17.989Z"
}
{
  "label": "SAP Continuous Integration and Delivery",
  "level": "error",
  "message": "when saving build states: Canceled",
  "time": "2026-01-11T20:25:17.989Z"
}
{
  "label": "SAP Continuous Integration and Delivery",
  "level": "error",
  "message": "when saving build states: Canceled",
  "time": "2026-01-11T20:25:17.990Z"
}
{
  "label": "SAP Continuous Integration and Delivery",
  "level": "error",
  "message": "when saving build states: Canceled",
  "time": "2026-01-11T20:25:17.990Z"
}
{
  "label": "SAP Continuous Integration and Delivery",
  "level": "error",
  "message": "when saving build states: Canceled",
  "time": "2026-01-11T20:25:17.990Z"
}
{
  "label": "SAP Continuous Integration and Delivery",
  "level": "error",
  "message": "when saving build states: Canceled",
  "time": "2026-01-11T20:25:17.990Z"
}
{
  "label": "SAP Continuous Integration and Delivery",
  "level": "error",
  "message": "when saving build states: Canceled",
  "time": "2026-01-11T20:25:17.990Z"
}
{
  "label": "SAP Continuous Integration and Delivery",
  "level": "error",
  "message": "when saving build states: Canceled",
  "time": "2026-01-11T20:25:17.990Z"
}
{
  "label": "SAP Continuous Integration and Delivery",
  "level": "error",
  "message": "when saving build states: Canceled",
  "time": "2026-01-11T20:25:17.990Z"
}
{
  "label": "SAP Continuous Integration and Delivery",
  "level": "error",
  "message": "when saving build states: Canceled",
  "time": "2026-01-11T20:25:17.990Z"
}
{
  "label": "SAP Continuous Integration and Delivery",
  "level": "error",
  "message": "when saving build states: Canceled",
  "time": "2026-01-11T20:25:17.990Z"
}
{
  "label": "SAP Continuous Integration and Delivery",
  "level": "error",
  "message": "when saving build states: Canceled",
  "time": "2026-01-11T20:25:17.990Z"
}
{
  "label": "SAP Continuous Integration and Delivery",
  "level": "error",
  "message": "when saving build states: Canceled",
  "time": "2026-01-11T20:25:17.990Z"
}
{
  "label": "SAP Continuous Integration and Delivery",
  "level": "error",
  "message": "when saving build states: Canceled",
  "time": "2026-01-11T20:25:17.990Z"
}
{
  "label": "SAP Continuous Integration and Delivery",
  "level": "error",
  "message": "when saving build states: Canceled",
  "time": "2026-01-11T20:25:17.990Z"
}
{
  "label": "SAP Continuous Integration and Delivery",
  "level": "error",
  "message": "when saving build states: Canceled",
  "time": "2026-01-11T20:25:17.990Z"
}
{
  "label": "SAP Continuous Integration and Delivery",
  "level": "error",
  "message": "when saving build states: Canceled",
  "time": "2026-01-11T20:25:17.990Z"
}
{
  "label": "SAP Continuous Integration and Delivery",
  "level": "error",
  "message": "when saving build states: Canceled",
  "time": "2026-01-11T20:25:17.991Z"
}
{
  "label": "SAP Continuous Integration and Delivery",
  "level": "error",
  "message": "when saving build states: Canceled",
  "time": "2026-01-11T20:25:17.991Z"
}
{
  "label": "SAP Continuous Integration and Delivery",
  "level": "error",
  "message": "when saving build states: Canceled",
  "time": "2026-01-11T20:25:17.991Z"
}
{
  "label": "SAP Continuous Integration and Delivery",
  "level": "error",
  "message": "when saving build states: Canceled",
  "time": "2026-01-11T20:25:17.991Z"
}
{
  "label": "SAP Continuous Integration and Delivery",
  "level": "error",
  "message": "when saving build states: Canceled",
  "time": "2026-01-11T20:25:17.991Z"
}
{
  "label": "SAP Continuous Integration and Delivery",
  "level": "error",
  "message": "when saving build states: Canceled",
  "time": "2026-01-11T20:25:17.991Z"
}
{
  "label": "SAP Continuous Integration and Delivery",
  "level": "error",
  "message": "when saving build states: Canceled",
  "time": "2026-01-11T20:25:17.991Z"
}
{
  "label": "SAP Continuous Integration and Delivery",
  "level": "error",
  "message": "when saving build states: Canceled",
  "time": "2026-01-11T20:25:17.991Z"
}
{
  "label": "SAP Continuous Integration and Delivery",
  "level": "error",
  "message": "when saving build states: Canceled",
  "time": "2026-01-11T20:25:17.991Z"
}
{
  "label": "SAP Continuous Integration and Delivery",
  "level": "error",
  "message": "when saving build states: Canceled",
  "time": "2026-01-11T20:25:17.991Z"
}
{
  "label": "SAP Continuous Integration and Delivery",
  "level": "error",
  "message": "when saving build states: Canceled",
  "time": "2026-01-11T20:25:17.991Z"
}
{
  "label": "SAP Continuous Integration and Delivery",
  "level": "error",
  "message": "when saving build states: Canceled",
  "time": "2026-01-11T20:25:17.991Z"
}
{
  "label": "SAP Continuous Integration and Delivery",
  "level": "error",
  "message": "when saving build states: Canceled",
  "time": "2026-01-11T20:25:17.991Z"
}
{
  "label": "SAP Continuous Integration and Delivery",
  "level": "error",
  "message": "when saving build states: Canceled",
  "time": "2026-01-11T20:25:17.991Z"
}
{
  "label": "SAP Continuous Integration and Delivery",
  "level": "error",
  "message": "when saving build states: Canceled",
  "time": "2026-01-11T20:25:17.992Z"
}
{
  "label": "SAP Continuous Integration and Delivery",
  "level": "error",
  "message": "when saving build states: Canceled",
  "time": "2026-01-11T20:25:17.992Z"
}
{
  "label": "SAP Continuous Integration and Delivery",
  "level": "error",
  "message": "when saving build states: Canceled",
  "time": "2026-01-11T20:25:17.992Z"
}
{
  "label": "SAP Continuous Integration and Delivery",
  "level": "error",
  "message": "when saving build states: Canceled",
  "time": "2026-01-11T20:25:17.992Z"
}
{
  "label": "SAP Continuous Integration and Delivery",
  "level": "error",
  "message": "when saving build states: Canceled",
  "time": "2026-01-11T20:25:17.992Z"
}
{
  "label": "SAP Continuous Integration and Delivery",
  "level": "error",
  "message": "when saving build states: Canceled",
  "time": "2026-01-11T20:25:17.992Z"
}
{
  "label": "SAP Continuous Integration and Delivery",
  "level": "error",
  "message": "when saving build states: Canceled",
  "time": "2026-01-11T20:25:17.992Z"
}
{
  "label": "SAP Continuous Integration and Delivery",
  "level": "error",
  "message": "when saving build states: Canceled",
  "time": "2026-01-11T20:25:17.992Z"
}
{
  "label": "SAP Continuous Integration and Delivery",
  "level": "error",
  "message": "when saving build states: Canceled",
  "time": "2026-01-11T20:25:17.992Z"
}
