Error in onManifestFileChanged: Error: Could not create project context for file:///home/user/project3/webapp/manifest.json.
    at e.getProject (/extbin/local/openvscode-server/extensions/sap-ux-annotation-modeler-extension-1.20.0/dist/server.js:1364:118813)
    at e.create (/extbin/local/openvscode-server/extensions/sap-ux-annotation-modeler-extension-1.20.0/dist/server.js:1364:117796)
2026-01-11 17:21:03 error   main: Error while creating project context for file:///home/user/project3/webapp/manifest.json: Error: Could not create project context for file:///home/user/project3/webapp/manifest.json. 
Error in onManifestFileChanged: Error: Could not create project context for file:///home/user/project3/webapp/manifest.json.
    at e.getProject (/extbin/local/openvscode-server/extensions/sap-ux-annotation-modeler-extension-1.20.0/dist/server.js:1364:118813)
    at e.create (/extbin/local/openvscode-server/extensions/sap-ux-annotation-modeler-extension-1.20.0/dist/server.js:1364:117796)
Error in onManifestFileChanged: Error: Could not create project context for file:///home/user/project3/webapp/manifest.json.
    at e.getProject (/extbin/local/openvscode-server/extensions/sap-ux-annotation-modeler-extension-1.20.0/dist/server.js:1364:118813)
    at e.create (/extbin/local/openvscode-server/extensions/sap-ux-annotation-modeler-extension-1.20.0/dist/server.js:1364:117796)
Error in onManifestFileChanged: Error: Could not create project context for file:///home/user/project3/webapp/manifest.json.
    at e.getProject (/extbin/local/openvscode-server/extensions/sap-ux-annotation-modeler-extension-1.20.0/dist/server.js:1364:118813)
    at e.create (/extbin/local/openvscode-server/extensions/sap-ux-annotation-modeler-extension-1.20.0/dist/server.js:1364:117796)
Error in onManifestFileChanged: Error: Could not create project context for file:///home/user/project3/webapp/manifest.json.
    at e.getProject (/extbin/local/openvscode-server/extensions/sap-ux-annotation-modeler-extension-1.20.0/dist/server.js:1364:118813)
    at e.create (/extbin/local/openvscode-server/extensions/sap-ux-annotation-modeler-extension-1.20.0/dist/server.js:1364:117796)
Error in onManifestFileChanged: Error: Could not create project context for file:///home/user/project3/webapp/manifest.json.
    at e.getProject (/extbin/local/openvscode-server/extensions/sap-ux-annotation-modeler-extension-1.20.0/dist/server.js:1364:118813)
    at e.create (/extbin/local/openvscode-server/extensions/sap-ux-annotation-modeler-extension-1.20.0/dist/server.js:1364:117796)
Error in onManifestFileChanged: Error: Could not create project context for file:///home/user/project3/webapp/manifest.json.
    at e.getProject (/extbin/local/openvscode-server/extensions/sap-ux-annotation-modeler-extension-1.20.0/dist/server.js:1364:118813)
    at e.create (/extbin/local/openvscode-server/extensions/sap-ux-annotation-modeler-extension-1.20.0/dist/server.js:1364:117796)
Error in onManifestFileChanged: Error: Could not create project context for file:///home/user/project3/webapp/manifest.json.
    at e.getProject (/extbin/local/openvscode-server/extensions/sap-ux-annotation-modeler-extension-1.20.0/dist/server.js:1364:118813)
    at e.create (/extbin/local/openvscode-server/extensions/sap-ux-annotation-modeler-extension-1.20.0/dist/server.js:1364:117796)
Error in onManifestFileChanged: Error: Could not create project context for file:///home/user/project3/webapp/manifest.json.
    at e.getProject (/extbin/local/openvscode-server/extensions/sap-ux-annotation-modeler-extension-1.20.0/dist/server.js:1364:118813)
    at e.create (/extbin/local/openvscode-server/extensions/sap-ux-annotation-modeler-extension-1.20.0/dist/server.js:1364:117796)
Error in onManifestFileChanged: Error: Could not create project context for file:///home/user/project3/webapp/manifest.json.
    at e.getProject (/extbin/local/openvscode-server/extensions/sap-ux-annotation-modeler-extension-1.20.0/dist/server.js:1364:118813)
    at e.create (/extbin/local/openvscode-server/extensions/sap-ux-annotation-modeler-extension-1.20.0/dist/server.js:1364:117796)
Error in onManifestFileChanged: Error: Could not create project context for file:///home/user/project3/webapp/manifest.json.
    at e.getProject (/extbin/local/openvscode-server/extensions/sap-ux-annotation-modeler-extension-1.20.0/dist/server.js:1364:118813)
    at e.create (/extbin/local/openvscode-server/extensions/sap-ux-annotation-modeler-extension-1.20.0/dist/server.js:1364:117796)
Error in onManifestFileChanged: Error: Could not create project context for file:///home/user/project3/webapp/manifest.json.
    at e.getProject (/extbin/local/openvscode-server/extensions/sap-ux-annotation-modeler-extension-1.20.0/dist/server.js:1364:118813)
    at e.create (/extbin/local/openvscode-server/extensions/sap-ux-annotation-modeler-extension-1.20.0/dist/server.js:1364:117796)
Error in onManifestFileChanged: Error: Could not create project context for file:///home/user/project3/webapp/manifest.json.
    at e.getProject (/extbin/local/openvscode-server/extensions/sap-ux-annotation-modeler-extension-1.20.0/dist/server.js:1364:118813)
    at e.create (/extbin/local/openvscode-server/extensions/sap-ux-annotation-modeler-extension-1.20.0/dist/server.js:1364:117796)
Error in onManifestFileChanged: Error: Could not create project context for file:///home/user/project3/webapp/manifest.json.
    at e.getProject (/extbin/local/openvscode-server/extensions/sap-ux-annotation-modeler-extension-1.20.0/dist/server.js:1364:118813)
    at e.create (/extbin/local/openvscode-server/extensions/sap-ux-annotation-modeler-extension-1.20.0/dist/server.js:1364:117796)
Error in onManifestFileChanged: Error: Could not create project context for file:///home/user/project3/webapp/manifest.json.
    at e.getProject (/extbin/local/openvscode-server/extensions/sap-ux-annotation-modeler-extension-1.20.0/dist/server.js:1364:118813)
    at e.create (/extbin/local/openvscode-server/extensions/sap-ux-annotation-modeler-extension-1.20.0/dist/server.js:1364:117796)
Error in onManifestFileChanged: Error: Could not create project context for file:///home/user/project3/webapp/manifest.json.
    at e.getProject (/extbin/local/openvscode-server/extensions/sap-ux-annotation-modeler-extension-1.20.0/dist/server.js:1364:118813)
    at e.create (/extbin/local/openvscode-server/extensions/sap-ux-annotation-modeler-extension-1.20.0/dist/server.js:1364:117796)
Error in onManifestFileChanged: Error: Could not create project context for file:///home/user/project3/webapp/manifest.json.
    at e.getProject (/extbin/local/openvscode-server/extensions/sap-ux-annotation-modeler-extension-1.20.0/dist/server.js:1364:118813)
    at e.create (/extbin/local/openvscode-server/extensions/sap-ux-annotation-modeler-extension-1.20.0/dist/server.js:1364:117796)
Error in onManifestFileChanged: Error: Could not create project context for file:///home/user/project3/webapp/manifest.json.
    at e.getProject (/extbin/local/openvscode-server/extensions/sap-ux-annotation-modeler-extension-1.20.0/dist/server.js:1364:118813)
    at e.create (/extbin/local/openvscode-server/extensions/sap-ux-annotation-modeler-extension-1.20.0/dist/server.js:1364:117796)
Error in onManifestFileChanged: Error: Could not create project context for file:///home/user/project3/webapp/manifest.json.
    at e.getProject (/extbin/local/openvscode-server/extensions/sap-ux-annotation-modeler-extension-1.20.0/dist/server.js:1364:118813)
    at e.create (/extbin/local/openvscode-server/extensions/sap-ux-annotation-modeler-extension-1.20.0/dist/server.js:1364:117796)
Error in onManifestFileChanged: Error: Could not create project context for file:///home/user/project3/webapp/manifest.json.
    at e.getProject (/extbin/local/openvscode-server/extensions/sap-ux-annotation-modeler-extension-1.20.0/dist/server.js:1364:118813)
    at e.create (/extbin/local/openvscode-server/extensions/sap-ux-annotation-modeler-extension-1.20.0/dist/server.js:1364:117796)
Error in onManifestFileChanged: Error: Could not create project context for file:///home/user/project3/webapp/manifest.json.
    at e.getProject (/extbin/local/openvscode-server/extensions/sap-ux-annotation-modeler-extension-1.20.0/dist/server.js:1364:118813)
    at e.create (/extbin/local/openvscode-server/extensions/sap-ux-annotation-modeler-extension-1.20.0/dist/server.js:1364:117796)
Error in onManifestFileChanged: Error: Could not create project context for file:///home/user/project3/webapp/manifest.json.
    at e.getProject (/extbin/local/openvscode-server/extensions/sap-ux-annotation-modeler-extension-1.20.0/dist/server.js:1364:118813)
    at e.create (/extbin/local/openvscode-server/extensions/sap-ux-annotation-modeler-extension-1.20.0/dist/server.js:1364:117796)
Error in onManifestFileChanged: Error: Could not create project context for file:///home/user/project3/webapp/manifest.json.
    at e.getProject (/extbin/local/openvscode-server/extensions/sap-ux-annotation-modeler-extension-1.20.0/dist/server.js:1364:118813)
    at e.create (/extbin/local/openvscode-server/extensions/sap-ux-annotation-modeler-extension-1.20.0/dist/server.js:1364:117796)
Error in onManifestFileChanged: Error: Could not create project context for file:///home/user/project3/webapp/manifest.json.
    at e.getProject (/extbin/local/openvscode-server/extensions/sap-ux-annotation-modeler-extension-1.20.0/dist/server.js:1364:118813)
    at e.create (/extbin/local/openvscode-server/extensions/sap-ux-annotation-modeler-extension-1.20.0/dist/server.js:1364:117796)
Error in onManifestFileChanged: Error: Could not create project context for file:///home/user/project3/webapp/manifest.json.
    at e.getProject (/extbin/local/openvscode-server/extensions/sap-ux-annotation-modeler-extension-1.20.0/dist/server.js:1364:118813)
    at e.create (/extbin/local/openvscode-server/extensions/sap-ux-annotation-modeler-extension-1.20.0/dist/server.js:1364:117796)
Error in onManifestFileChanged: Error: Missing metadata localUri for data source mainService in /home/user/project4/webapp/manifest.json
    at UHn (/extbin/local/openvscode-server/extensions/sap-ux-annotation-modeler-extension-1.20.0/dist/server.js:1364:124060)
    at e.getProject (/extbin/local/openvscode-server/extensions/sap-ux-annotation-modeler-extension-1.20.0/dist/server.js:1364:118704)
    at async e.create (/extbin/local/openvscode-server/extensions/sap-ux-annotation-modeler-extension-1.20.0/dist/server.js:1364:117788)
2026-01-11 18:28:48 error   main: Error while creating project context for file:///home/user/project4/webapp/manifest.json: Error: Missing metadata localUri for data source mainService in /home/user/project4/webapp/manifest.json 
Error in onManifestFileChanged: Error: Missing metadata localUri for data source mainService in /home/user/project4/webapp/manifest.json
    at UHn (/extbin/local/openvscode-server/extensions/sap-ux-annotation-modeler-extension-1.20.0/dist/server.js:1364:124060)
    at e.getProject (/extbin/local/openvscode-server/extensions/sap-ux-annotation-modeler-extension-1.20.0/dist/server.js:1364:118704)
    at async e.create (/extbin/local/openvscode-server/extensions/sap-ux-annotation-modeler-extension-1.20.0/dist/server.js:1364:117788)
Error in onManifestFileChanged: Error: Missing metadata localUri for data source mainService in /home/user/project4/webapp/manifest.json
    at UHn (/extbin/local/openvscode-server/extensions/sap-ux-annotation-modeler-extension-1.20.0/dist/server.js:1364:124060)
    at e.getProject (/extbin/local/openvscode-server/extensions/sap-ux-annotation-modeler-extension-1.20.0/dist/server.js:1364:118704)
    at async e.create (/extbin/local/openvscode-server/extensions/sap-ux-annotation-modeler-extension-1.20.0/dist/server.js:1364:117788)
Error in onManifestFileChanged: Error: Missing metadata localUri for data source mainService in /home/user/project4/webapp/manifest.json
    at UHn (/extbin/local/openvscode-server/extensions/sap-ux-annotation-modeler-extension-1.20.0/dist/server.js:1364:124060)
    at e.getProject (/extbin/local/openvscode-server/extensions/sap-ux-annotation-modeler-extension-1.20.0/dist/server.js:1364:118704)
    at async e.create (/extbin/local/openvscode-server/extensions/sap-ux-annotation-modeler-extension-1.20.0/dist/server.js:1364:117788)
Error in onManifestFileChanged: Error: Missing metadata localUri for data source mainService in /home/user/project4/webapp/manifest.json
    at UHn (/extbin/local/openvscode-server/extensions/sap-ux-annotation-modeler-extension-1.20.0/dist/server.js:1364:124060)
    at e.getProject (/extbin/local/openvscode-server/extensions/sap-ux-annotation-modeler-extension-1.20.0/dist/server.js:1364:118704)
    at async e.create (/extbin/local/openvscode-server/extensions/sap-ux-annotation-modeler-extension-1.20.0/dist/server.js:1364:117788)
Error in onManifestFileChanged: Error: Missing metadata localUri for data source mainService in /home/user/project4/webapp/manifest.json
    at UHn (/extbin/local/openvscode-server/extensions/sap-ux-annotation-modeler-extension-1.20.0/dist/server.js:1364:124060)
    at e.getProject (/extbin/local/openvscode-server/extensions/sap-ux-annotation-modeler-extension-1.20.0/dist/server.js:1364:118704)
    at async e.create (/extbin/local/openvscode-server/extensions/sap-ux-annotation-modeler-extension-1.20.0/dist/server.js:1364:117788)
Error in onManifestFileChanged: Error: Missing metadata localUri for data source mainService in /home/user/project4/webapp/manifest.json
    at UHn (/extbin/local/openvscode-server/extensions/sap-ux-annotation-modeler-extension-1.20.0/dist/server.js:1364:124060)
    at e.getProject (/extbin/local/openvscode-server/extensions/sap-ux-annotation-modeler-extension-1.20.0/dist/server.js:1364:118704)
    at async e.create (/extbin/local/openvscode-server/extensions/sap-ux-annotation-modeler-extension-1.20.0/dist/server.js:1364:117788)
Error in onManifestFileChanged: Error: Missing metadata localUri for data source mainService in /home/user/project4/webapp/manifest.json
    at UHn (/extbin/local/openvscode-server/extensions/sap-ux-annotation-modeler-extension-1.20.0/dist/server.js:1364:124060)
    at e.getProject (/extbin/local/openvscode-server/extensions/sap-ux-annotation-modeler-extension-1.20.0/dist/server.js:1364:118704)
    at async e.create (/extbin/local/openvscode-server/extensions/sap-ux-annotation-modeler-extension-1.20.0/dist/server.js:1364:117788)
Error in onManifestFileChanged: Error: Missing metadata localUri for data source mainService in /home/user/project4/webapp/manifest.json
    at UHn (/extbin/local/openvscode-server/extensions/sap-ux-annotation-modeler-extension-1.20.0/dist/server.js:1364:124060)
    at e.getProject (/extbin/local/openvscode-server/extensions/sap-ux-annotation-modeler-extension-1.20.0/dist/server.js:1364:118704)
    at async e.create (/extbin/local/openvscode-server/extensions/sap-ux-annotation-modeler-extension-1.20.0/dist/server.js:1364:117788)
Error in onManifestFileChanged: Error: Missing metadata localUri for data source mainService in /home/user/project4/webapp/manifest.json
    at UHn (/extbin/local/openvscode-server/extensions/sap-ux-annotation-modeler-extension-1.20.0/dist/server.js:1364:124060)
    at e.getProject (/extbin/local/openvscode-server/extensions/sap-ux-annotation-modeler-extension-1.20.0/dist/server.js:1364:118704)
    at async e.create (/extbin/local/openvscode-server/extensions/sap-ux-annotation-modeler-extension-1.20.0/dist/server.js:1364:117788)
Error in onManifestFileChanged: Error: Missing metadata localUri for data source mainService in /home/user/project4/webapp/manifest.json
    at UHn (/extbin/local/openvscode-server/extensions/sap-ux-annotation-modeler-extension-1.20.0/dist/server.js:1364:124060)
    at e.getProject (/extbin/local/openvscode-server/extensions/sap-ux-annotation-modeler-extension-1.20.0/dist/server.js:1364:118704)
    at async e.create (/extbin/local/openvscode-server/extensions/sap-ux-annotation-modeler-extension-1.20.0/dist/server.js:1364:117788)
Error in onManifestFileChanged: Error: Missing metadata localUri for data source mainService in /home/user/project4/webapp/manifest.json
    at UHn (/extbin/local/openvscode-server/extensions/sap-ux-annotation-modeler-extension-1.20.0/dist/server.js:1364:124060)
    at e.getProject (/extbin/local/openvscode-server/extensions/sap-ux-annotation-modeler-extension-1.20.0/dist/server.js:1364:118704)
    at async e.create (/extbin/local/openvscode-server/extensions/sap-ux-annotation-modeler-extension-1.20.0/dist/server.js:1364:117788)
Error in onManifestFileChanged: Error: Missing metadata localUri for data source mainService in /home/user/project4/webapp/manifest.json
    at UHn (/extbin/local/openvscode-server/extensions/sap-ux-annotation-modeler-extension-1.20.0/dist/server.js:1364:124060)
    at e.getProject (/extbin/local/openvscode-server/extensions/sap-ux-annotation-modeler-extension-1.20.0/dist/server.js:1364:118704)
    at async e.create (/extbin/local/openvscode-server/extensions/sap-ux-annotation-modeler-extension-1.20.0/dist/server.js:1364:117788)
Error in onManifestFileChanged: Error: Missing metadata localUri for data source mainService in /home/user/project4/webapp/manifest.json
    at UHn (/extbin/local/openvscode-server/extensions/sap-ux-annotation-modeler-extension-1.20.0/dist/server.js:1364:124060)
    at e.getProject (/extbin/local/openvscode-server/extensions/sap-ux-annotation-modeler-extension-1.20.0/dist/server.js:1364:118704)
    at async e.create (/extbin/local/openvscode-server/extensions/sap-ux-annotation-modeler-extension-1.20.0/dist/server.js:1364:117788)
Error in onManifestFileChanged: Error: Missing metadata localUri for data source mainService in /home/user/project4/webapp/manifest.json
    at UHn (/extbin/local/openvscode-server/extensions/sap-ux-annotation-modeler-extension-1.20.0/dist/server.js:1364:124060)
    at e.getProject (/extbin/local/openvscode-server/extensions/sap-ux-annotation-modeler-extension-1.20.0/dist/server.js:1364:118704)
    at async e.create (/extbin/local/openvscode-server/extensions/sap-ux-annotation-modeler-extension-1.20.0/dist/server.js:1364:117788)
Error in onManifestFileChanged: Error: Missing metadata localUri for data source mainService in /home/user/project4/webapp/manifest.json
    at UHn (/extbin/local/openvscode-server/extensions/sap-ux-annotation-modeler-extension-1.20.0/dist/server.js:1364:124060)
    at e.getProject (/extbin/local/openvscode-server/extensions/sap-ux-annotation-modeler-extension-1.20.0/dist/server.js:1364:118704)
    at async e.create (/extbin/local/openvscode-server/extensions/sap-ux-annotation-modeler-extension-1.20.0/dist/server.js:1364:117788)
Error in onManifestFileChanged: Error: Missing metadata localUri for data source mainService in /home/user/project4/webapp/manifest.json
    at UHn (/extbin/local/openvscode-server/extensions/sap-ux-annotation-modeler-extension-1.20.0/dist/server.js:1364:124060)
    at e.getProject (/extbin/local/openvscode-server/extensions/sap-ux-annotation-modeler-extension-1.20.0/dist/server.js:1364:118704)
    at async e.create (/extbin/local/openvscode-server/extensions/sap-ux-annotation-modeler-extension-1.20.0/dist/server.js:1364:117788)
Error in onManifestFileChanged: Error: Missing metadata localUri for data source mainService in /home/user/project4/webapp/manifest.json
    at UHn (/extbin/local/openvscode-server/extensions/sap-ux-annotation-modeler-extension-1.20.0/dist/server.js:1364:124060)
    at e.getProject (/extbin/local/openvscode-server/extensions/sap-ux-annotation-modeler-extension-1.20.0/dist/server.js:1364:118704)
    at async e.create (/extbin/local/openvscode-server/extensions/sap-ux-annotation-modeler-extension-1.20.0/dist/server.js:1364:117788)
Error in onManifestFileChanged: Error: Missing metadata localUri for data source mainService in /home/user/project4/webapp/manifest.json
    at UHn (/extbin/local/openvscode-server/extensions/sap-ux-annotation-modeler-extension-1.20.0/dist/server.js:1364:124060)
    at e.getProject (/extbin/local/openvscode-server/extensions/sap-ux-annotation-modeler-extension-1.20.0/dist/server.js:1364:118704)
    at async e.create (/extbin/local/openvscode-server/extensions/sap-ux-annotation-modeler-extension-1.20.0/dist/server.js:1364:117788)
Error in onManifestFileChanged: Error: Missing metadata localUri for data source mainService in /home/user/project4/webapp/manifest.json
    at UHn (/extbin/local/openvscode-server/extensions/sap-ux-annotation-modeler-extension-1.20.0/dist/server.js:1364:124060)
    at e.getProject (/extbin/local/openvscode-server/extensions/sap-ux-annotation-modeler-extension-1.20.0/dist/server.js:1364:118704)
    at async e.create (/extbin/local/openvscode-server/extensions/sap-ux-annotation-modeler-extension-1.20.0/dist/server.js:1364:117788)
Error in onManifestFileChanged: Error: Missing metadata localUri for data source mainService in /home/user/project4/webapp/manifest.json
    at UHn (/extbin/local/openvscode-server/extensions/sap-ux-annotation-modeler-extension-1.20.0/dist/server.js:1364:124060)
    at e.getProject (/extbin/local/openvscode-server/extensions/sap-ux-annotation-modeler-extension-1.20.0/dist/server.js:1364:118704)
    at async e.create (/extbin/local/openvscode-server/extensions/sap-ux-annotation-modeler-extension-1.20.0/dist/server.js:1364:117788)
Error in onManifestFileChanged: Error: Missing metadata localUri for data source mainService in /home/user/project4/webapp/manifest.json
    at UHn (/extbin/local/openvscode-server/extensions/sap-ux-annotation-modeler-extension-1.20.0/dist/server.js:1364:124060)
    at e.getProject (/extbin/local/openvscode-server/extensions/sap-ux-annotation-modeler-extension-1.20.0/dist/server.js:1364:118704)
    at async e.create (/extbin/local/openvscode-server/extensions/sap-ux-annotation-modeler-extension-1.20.0/dist/server.js:1364:117788)
Error in onManifestFileChanged: Error: Missing metadata localUri for data source mainService in /home/user/project4/webapp/manifest.json
    at UHn (/extbin/local/openvscode-server/extensions/sap-ux-annotation-modeler-extension-1.20.0/dist/server.js:1364:124060)
    at e.getProject (/extbin/local/openvscode-server/extensions/sap-ux-annotation-modeler-extension-1.20.0/dist/server.js:1364:118704)
    at async e.create (/extbin/local/openvscode-server/extensions/sap-ux-annotation-modeler-extension-1.20.0/dist/server.js:1364:117788)
Error in onManifestFileChanged: Error: Missing metadata localUri for data source mainService in /home/user/project4/webapp/manifest.json
    at UHn (/extbin/local/openvscode-server/extensions/sap-ux-annotation-modeler-extension-1.20.0/dist/server.js:1364:124060)
    at e.getProject (/extbin/local/openvscode-server/extensions/sap-ux-annotation-modeler-extension-1.20.0/dist/server.js:1364:118704)
    at async e.create (/extbin/local/openvscode-server/extensions/sap-ux-annotation-modeler-extension-1.20.0/dist/server.js:1364:117788)
Error in onManifestFileChanged: Error: Missing metadata localUri for data source mainService in /home/user/project4/webapp/manifest.json
    at UHn (/extbin/local/openvscode-server/extensions/sap-ux-annotation-modeler-extension-1.20.0/dist/server.js:1364:124060)
    at e.getProject (/extbin/local/openvscode-server/extensions/sap-ux-annotation-modeler-extension-1.20.0/dist/server.js:1364:118704)
    at async e.create (/extbin/local/openvscode-server/extensions/sap-ux-annotation-modeler-extension-1.20.0/dist/server.js:1364:117788)
Error in onManifestFileChanged: Error: Missing metadata localUri for data source mainService in /home/user/project4/webapp/manifest.json
    at UHn (/extbin/local/openvscode-server/extensions/sap-ux-annotation-modeler-extension-1.20.0/dist/server.js:1364:124060)
    at e.getProject (/extbin/local/openvscode-server/extensions/sap-ux-annotation-modeler-extension-1.20.0/dist/server.js:1364:118704)
    at async e.create (/extbin/local/openvscode-server/extensions/sap-ux-annotation-modeler-extension-1.20.0/dist/server.js:1364:117788)
Error in onManifestFileChanged: Error: Missing metadata localUri for data source mainService in /home/user/project4/webapp/manifest.json
    at UHn (/extbin/local/openvscode-server/extensions/sap-ux-annotation-modeler-extension-1.20.0/dist/server.js:1364:124060)
    at e.getProject (/extbin/local/openvscode-server/extensions/sap-ux-annotation-modeler-extension-1.20.0/dist/server.js:1364:118704)
    at async e.create (/extbin/local/openvscode-server/extensions/sap-ux-annotation-modeler-extension-1.20.0/dist/server.js:1364:117788)
Error in onManifestFileChanged: Error: Missing metadata localUri for data source mainService in /home/user/project4/webapp/manifest.json
    at UHn (/extbin/local/openvscode-server/extensions/sap-ux-annotation-modeler-extension-1.20.0/dist/server.js:1364:124060)
    at e.getProject (/extbin/local/openvscode-server/extensions/sap-ux-annotation-modeler-extension-1.20.0/dist/server.js:1364:118704)
    at async e.create (/extbin/local/openvscode-server/extensions/sap-ux-annotation-modeler-extension-1.20.0/dist/server.js:1364:117788)
Error in onManifestFileChanged: Error: Missing metadata localUri for data source mainService in /home/user/project4/webapp/manifest.json
    at UHn (/extbin/local/openvscode-server/extensions/sap-ux-annotation-modeler-extension-1.20.0/dist/server.js:1364:124060)
    at e.getProject (/extbin/local/openvscode-server/extensions/sap-ux-annotation-modeler-extension-1.20.0/dist/server.js:1364:118704)
    at async e.create (/extbin/local/openvscode-server/extensions/sap-ux-annotation-modeler-extension-1.20.0/dist/server.js:1364:117788)
Error in onManifestFileChanged: Error: Missing metadata localUri for data source mainService in /home/user/project4/webapp/manifest.json
    at UHn (/extbin/local/openvscode-server/extensions/sap-ux-annotation-modeler-extension-1.20.0/dist/server.js:1364:124060)
    at e.getProject (/extbin/local/openvscode-server/extensions/sap-ux-annotation-modeler-extension-1.20.0/dist/server.js:1364:118704)
    at async e.create (/extbin/local/openvscode-server/extensions/sap-ux-annotation-modeler-extension-1.20.0/dist/server.js:1364:117788)
Error in onManifestFileChanged: Error: Missing metadata localUri for data source mainService in /home/user/project4/webapp/manifest.json
    at UHn (/extbin/local/openvscode-server/extensions/sap-ux-annotation-modeler-extension-1.20.0/dist/server.js:1364:124060)
    at e.getProject (/extbin/local/openvscode-server/extensions/sap-ux-annotation-modeler-extension-1.20.0/dist/server.js:1364:118704)
    at async e.create (/extbin/local/openvscode-server/extensions/sap-ux-annotation-modeler-extension-1.20.0/dist/server.js:1364:117788)
Error in onManifestFileChanged: Error: Missing metadata localUri for data source mainService in /home/user/project4/webapp/manifest.json
    at UHn (/extbin/local/openvscode-server/extensions/sap-ux-annotation-modeler-extension-1.20.0/dist/server.js:1364:124060)
    at e.getProject (/extbin/local/openvscode-server/extensions/sap-ux-annotation-modeler-extension-1.20.0/dist/server.js:1364:118704)
    at async e.create (/extbin/local/openvscode-server/extensions/sap-ux-annotation-modeler-extension-1.20.0/dist/server.js:1364:117788)
Error in onManifestFileChanged: Error: Missing metadata localUri for data source mainService in /home/user/project4/webapp/manifest.json
    at UHn (/extbin/local/openvscode-server/extensions/sap-ux-annotation-modeler-extension-1.20.0/dist/server.js:1364:124060)
    at e.getProject (/extbin/local/openvscode-server/extensions/sap-ux-annotation-modeler-extension-1.20.0/dist/server.js:1364:118704)
    at async e.create (/extbin/local/openvscode-server/extensions/sap-ux-annotation-modeler-extension-1.20.0/dist/server.js:1364:117788)
