[1767710968322] INFO  (ext): SQLTools is starting
[1767710968325] INFO  (ext): initializing language client...
[1767710968398] INFO  (ext): Registering client for languages [{"scheme":"sqltools"},{"language":"sql","scheme":"untitled"},{"language":"sql","scheme":"file"},{"language":"sql","scheme":"sqltools"}]
    ns: "lc"
[1767710968404] INFO  (ext): loading plugins...
[1767710968404] INFO  (ext): registering Formatter Plugin.
    plugin: {
      "name": "Formatter Plugin"
    }
[1767710968404] INFO  (ext): registering Connection Manager Plugin.
    plugin: {
      "name": "Connection Manager Plugin"
    }
[1767710968404] INFO  (ext): registering CodeLens Plugin.
    plugin: {
      "name": "CodeLens Plugin",
      "registeredLanguages": []
    }
[1767710968405] INFO  (ext): registering Dependency Manager Plugin.
    plugin: {
      "name": "Dependency Manager Plugin",
      "installingDrivers": []
    }
[1767710968406] INFO  (ext): Connection explorer changed. Will be updated.
    ns: "conn-man:explorer"
[1767710968406] INFO  (ext): registering History Manager Plugin.
    plugin: {
      "name": "History Manager Plugin"
    }
[1767710968407] INFO  (ext): registering Bookmarks Manager Plugin.
    plugin: {
      "name": "Bookmarks Manager Plugin"
    }
[1767710968408] INFO  (ext): registering Authentication Provider Plugin.
    plugin: {
      "name": "Authentication Provider Plugin",
      "isRegistered": false
    }
[1767710968408] INFO  (ext): registering Object Drop-in Provider (plugin).
    plugin: {
      "type": "plugin",
      "name": "Object Drop-in Provider",
      "isRegistered": false
    }
[1767710968409] INFO  (ext): SQLTools activation completed. 86.245496 ms
[1767710968412] INFO  (ext): Formatter Plugin registered!
[1767710968412] INFO  (ext): CodeLens Plugin registered!
[1767710968412] INFO  (ext): Dependency Manager Plugin registered!
[1767710968412] INFO  (ext): Connection Manager Plugin registered!
[1767710968412] INFO  (ext): History Manager Plugin registered!
[1767710968412] INFO  (ext): Bookmarks Manager Plugin registered!
[1767710968412] INFO  (ext): Authentication Provider Plugin registered!
[1767710968412] INFO  (ext): Object Drop-in Provider (plugin) registered!
[1767710970544] INFO  (ext): EXECUTING COMMAND => sqltools.refreshTree
[1767710970544] INFO  (ext): Connection explorer changed. Will be updated.
    ns: "conn-man:explorer"
[1767710970544] INFO  (ext): Connection explorer changed. Will be updated.
    ns: "conn-man:explorer"
[1767710970655] INFO  (ls): SQLTools Server started!
===============================
Using node runtime?: yes
ExecPath: /opt/nodejs/node-v22.19.0-linux-x64/bin/node v22.19.0
===============================
[1767710970657] INFO  (ls): User defined env vars
===============================
{"PATH":"/usr/local/sbin:/usr/local/bin:/usr/sbin:/usr/bin:/sbin:/bin:/home/user/.node_modules_global/bin"}
===============================:
[1767710970716] INFO  (ext): LanguageClient ready
    ns: "lc"
[1767710970715] INFO  (ls): Initialized with node version:v22.19.0
[1767710971195] INFO  (ext): registering SQLite Plugin (driver).
    plugin: {
      "extensionId": "mtxr.sqltools-driver-sqlite",
      "name": "SQLite Plugin",
      "type": "driver"
    }
[1767710974632] INFO  (ext): EXECUTING COMMAND => sqltools.refreshTree
[1767710974632] INFO  (ext): Connection explorer changed. Will be updated.
    ns: "conn-man:explorer"
[1767710971199] INFO  (ls): REQUEST RECEIVED => ls/RegisterPlugin
[1767710971199] INFO  (ls): request to register plugin: "/extbin/local/openvscode-server/extensions/mtxr.sqltools-driver-sqlite-0.5.0/out/ls/plugin.js"
[1767710971224] INFO  (ls): Driver sqlite registered!
    place: "driver-map"
    ns: "ls-context"
[1767710974635] INFO  (ext): SQLite Plugin (driver) registered!
[1767710974706] INFO  (ext): Connection explorer changed. Will be updated.
    ns: "conn-man:explorer"
[1767710978581] INFO  (ext): EXECUTING COMMAND => sqltools.refreshTree
[1767710978581] INFO  (ext): Connection explorer changed. Will be updated.
    ns: "conn-man:explorer"
[1767710983346] INFO  (ext): Connection explorer changed. Will be updated.
    ns: "conn-man:explorer"
[1767710986908] INFO  (ext): Connection explorer changed. Will be updated.
    ns: "conn-man:explorer"
[1767711288497] INFO  (ext): Connection explorer changed. Will be updated.
    ns: "conn-man:explorer"
[1767711293926] INFO  (ext): Connection explorer changed. Will be updated.
    ns: "conn-man:explorer"
[1767711311043] INFO  (ext): Connection explorer changed. Will be updated.
    ns: "conn-man:explorer"
[1767711315761] INFO  (ext): Connection explorer changed. Will be updated.
    ns: "conn-man:explorer"
[1767711754319] INFO  (ext): Connection explorer changed. Will be updated.
    ns: "conn-man:explorer"
[1767711757626] INFO  (ext): Connection explorer changed. Will be updated.
    ns: "conn-man:explorer"
[1767711918797] INFO  (ext): Connection explorer changed. Will be updated.
    ns: "conn-man:explorer"
[1767711942229] INFO  (ext): Connection explorer changed. Will be updated.
    ns: "conn-man:explorer"
[1767712031963] INFO  (ext): Connection explorer changed. Will be updated.
    ns: "conn-man:explorer"
[1767712127040] INFO  (ext): Connection explorer changed. Will be updated.
    ns: "conn-man:explorer"
[1767712195562] INFO  (ext): Connection explorer changed. Will be updated.
    ns: "conn-man:explorer"
[1767712311153] INFO  (ext): Connection explorer changed. Will be updated.
    ns: "conn-man:explorer"
[1767712493994] INFO  (ext): Connection explorer changed. Will be updated.
    ns: "conn-man:explorer"
[1767712520288] INFO  (ext): Connection explorer changed. Will be updated.
    ns: "conn-man:explorer"
[1767712560866] INFO  (ext): Connection explorer changed. Will be updated.
    ns: "conn-man:explorer"
[1767712679130] INFO  (ext): Connection explorer changed. Will be updated.
    ns: "conn-man:explorer"
[1767712869866] INFO  (ext): Connection explorer changed. Will be updated.
    ns: "conn-man:explorer"
[1767712980984] INFO  (ext): Connection explorer changed. Will be updated.
    ns: "conn-man:explorer"
[1767713057456] INFO  (ext): Connection explorer changed. Will be updated.
    ns: "conn-man:explorer"
[1767713241066] INFO  (ext): Connection explorer changed. Will be updated.
    ns: "conn-man:explorer"
[1767713397391] INFO  (ext): Connection explorer changed. Will be updated.
    ns: "conn-man:explorer"
[1767713415041] INFO  (ext): Connection explorer changed. Will be updated.
    ns: "conn-man:explorer"
[1767713424731] INFO  (ext): Connection explorer changed. Will be updated.
    ns: "conn-man:explorer"
[1767713608674] INFO  (ext): Connection explorer changed. Will be updated.
    ns: "conn-man:explorer"
[1767713798529] INFO  (ext): Connection explorer changed. Will be updated.
    ns: "conn-man:explorer"
[1767713800410] INFO  (ext): Connection explorer changed. Will be updated.
    ns: "conn-man:explorer"
[1767713870637] INFO  (ext): Connection explorer changed. Will be updated.
    ns: "conn-man:explorer"
[1767713989436] INFO  (ext): Connection explorer changed. Will be updated.
    ns: "conn-man:explorer"
[1767714172259] INFO  (ext): Connection explorer changed. Will be updated.
    ns: "conn-man:explorer"
[1767714359682] INFO  (ext): Connection explorer changed. Will be updated.
    ns: "conn-man:explorer"
[1767714544542] INFO  (ext): Connection explorer changed. Will be updated.
    ns: "conn-man:explorer"
[1767714727826] INFO  (ext): Connection explorer changed. Will be updated.
    ns: "conn-man:explorer"
[1767714913063] INFO  (ext): Connection explorer changed. Will be updated.
    ns: "conn-man:explorer"
[1767715152690] INFO  (ext): Connection explorer changed. Will be updated.
    ns: "conn-man:explorer"
[1767716489895] INFO  (ext): Connection explorer changed. Will be updated.
    ns: "conn-man:explorer"
[1767716671140] INFO  (ext): Connection explorer changed. Will be updated.
    ns: "conn-man:explorer"
[1767716828180] INFO  (ext): Connection explorer changed. Will be updated.
    ns: "conn-man:explorer"
[1767716841019] INFO  (ext): Connection explorer changed. Will be updated.
    ns: "conn-man:explorer"
[1767716853963] INFO  (ext): Connection explorer changed. Will be updated.
    ns: "conn-man:explorer"
[1767717010036] INFO  (ext): Connection explorer changed. Will be updated.
    ns: "conn-man:explorer"
[1767717036653] INFO  (ext): Connection explorer changed. Will be updated.
    ns: "conn-man:explorer"
[1767717076373] INFO  (ext): Connection explorer changed. Will be updated.
    ns: "conn-man:explorer"
[1767717218846] INFO  (ext): Connection explorer changed. Will be updated.
    ns: "conn-man:explorer"
[1767717401833] INFO  (ext): Connection explorer changed. Will be updated.
    ns: "conn-man:explorer"
[1767717719473] INFO  (ext): Connection explorer changed. Will be updated.
    ns: "conn-man:explorer"
[1767717998621] INFO  (ext): Connection explorer changed. Will be updated.
    ns: "conn-man:explorer"
[1767718319424] INFO  (ext): Connection explorer changed. Will be updated.
    ns: "conn-man:explorer"
[1767718542367] INFO  (ext): Connection explorer changed. Will be updated.
    ns: "conn-man:explorer"
[1767718722950] INFO  (ext): Connection explorer changed. Will be updated.
    ns: "conn-man:explorer"
[1767718723763] INFO  (ext): Connection explorer changed. Will be updated.
    ns: "conn-man:explorer"
[1767718816076] INFO  (ext): Connection explorer changed. Will be updated.
    ns: "conn-man:explorer"
[1767718905553] INFO  (ext): Connection explorer changed. Will be updated.
    ns: "conn-man:explorer"
[1767718925045] INFO  (ext): Connection explorer changed. Will be updated.
    ns: "conn-man:explorer"
[1767719087869] INFO  (ext): Connection explorer changed. Will be updated.
    ns: "conn-man:explorer"
[1767719269226] INFO  (ext): Connection explorer changed. Will be updated.
    ns: "conn-man:explorer"
[1767719451886] INFO  (ext): Connection explorer changed. Will be updated.
    ns: "conn-man:explorer"
[1767719634188] INFO  (ext): Connection explorer changed. Will be updated.
    ns: "conn-man:explorer"
[1767719939442] INFO  (ext): Connection explorer changed. Will be updated.
    ns: "conn-man:explorer"
[1767720066087] INFO  (ext): Connection explorer changed. Will be updated.
    ns: "conn-man:explorer"
[1767720247460] INFO  (ext): Connection explorer changed. Will be updated.
    ns: "conn-man:explorer"
[1767720373364] INFO  (ext): Connection explorer changed. Will be updated.
    ns: "conn-man:explorer"
[1767720430443] INFO  (ext): Connection explorer changed. Will be updated.
    ns: "conn-man:explorer"
[1767720779435] INFO  (ext): Connection explorer changed. Will be updated.
    ns: "conn-man:explorer"
[1767720934437] INFO  (ext): Connection explorer changed. Will be updated.
    ns: "conn-man:explorer"
[1767721131959] INFO  (ext): Connection explorer changed. Will be updated.
    ns: "conn-man:explorer"
[1767721312765] INFO  (ext): Connection explorer changed. Will be updated.
    ns: "conn-man:explorer"
[1767721426123] INFO  (ext): Connection explorer changed. Will be updated.
    ns: "conn-man:explorer"
[1767721495442] INFO  (ext): Connection explorer changed. Will be updated.
    ns: "conn-man:explorer"
[1767723429516] INFO  (ext): Connection explorer changed. Will be updated.
    ns: "conn-man:explorer"
